[2024-12-30T11:23:46.661+0000] {processor.py:186} INFO - Started process (PID=80) to work on /home/airflow/.local/lib/python3.12/site-packages/airflow/example_dags/example_short_circuit_decorator.py
[2024-12-30T11:23:46.663+0000] {processor.py:914} INFO - Processing file /home/airflow/.local/lib/python3.12/site-packages/airflow/example_dags/example_short_circuit_decorator.py for tasks to queue
[2024-12-30T11:23:46.664+0000] {logging_mixin.py:190} INFO - [2024-12-30T11:23:46.664+0000] {dagbag.py:588} INFO - Filling up the DagBag from /home/airflow/.local/lib/python3.12/site-packages/airflow/example_dags/example_short_circuit_decorator.py
[2024-12-30T11:23:46.671+0000] {processor.py:925} INFO - DAG(s) 'example_short_circuit_decorator' retrieved from /home/airflow/.local/lib/python3.12/site-packages/airflow/example_dags/example_short_circuit_decorator.py
[2024-12-30T11:23:46.721+0000] {logging_mixin.py:190} INFO - [2024-12-30T11:23:46.721+0000] {override.py:1911} INFO - Created Permission View: can delete on DAG:example_short_circuit_decorator
[2024-12-30T11:23:46.727+0000] {logging_mixin.py:190} INFO - [2024-12-30T11:23:46.727+0000] {override.py:1911} INFO - Created Permission View: can edit on DAG:example_short_circuit_decorator
[2024-12-30T11:23:46.729+0000] {logging_mixin.py:190} INFO - [2024-12-30T11:23:46.729+0000] {override.py:1911} INFO - Created Permission View: can read on DAG:example_short_circuit_decorator
[2024-12-30T11:23:46.731+0000] {logging_mixin.py:190} INFO - [2024-12-30T11:23:46.731+0000] {override.py:1911} INFO - Created Permission View: menu access on DAG Run:example_short_circuit_decorator
[2024-12-30T11:23:46.733+0000] {logging_mixin.py:190} INFO - [2024-12-30T11:23:46.733+0000] {override.py:1911} INFO - Created Permission View: can delete on DAG Run:example_short_circuit_decorator
[2024-12-30T11:23:46.735+0000] {logging_mixin.py:190} INFO - [2024-12-30T11:23:46.735+0000] {override.py:1911} INFO - Created Permission View: can create on DAG Run:example_short_circuit_decorator
[2024-12-30T11:23:46.738+0000] {logging_mixin.py:190} INFO - [2024-12-30T11:23:46.738+0000] {override.py:1911} INFO - Created Permission View: can read on DAG Run:example_short_circuit_decorator
[2024-12-30T11:23:46.738+0000] {logging_mixin.py:190} INFO - [2024-12-30T11:23:46.738+0000] {dag.py:3239} INFO - Sync 1 DAGs
[2024-12-30T11:23:46.744+0000] {logging_mixin.py:190} INFO - [2024-12-30T11:23:46.744+0000] {dag.py:3262} INFO - Creating ORM DAG for example_short_circuit_decorator
[2024-12-30T11:23:46.745+0000] {logging_mixin.py:190} INFO - [2024-12-30T11:23:46.745+0000] {dag.py:4180} INFO - Setting next_dagrun for example_short_circuit_decorator to None, run_after=None
[2024-12-30T11:23:46.753+0000] {processor.py:208} INFO - Processing /home/airflow/.local/lib/python3.12/site-packages/airflow/example_dags/example_short_circuit_decorator.py took 0.095 seconds
[2024-12-30T11:24:17.940+0000] {processor.py:186} INFO - Started process (PID=144) to work on /home/airflow/.local/lib/python3.12/site-packages/airflow/example_dags/example_short_circuit_decorator.py
[2024-12-30T11:24:17.941+0000] {processor.py:914} INFO - Processing file /home/airflow/.local/lib/python3.12/site-packages/airflow/example_dags/example_short_circuit_decorator.py for tasks to queue
[2024-12-30T11:24:17.943+0000] {logging_mixin.py:190} INFO - [2024-12-30T11:24:17.942+0000] {dagbag.py:588} INFO - Filling up the DagBag from /home/airflow/.local/lib/python3.12/site-packages/airflow/example_dags/example_short_circuit_decorator.py
[2024-12-30T11:24:17.949+0000] {processor.py:925} INFO - DAG(s) 'example_short_circuit_decorator' retrieved from /home/airflow/.local/lib/python3.12/site-packages/airflow/example_dags/example_short_circuit_decorator.py
[2024-12-30T11:24:17.962+0000] {logging_mixin.py:190} INFO - [2024-12-30T11:24:17.962+0000] {dag.py:3239} INFO - Sync 1 DAGs
[2024-12-30T11:24:17.974+0000] {logging_mixin.py:190} INFO - [2024-12-30T11:24:17.974+0000] {dag.py:4180} INFO - Setting next_dagrun for example_short_circuit_decorator to None, run_after=None
[2024-12-30T11:24:17.990+0000] {processor.py:208} INFO - Processing /home/airflow/.local/lib/python3.12/site-packages/airflow/example_dags/example_short_circuit_decorator.py took 0.052 seconds
