[2024-12-30T11:23:45.100+0000] {processor.py:186} INFO - Started process (PID=64) to work on /home/airflow/.local/lib/python3.12/site-packages/airflow/example_dags/example_dag_decorator.py
[2024-12-30T11:23:45.100+0000] {processor.py:914} INFO - Processing file /home/airflow/.local/lib/python3.12/site-packages/airflow/example_dags/example_dag_decorator.py for tasks to queue
[2024-12-30T11:23:45.102+0000] {logging_mixin.py:190} INFO - [2024-12-30T11:23:45.102+0000] {dagbag.py:588} INFO - Filling up the DagBag from /home/airflow/.local/lib/python3.12/site-packages/airflow/example_dags/example_dag_decorator.py
[2024-12-30T11:23:45.110+0000] {processor.py:925} INFO - DAG(s) 'example_dag_decorator' retrieved from /home/airflow/.local/lib/python3.12/site-packages/airflow/example_dags/example_dag_decorator.py
[2024-12-30T11:23:45.164+0000] {logging_mixin.py:190} INFO - [2024-12-30T11:23:45.163+0000] {override.py:1911} INFO - Created Permission View: can delete on DAG:example_dag_decorator
[2024-12-30T11:23:45.173+0000] {logging_mixin.py:190} INFO - [2024-12-30T11:23:45.173+0000] {override.py:1911} INFO - Created Permission View: can edit on DAG:example_dag_decorator
[2024-12-30T11:23:45.176+0000] {logging_mixin.py:190} INFO - [2024-12-30T11:23:45.176+0000] {override.py:1911} INFO - Created Permission View: can read on DAG:example_dag_decorator
[2024-12-30T11:23:45.182+0000] {logging_mixin.py:190} INFO - [2024-12-30T11:23:45.182+0000] {override.py:1911} INFO - Created Permission View: menu access on DAG Run:example_dag_decorator
[2024-12-30T11:23:45.186+0000] {logging_mixin.py:190} INFO - [2024-12-30T11:23:45.186+0000] {override.py:1911} INFO - Created Permission View: can delete on DAG Run:example_dag_decorator
[2024-12-30T11:23:45.192+0000] {logging_mixin.py:190} INFO - [2024-12-30T11:23:45.192+0000] {override.py:1911} INFO - Created Permission View: can create on DAG Run:example_dag_decorator
[2024-12-30T11:23:45.196+0000] {logging_mixin.py:190} INFO - [2024-12-30T11:23:45.196+0000] {override.py:1911} INFO - Created Permission View: can read on DAG Run:example_dag_decorator
[2024-12-30T11:23:45.197+0000] {logging_mixin.py:190} INFO - [2024-12-30T11:23:45.197+0000] {dag.py:3239} INFO - Sync 1 DAGs
[2024-12-30T11:23:45.205+0000] {logging_mixin.py:190} INFO - [2024-12-30T11:23:45.205+0000] {dag.py:3262} INFO - Creating ORM DAG for example_dag_decorator
[2024-12-30T11:23:45.205+0000] {logging_mixin.py:190} INFO - [2024-12-30T11:23:45.205+0000] {dag.py:4180} INFO - Setting next_dagrun for example_dag_decorator to None, run_after=None
[2024-12-30T11:23:45.212+0000] {processor.py:208} INFO - Processing /home/airflow/.local/lib/python3.12/site-packages/airflow/example_dags/example_dag_decorator.py took 0.115 seconds
[2024-12-30T11:24:16.681+0000] {processor.py:186} INFO - Started process (PID=128) to work on /home/airflow/.local/lib/python3.12/site-packages/airflow/example_dags/example_dag_decorator.py
[2024-12-30T11:24:16.682+0000] {processor.py:914} INFO - Processing file /home/airflow/.local/lib/python3.12/site-packages/airflow/example_dags/example_dag_decorator.py for tasks to queue
[2024-12-30T11:24:16.683+0000] {logging_mixin.py:190} INFO - [2024-12-30T11:24:16.683+0000] {dagbag.py:588} INFO - Filling up the DagBag from /home/airflow/.local/lib/python3.12/site-packages/airflow/example_dags/example_dag_decorator.py
[2024-12-30T11:24:16.698+0000] {processor.py:925} INFO - DAG(s) 'example_dag_decorator' retrieved from /home/airflow/.local/lib/python3.12/site-packages/airflow/example_dags/example_dag_decorator.py
[2024-12-30T11:24:17.010+0000] {logging_mixin.py:190} INFO - [2024-12-30T11:24:17.010+0000] {dag.py:3239} INFO - Sync 1 DAGs
[2024-12-30T11:24:17.031+0000] {logging_mixin.py:190} INFO - [2024-12-30T11:24:17.031+0000] {dag.py:4180} INFO - Setting next_dagrun for example_dag_decorator to None, run_after=None
[2024-12-30T11:24:17.052+0000] {processor.py:208} INFO - Processing /home/airflow/.local/lib/python3.12/site-packages/airflow/example_dags/example_dag_decorator.py took 0.374 seconds
