[2024-12-30T11:23:45.227+0000] {processor.py:186} INFO - Started process (PID=66) to work on /home/airflow/.local/lib/python3.12/site-packages/airflow/example_dags/example_dynamic_task_mapping.py
[2024-12-30T11:23:45.228+0000] {processor.py:914} INFO - Processing file /home/airflow/.local/lib/python3.12/site-packages/airflow/example_dags/example_dynamic_task_mapping.py for tasks to queue
[2024-12-30T11:23:45.231+0000] {logging_mixin.py:190} INFO - [2024-12-30T11:23:45.230+0000] {dagbag.py:588} INFO - Filling up the DagBag from /home/airflow/.local/lib/python3.12/site-packages/airflow/example_dags/example_dynamic_task_mapping.py
[2024-12-30T11:23:45.235+0000] {processor.py:925} INFO - DAG(s) 'example_dynamic_task_mapping' retrieved from /home/airflow/.local/lib/python3.12/site-packages/airflow/example_dags/example_dynamic_task_mapping.py
[2024-12-30T11:23:45.288+0000] {logging_mixin.py:190} INFO - [2024-12-30T11:23:45.288+0000] {override.py:1911} INFO - Created Permission View: can delete on DAG:example_dynamic_task_mapping
[2024-12-30T11:23:45.292+0000] {logging_mixin.py:190} INFO - [2024-12-30T11:23:45.292+0000] {override.py:1911} INFO - Created Permission View: can edit on DAG:example_dynamic_task_mapping
[2024-12-30T11:23:45.295+0000] {logging_mixin.py:190} INFO - [2024-12-30T11:23:45.295+0000] {override.py:1911} INFO - Created Permission View: can read on DAG:example_dynamic_task_mapping
[2024-12-30T11:23:45.298+0000] {logging_mixin.py:190} INFO - [2024-12-30T11:23:45.298+0000] {override.py:1911} INFO - Created Permission View: menu access on DAG Run:example_dynamic_task_mapping
[2024-12-30T11:23:45.304+0000] {logging_mixin.py:190} INFO - [2024-12-30T11:23:45.304+0000] {override.py:1911} INFO - Created Permission View: can delete on DAG Run:example_dynamic_task_mapping
[2024-12-30T11:23:45.308+0000] {logging_mixin.py:190} INFO - [2024-12-30T11:23:45.308+0000] {override.py:1911} INFO - Created Permission View: can create on DAG Run:example_dynamic_task_mapping
[2024-12-30T11:23:45.316+0000] {logging_mixin.py:190} INFO - [2024-12-30T11:23:45.315+0000] {override.py:1911} INFO - Created Permission View: can read on DAG Run:example_dynamic_task_mapping
[2024-12-30T11:23:45.316+0000] {logging_mixin.py:190} INFO - [2024-12-30T11:23:45.316+0000] {dag.py:3239} INFO - Sync 1 DAGs
[2024-12-30T11:23:45.321+0000] {logging_mixin.py:190} INFO - [2024-12-30T11:23:45.321+0000] {dag.py:3262} INFO - Creating ORM DAG for example_dynamic_task_mapping
[2024-12-30T11:23:45.322+0000] {logging_mixin.py:190} INFO - [2024-12-30T11:23:45.322+0000] {dag.py:4180} INFO - Setting next_dagrun for example_dynamic_task_mapping to None, run_after=None
[2024-12-30T11:23:45.328+0000] {processor.py:208} INFO - Processing /home/airflow/.local/lib/python3.12/site-packages/airflow/example_dags/example_dynamic_task_mapping.py took 0.104 seconds
[2024-12-30T11:24:16.988+0000] {processor.py:186} INFO - Started process (PID=130) to work on /home/airflow/.local/lib/python3.12/site-packages/airflow/example_dags/example_dynamic_task_mapping.py
[2024-12-30T11:24:16.989+0000] {processor.py:914} INFO - Processing file /home/airflow/.local/lib/python3.12/site-packages/airflow/example_dags/example_dynamic_task_mapping.py for tasks to queue
[2024-12-30T11:24:16.992+0000] {logging_mixin.py:190} INFO - [2024-12-30T11:24:16.992+0000] {dagbag.py:588} INFO - Filling up the DagBag from /home/airflow/.local/lib/python3.12/site-packages/airflow/example_dags/example_dynamic_task_mapping.py
[2024-12-30T11:24:17.007+0000] {processor.py:925} INFO - DAG(s) 'example_dynamic_task_mapping' retrieved from /home/airflow/.local/lib/python3.12/site-packages/airflow/example_dags/example_dynamic_task_mapping.py
[2024-12-30T11:24:17.034+0000] {logging_mixin.py:190} INFO - [2024-12-30T11:24:17.033+0000] {dag.py:3239} INFO - Sync 1 DAGs
[2024-12-30T11:24:17.052+0000] {logging_mixin.py:190} INFO - [2024-12-30T11:24:17.052+0000] {dag.py:4180} INFO - Setting next_dagrun for example_dynamic_task_mapping to None, run_after=None
[2024-12-30T11:24:17.073+0000] {processor.py:208} INFO - Processing /home/airflow/.local/lib/python3.12/site-packages/airflow/example_dags/example_dynamic_task_mapping.py took 0.094 seconds
