[2024-12-30T11:23:48.785+0000] {processor.py:186} INFO - Started process (PID=101) to work on /home/airflow/.local/lib/python3.12/site-packages/airflow/example_dags/example_xcom.py
[2024-12-30T11:23:48.786+0000] {processor.py:914} INFO - Processing file /home/airflow/.local/lib/python3.12/site-packages/airflow/example_dags/example_xcom.py for tasks to queue
[2024-12-30T11:23:48.788+0000] {logging_mixin.py:190} INFO - [2024-12-30T11:23:48.787+0000] {dagbag.py:588} INFO - Filling up the DagBag from /home/airflow/.local/lib/python3.12/site-packages/airflow/example_dags/example_xcom.py
[2024-12-30T11:23:48.797+0000] {processor.py:925} INFO - DAG(s) 'example_xcom' retrieved from /home/airflow/.local/lib/python3.12/site-packages/airflow/example_dags/example_xcom.py
[2024-12-30T11:23:48.856+0000] {logging_mixin.py:190} INFO - [2024-12-30T11:23:48.856+0000] {override.py:1911} INFO - Created Permission View: can delete on DAG:example_xcom
[2024-12-30T11:23:48.861+0000] {logging_mixin.py:190} INFO - [2024-12-30T11:23:48.861+0000] {override.py:1911} INFO - Created Permission View: can edit on DAG:example_xcom
[2024-12-30T11:23:48.863+0000] {logging_mixin.py:190} INFO - [2024-12-30T11:23:48.863+0000] {override.py:1911} INFO - Created Permission View: can read on DAG:example_xcom
[2024-12-30T11:23:48.867+0000] {logging_mixin.py:190} INFO - [2024-12-30T11:23:48.866+0000] {override.py:1911} INFO - Created Permission View: menu access on DAG Run:example_xcom
[2024-12-30T11:23:48.871+0000] {logging_mixin.py:190} INFO - [2024-12-30T11:23:48.871+0000] {override.py:1911} INFO - Created Permission View: can delete on DAG Run:example_xcom
[2024-12-30T11:23:48.873+0000] {logging_mixin.py:190} INFO - [2024-12-30T11:23:48.873+0000] {override.py:1911} INFO - Created Permission View: can create on DAG Run:example_xcom
[2024-12-30T11:23:48.876+0000] {logging_mixin.py:190} INFO - [2024-12-30T11:23:48.876+0000] {override.py:1911} INFO - Created Permission View: can read on DAG Run:example_xcom
[2024-12-30T11:23:48.876+0000] {logging_mixin.py:190} INFO - [2024-12-30T11:23:48.876+0000] {dag.py:3239} INFO - Sync 1 DAGs
[2024-12-30T11:23:48.882+0000] {logging_mixin.py:190} INFO - [2024-12-30T11:23:48.882+0000] {dag.py:3262} INFO - Creating ORM DAG for example_xcom
[2024-12-30T11:23:48.887+0000] {logging_mixin.py:190} INFO - [2024-12-30T11:23:48.887+0000] {dag.py:4180} INFO - Setting next_dagrun for example_xcom to 2021-01-01 00:00:00+00:00, run_after=2021-01-01 00:00:00+00:00
[2024-12-30T11:23:48.901+0000] {processor.py:208} INFO - Processing /home/airflow/.local/lib/python3.12/site-packages/airflow/example_dags/example_xcom.py took 0.120 seconds
[2024-12-30T11:24:18.997+0000] {processor.py:186} INFO - Started process (PID=165) to work on /home/airflow/.local/lib/python3.12/site-packages/airflow/example_dags/example_xcom.py
[2024-12-30T11:24:18.998+0000] {processor.py:914} INFO - Processing file /home/airflow/.local/lib/python3.12/site-packages/airflow/example_dags/example_xcom.py for tasks to queue
[2024-12-30T11:24:19.000+0000] {logging_mixin.py:190} INFO - [2024-12-30T11:24:19.000+0000] {dagbag.py:588} INFO - Filling up the DagBag from /home/airflow/.local/lib/python3.12/site-packages/airflow/example_dags/example_xcom.py
[2024-12-30T11:24:19.010+0000] {processor.py:925} INFO - DAG(s) 'example_xcom' retrieved from /home/airflow/.local/lib/python3.12/site-packages/airflow/example_dags/example_xcom.py
[2024-12-30T11:24:19.034+0000] {logging_mixin.py:190} INFO - [2024-12-30T11:24:19.033+0000] {dag.py:3239} INFO - Sync 1 DAGs
[2024-12-30T11:24:19.055+0000] {logging_mixin.py:190} INFO - [2024-12-30T11:24:19.054+0000] {dag.py:4180} INFO - Setting next_dagrun for example_xcom to 2021-01-01 00:00:00+00:00, run_after=2021-01-01 00:00:00+00:00
[2024-12-30T11:24:19.069+0000] {processor.py:208} INFO - Processing /home/airflow/.local/lib/python3.12/site-packages/airflow/example_dags/example_xcom.py took 0.077 seconds
