[2024-12-30T11:23:48.175+0000] {processor.py:186} INFO - Started process (PID=93) to work on /home/airflow/.local/lib/python3.12/site-packages/airflow/example_dags/example_short_circuit_operator.py
[2024-12-30T11:23:48.175+0000] {processor.py:914} INFO - Processing file /home/airflow/.local/lib/python3.12/site-packages/airflow/example_dags/example_short_circuit_operator.py for tasks to queue
[2024-12-30T11:23:48.177+0000] {logging_mixin.py:190} INFO - [2024-12-30T11:23:48.177+0000] {dagbag.py:588} INFO - Filling up the DagBag from /home/airflow/.local/lib/python3.12/site-packages/airflow/example_dags/example_short_circuit_operator.py
[2024-12-30T11:23:48.183+0000] {processor.py:925} INFO - DAG(s) 'example_short_circuit_operator' retrieved from /home/airflow/.local/lib/python3.12/site-packages/airflow/example_dags/example_short_circuit_operator.py
[2024-12-30T11:23:48.260+0000] {logging_mixin.py:190} INFO - [2024-12-30T11:23:48.259+0000] {override.py:1911} INFO - Created Permission View: can delete on DAG:example_short_circuit_operator
[2024-12-30T11:23:48.266+0000] {logging_mixin.py:190} INFO - [2024-12-30T11:23:48.266+0000] {override.py:1911} INFO - Created Permission View: can edit on DAG:example_short_circuit_operator
[2024-12-30T11:23:48.268+0000] {logging_mixin.py:190} INFO - [2024-12-30T11:23:48.268+0000] {override.py:1911} INFO - Created Permission View: can read on DAG:example_short_circuit_operator
[2024-12-30T11:23:48.271+0000] {logging_mixin.py:190} INFO - [2024-12-30T11:23:48.271+0000] {override.py:1911} INFO - Created Permission View: menu access on DAG Run:example_short_circuit_operator
[2024-12-30T11:23:48.274+0000] {logging_mixin.py:190} INFO - [2024-12-30T11:23:48.274+0000] {override.py:1911} INFO - Created Permission View: can delete on DAG Run:example_short_circuit_operator
[2024-12-30T11:23:48.280+0000] {logging_mixin.py:190} INFO - [2024-12-30T11:23:48.280+0000] {override.py:1911} INFO - Created Permission View: can create on DAG Run:example_short_circuit_operator
[2024-12-30T11:23:48.287+0000] {logging_mixin.py:190} INFO - [2024-12-30T11:23:48.287+0000] {override.py:1911} INFO - Created Permission View: can read on DAG Run:example_short_circuit_operator
[2024-12-30T11:23:48.288+0000] {logging_mixin.py:190} INFO - [2024-12-30T11:23:48.287+0000] {dag.py:3239} INFO - Sync 1 DAGs
[2024-12-30T11:23:48.298+0000] {logging_mixin.py:190} INFO - [2024-12-30T11:23:48.298+0000] {dag.py:3262} INFO - Creating ORM DAG for example_short_circuit_operator
[2024-12-30T11:23:48.299+0000] {logging_mixin.py:190} INFO - [2024-12-30T11:23:48.299+0000] {dag.py:4180} INFO - Setting next_dagrun for example_short_circuit_operator to None, run_after=None
[2024-12-30T11:23:48.307+0000] {processor.py:208} INFO - Processing /home/airflow/.local/lib/python3.12/site-packages/airflow/example_dags/example_short_circuit_operator.py took 0.135 seconds
[2024-12-30T11:24:18.674+0000] {processor.py:186} INFO - Started process (PID=157) to work on /home/airflow/.local/lib/python3.12/site-packages/airflow/example_dags/example_short_circuit_operator.py
[2024-12-30T11:24:18.675+0000] {processor.py:914} INFO - Processing file /home/airflow/.local/lib/python3.12/site-packages/airflow/example_dags/example_short_circuit_operator.py for tasks to queue
[2024-12-30T11:24:18.676+0000] {logging_mixin.py:190} INFO - [2024-12-30T11:24:18.676+0000] {dagbag.py:588} INFO - Filling up the DagBag from /home/airflow/.local/lib/python3.12/site-packages/airflow/example_dags/example_short_circuit_operator.py
[2024-12-30T11:24:18.682+0000] {processor.py:925} INFO - DAG(s) 'example_short_circuit_operator' retrieved from /home/airflow/.local/lib/python3.12/site-packages/airflow/example_dags/example_short_circuit_operator.py
[2024-12-30T11:24:18.695+0000] {logging_mixin.py:190} INFO - [2024-12-30T11:24:18.695+0000] {dag.py:3239} INFO - Sync 1 DAGs
[2024-12-30T11:24:18.705+0000] {logging_mixin.py:190} INFO - [2024-12-30T11:24:18.705+0000] {dag.py:4180} INFO - Setting next_dagrun for example_short_circuit_operator to None, run_after=None
[2024-12-30T11:24:18.714+0000] {processor.py:208} INFO - Processing /home/airflow/.local/lib/python3.12/site-packages/airflow/example_dags/example_short_circuit_operator.py took 0.043 seconds
