[2024-12-30T11:23:44.858+0000] {processor.py:186} INFO - Started process (PID=60) to work on /home/airflow/.local/lib/python3.12/site-packages/airflow/example_dags/example_branch_day_of_week_operator.py
[2024-12-30T11:23:44.859+0000] {processor.py:914} INFO - Processing file /home/airflow/.local/lib/python3.12/site-packages/airflow/example_dags/example_branch_day_of_week_operator.py for tasks to queue
[2024-12-30T11:23:44.860+0000] {logging_mixin.py:190} INFO - [2024-12-30T11:23:44.860+0000] {dagbag.py:588} INFO - Filling up the DagBag from /home/airflow/.local/lib/python3.12/site-packages/airflow/example_dags/example_branch_day_of_week_operator.py
[2024-12-30T11:23:44.866+0000] {processor.py:925} INFO - DAG(s) 'example_weekday_branch_operator' retrieved from /home/airflow/.local/lib/python3.12/site-packages/airflow/example_dags/example_branch_day_of_week_operator.py
[2024-12-30T11:23:44.924+0000] {logging_mixin.py:190} INFO - [2024-12-30T11:23:44.924+0000] {override.py:1911} INFO - Created Permission View: can delete on DAG:example_weekday_branch_operator
[2024-12-30T11:23:44.928+0000] {logging_mixin.py:190} INFO - [2024-12-30T11:23:44.928+0000] {override.py:1911} INFO - Created Permission View: can edit on DAG:example_weekday_branch_operator
[2024-12-30T11:23:44.931+0000] {logging_mixin.py:190} INFO - [2024-12-30T11:23:44.930+0000] {override.py:1911} INFO - Created Permission View: can read on DAG:example_weekday_branch_operator
[2024-12-30T11:23:44.933+0000] {logging_mixin.py:190} INFO - [2024-12-30T11:23:44.933+0000] {override.py:1911} INFO - Created Permission View: menu access on DAG Run:example_weekday_branch_operator
[2024-12-30T11:23:44.936+0000] {logging_mixin.py:190} INFO - [2024-12-30T11:23:44.936+0000] {override.py:1911} INFO - Created Permission View: can delete on DAG Run:example_weekday_branch_operator
[2024-12-30T11:23:44.939+0000] {logging_mixin.py:190} INFO - [2024-12-30T11:23:44.939+0000] {override.py:1911} INFO - Created Permission View: can create on DAG Run:example_weekday_branch_operator
[2024-12-30T11:23:44.946+0000] {logging_mixin.py:190} INFO - [2024-12-30T11:23:44.946+0000] {override.py:1911} INFO - Created Permission View: can read on DAG Run:example_weekday_branch_operator
[2024-12-30T11:23:44.946+0000] {logging_mixin.py:190} INFO - [2024-12-30T11:23:44.946+0000] {dag.py:3239} INFO - Sync 1 DAGs
[2024-12-30T11:23:44.954+0000] {logging_mixin.py:190} INFO - [2024-12-30T11:23:44.954+0000] {dag.py:3262} INFO - Creating ORM DAG for example_weekday_branch_operator
[2024-12-30T11:23:44.960+0000] {logging_mixin.py:190} INFO - [2024-12-30T11:23:44.960+0000] {dag.py:4180} INFO - Setting next_dagrun for example_weekday_branch_operator to 2024-12-29 00:00:00+00:00, run_after=2024-12-30 00:00:00+00:00
[2024-12-30T11:23:44.972+0000] {processor.py:208} INFO - Processing /home/airflow/.local/lib/python3.12/site-packages/airflow/example_dags/example_branch_day_of_week_operator.py took 0.117 seconds
[2024-12-30T11:24:16.522+0000] {processor.py:186} INFO - Started process (PID=124) to work on /home/airflow/.local/lib/python3.12/site-packages/airflow/example_dags/example_branch_day_of_week_operator.py
[2024-12-30T11:24:16.524+0000] {processor.py:914} INFO - Processing file /home/airflow/.local/lib/python3.12/site-packages/airflow/example_dags/example_branch_day_of_week_operator.py for tasks to queue
[2024-12-30T11:24:16.526+0000] {logging_mixin.py:190} INFO - [2024-12-30T11:24:16.526+0000] {dagbag.py:588} INFO - Filling up the DagBag from /home/airflow/.local/lib/python3.12/site-packages/airflow/example_dags/example_branch_day_of_week_operator.py
[2024-12-30T11:24:16.536+0000] {processor.py:925} INFO - DAG(s) 'example_weekday_branch_operator' retrieved from /home/airflow/.local/lib/python3.12/site-packages/airflow/example_dags/example_branch_day_of_week_operator.py
[2024-12-30T11:24:16.552+0000] {logging_mixin.py:190} INFO - [2024-12-30T11:24:16.552+0000] {dag.py:3239} INFO - Sync 1 DAGs
[2024-12-30T11:24:16.564+0000] {logging_mixin.py:190} INFO - [2024-12-30T11:24:16.564+0000] {dag.py:4180} INFO - Setting next_dagrun for example_weekday_branch_operator to 2024-12-29 00:00:00+00:00, run_after=2024-12-30 00:00:00+00:00
[2024-12-30T11:24:16.572+0000] {processor.py:208} INFO - Processing /home/airflow/.local/lib/python3.12/site-packages/airflow/example_dags/example_branch_day_of_week_operator.py took 0.055 seconds
