[2024-12-30T11:23:47.280+0000] {processor.py:186} INFO - Started process (PID=86) to work on /home/airflow/.local/lib/python3.12/site-packages/airflow/example_dags/example_params_ui_tutorial.py
[2024-12-30T11:23:47.281+0000] {processor.py:914} INFO - Processing file /home/airflow/.local/lib/python3.12/site-packages/airflow/example_dags/example_params_ui_tutorial.py for tasks to queue
[2024-12-30T11:23:47.282+0000] {logging_mixin.py:190} INFO - [2024-12-30T11:23:47.282+0000] {dagbag.py:588} INFO - Filling up the DagBag from /home/airflow/.local/lib/python3.12/site-packages/airflow/example_dags/example_params_ui_tutorial.py
[2024-12-30T11:23:47.287+0000] {processor.py:925} INFO - DAG(s) 'example_params_ui_tutorial' retrieved from /home/airflow/.local/lib/python3.12/site-packages/airflow/example_dags/example_params_ui_tutorial.py
[2024-12-30T11:23:47.356+0000] {logging_mixin.py:190} INFO - [2024-12-30T11:23:47.356+0000] {override.py:1911} INFO - Created Permission View: can delete on DAG:example_params_ui_tutorial
[2024-12-30T11:23:47.360+0000] {logging_mixin.py:190} INFO - [2024-12-30T11:23:47.360+0000] {override.py:1911} INFO - Created Permission View: can edit on DAG:example_params_ui_tutorial
[2024-12-30T11:23:47.363+0000] {logging_mixin.py:190} INFO - [2024-12-30T11:23:47.363+0000] {override.py:1911} INFO - Created Permission View: can read on DAG:example_params_ui_tutorial
[2024-12-30T11:23:47.366+0000] {logging_mixin.py:190} INFO - [2024-12-30T11:23:47.366+0000] {override.py:1911} INFO - Created Permission View: menu access on DAG Run:example_params_ui_tutorial
[2024-12-30T11:23:47.369+0000] {logging_mixin.py:190} INFO - [2024-12-30T11:23:47.369+0000] {override.py:1911} INFO - Created Permission View: can delete on DAG Run:example_params_ui_tutorial
[2024-12-30T11:23:47.371+0000] {logging_mixin.py:190} INFO - [2024-12-30T11:23:47.371+0000] {override.py:1911} INFO - Created Permission View: can create on DAG Run:example_params_ui_tutorial
[2024-12-30T11:23:47.377+0000] {logging_mixin.py:190} INFO - [2024-12-30T11:23:47.377+0000] {override.py:1911} INFO - Created Permission View: can read on DAG Run:example_params_ui_tutorial
[2024-12-30T11:23:47.378+0000] {logging_mixin.py:190} INFO - [2024-12-30T11:23:47.377+0000] {dag.py:3239} INFO - Sync 1 DAGs
[2024-12-30T11:23:47.389+0000] {logging_mixin.py:190} INFO - [2024-12-30T11:23:47.389+0000] {dag.py:3262} INFO - Creating ORM DAG for example_params_ui_tutorial
[2024-12-30T11:23:47.390+0000] {logging_mixin.py:190} INFO - [2024-12-30T11:23:47.390+0000] {dag.py:4180} INFO - Setting next_dagrun for example_params_ui_tutorial to None, run_after=None
[2024-12-30T11:23:47.407+0000] {processor.py:208} INFO - Processing /home/airflow/.local/lib/python3.12/site-packages/airflow/example_dags/example_params_ui_tutorial.py took 0.130 seconds
[2024-12-30T11:24:18.232+0000] {processor.py:186} INFO - Started process (PID=150) to work on /home/airflow/.local/lib/python3.12/site-packages/airflow/example_dags/example_params_ui_tutorial.py
[2024-12-30T11:24:18.232+0000] {processor.py:914} INFO - Processing file /home/airflow/.local/lib/python3.12/site-packages/airflow/example_dags/example_params_ui_tutorial.py for tasks to queue
[2024-12-30T11:24:18.234+0000] {logging_mixin.py:190} INFO - [2024-12-30T11:24:18.233+0000] {dagbag.py:588} INFO - Filling up the DagBag from /home/airflow/.local/lib/python3.12/site-packages/airflow/example_dags/example_params_ui_tutorial.py
[2024-12-30T11:24:18.238+0000] {processor.py:925} INFO - DAG(s) 'example_params_ui_tutorial' retrieved from /home/airflow/.local/lib/python3.12/site-packages/airflow/example_dags/example_params_ui_tutorial.py
[2024-12-30T11:24:18.257+0000] {logging_mixin.py:190} INFO - [2024-12-30T11:24:18.257+0000] {dag.py:3239} INFO - Sync 1 DAGs
[2024-12-30T11:24:18.266+0000] {logging_mixin.py:190} INFO - [2024-12-30T11:24:18.266+0000] {dag.py:4180} INFO - Setting next_dagrun for example_params_ui_tutorial to None, run_after=None
[2024-12-30T11:24:18.276+0000] {processor.py:208} INFO - Processing /home/airflow/.local/lib/python3.12/site-packages/airflow/example_dags/example_params_ui_tutorial.py took 0.047 seconds
