[2024-12-30T11:23:46.767+0000] {processor.py:186} INFO - Started process (PID=82) to work on /home/airflow/.local/lib/python3.12/site-packages/airflow/example_dags/example_branch_operator.py
[2024-12-30T11:23:46.767+0000] {processor.py:914} INFO - Processing file /home/airflow/.local/lib/python3.12/site-packages/airflow/example_dags/example_branch_operator.py for tasks to queue
[2024-12-30T11:23:46.769+0000] {logging_mixin.py:190} INFO - [2024-12-30T11:23:46.769+0000] {dagbag.py:588} INFO - Filling up the DagBag from /home/airflow/.local/lib/python3.12/site-packages/airflow/example_dags/example_branch_operator.py
[2024-12-30T11:23:46.782+0000] {processor.py:925} INFO - DAG(s) 'example_branch_operator' retrieved from /home/airflow/.local/lib/python3.12/site-packages/airflow/example_dags/example_branch_operator.py
[2024-12-30T11:23:46.848+0000] {logging_mixin.py:190} INFO - [2024-12-30T11:23:46.848+0000] {override.py:1911} INFO - Created Permission View: can delete on DAG:example_branch_operator
[2024-12-30T11:23:46.858+0000] {logging_mixin.py:190} INFO - [2024-12-30T11:23:46.858+0000] {override.py:1911} INFO - Created Permission View: can edit on DAG:example_branch_operator
[2024-12-30T11:23:46.865+0000] {logging_mixin.py:190} INFO - [2024-12-30T11:23:46.865+0000] {override.py:1911} INFO - Created Permission View: can read on DAG:example_branch_operator
[2024-12-30T11:23:46.867+0000] {logging_mixin.py:190} INFO - [2024-12-30T11:23:46.867+0000] {override.py:1911} INFO - Created Permission View: menu access on DAG Run:example_branch_operator
[2024-12-30T11:23:46.871+0000] {logging_mixin.py:190} INFO - [2024-12-30T11:23:46.871+0000] {override.py:1911} INFO - Created Permission View: can delete on DAG Run:example_branch_operator
[2024-12-30T11:23:46.876+0000] {logging_mixin.py:190} INFO - [2024-12-30T11:23:46.876+0000] {override.py:1911} INFO - Created Permission View: can create on DAG Run:example_branch_operator
[2024-12-30T11:23:46.881+0000] {logging_mixin.py:190} INFO - [2024-12-30T11:23:46.881+0000] {override.py:1911} INFO - Created Permission View: can read on DAG Run:example_branch_operator
[2024-12-30T11:23:46.881+0000] {logging_mixin.py:190} INFO - [2024-12-30T11:23:46.881+0000] {dag.py:3239} INFO - Sync 1 DAGs
[2024-12-30T11:23:46.890+0000] {logging_mixin.py:190} INFO - [2024-12-30T11:23:46.890+0000] {dag.py:3262} INFO - Creating ORM DAG for example_branch_operator
[2024-12-30T11:23:46.895+0000] {logging_mixin.py:190} INFO - [2024-12-30T11:23:46.895+0000] {dag.py:4180} INFO - Setting next_dagrun for example_branch_operator to 2024-12-29 00:00:00+00:00, run_after=2024-12-30 00:00:00+00:00
[2024-12-30T11:23:46.901+0000] {processor.py:208} INFO - Processing /home/airflow/.local/lib/python3.12/site-packages/airflow/example_dags/example_branch_operator.py took 0.138 seconds
[2024-12-30T11:24:18.012+0000] {processor.py:186} INFO - Started process (PID=146) to work on /home/airflow/.local/lib/python3.12/site-packages/airflow/example_dags/example_branch_operator.py
[2024-12-30T11:24:18.012+0000] {processor.py:914} INFO - Processing file /home/airflow/.local/lib/python3.12/site-packages/airflow/example_dags/example_branch_operator.py for tasks to queue
[2024-12-30T11:24:18.014+0000] {logging_mixin.py:190} INFO - [2024-12-30T11:24:18.014+0000] {dagbag.py:588} INFO - Filling up the DagBag from /home/airflow/.local/lib/python3.12/site-packages/airflow/example_dags/example_branch_operator.py
[2024-12-30T11:24:18.025+0000] {processor.py:925} INFO - DAG(s) 'example_branch_operator' retrieved from /home/airflow/.local/lib/python3.12/site-packages/airflow/example_dags/example_branch_operator.py
[2024-12-30T11:24:18.047+0000] {logging_mixin.py:190} INFO - [2024-12-30T11:24:18.047+0000] {dag.py:3239} INFO - Sync 1 DAGs
[2024-12-30T11:24:18.060+0000] {logging_mixin.py:190} INFO - [2024-12-30T11:24:18.060+0000] {dag.py:4180} INFO - Setting next_dagrun for example_branch_operator to 2024-12-29 00:00:00+00:00, run_after=2024-12-30 00:00:00+00:00
[2024-12-30T11:24:18.068+0000] {processor.py:208} INFO - Processing /home/airflow/.local/lib/python3.12/site-packages/airflow/example_dags/example_branch_operator.py took 0.060 seconds
