[2024-12-30T11:23:48.584+0000] {processor.py:186} INFO - Started process (PID=99) to work on /home/airflow/.local/lib/python3.12/site-packages/airflow/example_dags/example_latest_only.py
[2024-12-30T11:23:48.584+0000] {processor.py:914} INFO - Processing file /home/airflow/.local/lib/python3.12/site-packages/airflow/example_dags/example_latest_only.py for tasks to queue
[2024-12-30T11:23:48.585+0000] {logging_mixin.py:190} INFO - [2024-12-30T11:23:48.585+0000] {dagbag.py:588} INFO - Filling up the DagBag from /home/airflow/.local/lib/python3.12/site-packages/airflow/example_dags/example_latest_only.py
[2024-12-30T11:23:48.590+0000] {processor.py:925} INFO - DAG(s) 'latest_only' retrieved from /home/airflow/.local/lib/python3.12/site-packages/airflow/example_dags/example_latest_only.py
[2024-12-30T11:23:48.640+0000] {logging_mixin.py:190} INFO - [2024-12-30T11:23:48.640+0000] {override.py:1911} INFO - Created Permission View: can delete on DAG:latest_only
[2024-12-30T11:23:48.646+0000] {logging_mixin.py:190} INFO - [2024-12-30T11:23:48.646+0000] {override.py:1911} INFO - Created Permission View: can edit on DAG:latest_only
[2024-12-30T11:23:48.650+0000] {logging_mixin.py:190} INFO - [2024-12-30T11:23:48.650+0000] {override.py:1911} INFO - Created Permission View: can read on DAG:latest_only
[2024-12-30T11:23:48.653+0000] {logging_mixin.py:190} INFO - [2024-12-30T11:23:48.653+0000] {override.py:1911} INFO - Created Permission View: menu access on DAG Run:latest_only
[2024-12-30T11:23:48.656+0000] {logging_mixin.py:190} INFO - [2024-12-30T11:23:48.656+0000] {override.py:1911} INFO - Created Permission View: can delete on DAG Run:latest_only
[2024-12-30T11:23:48.660+0000] {logging_mixin.py:190} INFO - [2024-12-30T11:23:48.660+0000] {override.py:1911} INFO - Created Permission View: can create on DAG Run:latest_only
[2024-12-30T11:23:48.661+0000] {logging_mixin.py:190} INFO - [2024-12-30T11:23:48.661+0000] {override.py:1911} INFO - Created Permission View: can read on DAG Run:latest_only
[2024-12-30T11:23:48.662+0000] {logging_mixin.py:190} INFO - [2024-12-30T11:23:48.662+0000] {dag.py:3239} INFO - Sync 1 DAGs
[2024-12-30T11:23:48.666+0000] {logging_mixin.py:190} INFO - [2024-12-30T11:23:48.666+0000] {dag.py:3262} INFO - Creating ORM DAG for latest_only
[2024-12-30T11:23:48.671+0000] {logging_mixin.py:190} INFO - [2024-12-30T11:23:48.671+0000] {dag.py:4180} INFO - Setting next_dagrun for latest_only to 2024-12-30 04:00:00+00:00, run_after=2024-12-30 08:00:00+00:00
[2024-12-30T11:23:48.682+0000] {processor.py:208} INFO - Processing /home/airflow/.local/lib/python3.12/site-packages/airflow/example_dags/example_latest_only.py took 0.101 seconds
[2024-12-30T11:24:18.917+0000] {processor.py:186} INFO - Started process (PID=163) to work on /home/airflow/.local/lib/python3.12/site-packages/airflow/example_dags/example_latest_only.py
[2024-12-30T11:24:18.921+0000] {processor.py:914} INFO - Processing file /home/airflow/.local/lib/python3.12/site-packages/airflow/example_dags/example_latest_only.py for tasks to queue
[2024-12-30T11:24:18.922+0000] {logging_mixin.py:190} INFO - [2024-12-30T11:24:18.922+0000] {dagbag.py:588} INFO - Filling up the DagBag from /home/airflow/.local/lib/python3.12/site-packages/airflow/example_dags/example_latest_only.py
[2024-12-30T11:24:18.929+0000] {processor.py:925} INFO - DAG(s) 'latest_only' retrieved from /home/airflow/.local/lib/python3.12/site-packages/airflow/example_dags/example_latest_only.py
[2024-12-30T11:24:18.944+0000] {logging_mixin.py:190} INFO - [2024-12-30T11:24:18.944+0000] {dag.py:3239} INFO - Sync 1 DAGs
[2024-12-30T11:24:18.956+0000] {logging_mixin.py:190} INFO - [2024-12-30T11:24:18.956+0000] {dag.py:4180} INFO - Setting next_dagrun for latest_only to 2024-12-30 04:00:00+00:00, run_after=2024-12-30 08:00:00+00:00
[2024-12-30T11:24:18.972+0000] {processor.py:208} INFO - Processing /home/airflow/.local/lib/python3.12/site-packages/airflow/example_dags/example_latest_only.py took 0.059 seconds
