[2024-12-30T11:23:48.326+0000] {processor.py:186} INFO - Started process (PID=95) to work on /home/airflow/.local/lib/python3.12/site-packages/airflow/example_dags/example_trigger_target_dag.py
[2024-12-30T11:23:48.327+0000] {processor.py:914} INFO - Processing file /home/airflow/.local/lib/python3.12/site-packages/airflow/example_dags/example_trigger_target_dag.py for tasks to queue
[2024-12-30T11:23:48.329+0000] {logging_mixin.py:190} INFO - [2024-12-30T11:23:48.329+0000] {dagbag.py:588} INFO - Filling up the DagBag from /home/airflow/.local/lib/python3.12/site-packages/airflow/example_dags/example_trigger_target_dag.py
[2024-12-30T11:23:48.335+0000] {processor.py:925} INFO - DAG(s) 'example_trigger_target_dag' retrieved from /home/airflow/.local/lib/python3.12/site-packages/airflow/example_dags/example_trigger_target_dag.py
[2024-12-30T11:23:48.403+0000] {logging_mixin.py:190} INFO - [2024-12-30T11:23:48.402+0000] {override.py:1911} INFO - Created Permission View: can delete on DAG:example_trigger_target_dag
[2024-12-30T11:23:48.408+0000] {logging_mixin.py:190} INFO - [2024-12-30T11:23:48.408+0000] {override.py:1911} INFO - Created Permission View: can edit on DAG:example_trigger_target_dag
[2024-12-30T11:23:48.411+0000] {logging_mixin.py:190} INFO - [2024-12-30T11:23:48.411+0000] {override.py:1911} INFO - Created Permission View: can read on DAG:example_trigger_target_dag
[2024-12-30T11:23:48.414+0000] {logging_mixin.py:190} INFO - [2024-12-30T11:23:48.414+0000] {override.py:1911} INFO - Created Permission View: menu access on DAG Run:example_trigger_target_dag
[2024-12-30T11:23:48.417+0000] {logging_mixin.py:190} INFO - [2024-12-30T11:23:48.417+0000] {override.py:1911} INFO - Created Permission View: can delete on DAG Run:example_trigger_target_dag
[2024-12-30T11:23:48.420+0000] {logging_mixin.py:190} INFO - [2024-12-30T11:23:48.420+0000] {override.py:1911} INFO - Created Permission View: can create on DAG Run:example_trigger_target_dag
[2024-12-30T11:23:48.423+0000] {logging_mixin.py:190} INFO - [2024-12-30T11:23:48.422+0000] {override.py:1911} INFO - Created Permission View: can read on DAG Run:example_trigger_target_dag
[2024-12-30T11:23:48.423+0000] {logging_mixin.py:190} INFO - [2024-12-30T11:23:48.423+0000] {dag.py:3239} INFO - Sync 1 DAGs
[2024-12-30T11:23:48.429+0000] {logging_mixin.py:190} INFO - [2024-12-30T11:23:48.429+0000] {dag.py:3262} INFO - Creating ORM DAG for example_trigger_target_dag
[2024-12-30T11:23:48.429+0000] {logging_mixin.py:190} INFO - [2024-12-30T11:23:48.429+0000] {dag.py:4180} INFO - Setting next_dagrun for example_trigger_target_dag to None, run_after=None
[2024-12-30T11:23:48.438+0000] {processor.py:208} INFO - Processing /home/airflow/.local/lib/python3.12/site-packages/airflow/example_dags/example_trigger_target_dag.py took 0.116 seconds
[2024-12-30T11:24:18.791+0000] {processor.py:186} INFO - Started process (PID=159) to work on /home/airflow/.local/lib/python3.12/site-packages/airflow/example_dags/example_trigger_target_dag.py
[2024-12-30T11:24:18.792+0000] {processor.py:914} INFO - Processing file /home/airflow/.local/lib/python3.12/site-packages/airflow/example_dags/example_trigger_target_dag.py for tasks to queue
[2024-12-30T11:24:18.793+0000] {logging_mixin.py:190} INFO - [2024-12-30T11:24:18.793+0000] {dagbag.py:588} INFO - Filling up the DagBag from /home/airflow/.local/lib/python3.12/site-packages/airflow/example_dags/example_trigger_target_dag.py
[2024-12-30T11:24:18.797+0000] {processor.py:925} INFO - DAG(s) 'example_trigger_target_dag' retrieved from /home/airflow/.local/lib/python3.12/site-packages/airflow/example_dags/example_trigger_target_dag.py
[2024-12-30T11:24:18.809+0000] {logging_mixin.py:190} INFO - [2024-12-30T11:24:18.809+0000] {dag.py:3239} INFO - Sync 1 DAGs
[2024-12-30T11:24:18.816+0000] {logging_mixin.py:190} INFO - [2024-12-30T11:24:18.816+0000] {dag.py:4180} INFO - Setting next_dagrun for example_trigger_target_dag to None, run_after=None
[2024-12-30T11:24:18.831+0000] {processor.py:208} INFO - Processing /home/airflow/.local/lib/python3.12/site-packages/airflow/example_dags/example_trigger_target_dag.py took 0.044 seconds
