[2024-12-30T11:23:46.919+0000] {processor.py:186} INFO - Started process (PID=84) to work on /home/airflow/.local/lib/python3.12/site-packages/airflow/example_dags/example_workday_timetable.py
[2024-12-30T11:23:46.921+0000] {processor.py:914} INFO - Processing file /home/airflow/.local/lib/python3.12/site-packages/airflow/example_dags/example_workday_timetable.py for tasks to queue
[2024-12-30T11:23:46.922+0000] {logging_mixin.py:190} INFO - [2024-12-30T11:23:46.922+0000] {dagbag.py:588} INFO - Filling up the DagBag from /home/airflow/.local/lib/python3.12/site-packages/airflow/example_dags/example_workday_timetable.py
[2024-12-30T11:23:46.928+0000] {processor.py:925} INFO - DAG(s) 'example_workday_timetable' retrieved from /home/airflow/.local/lib/python3.12/site-packages/airflow/example_dags/example_workday_timetable.py
[2024-12-30T11:23:46.997+0000] {logging_mixin.py:190} INFO - [2024-12-30T11:23:46.996+0000] {override.py:1911} INFO - Created Permission View: can delete on DAG:example_workday_timetable
[2024-12-30T11:23:47.004+0000] {logging_mixin.py:190} INFO - [2024-12-30T11:23:47.004+0000] {override.py:1911} INFO - Created Permission View: can edit on DAG:example_workday_timetable
[2024-12-30T11:23:47.017+0000] {logging_mixin.py:190} INFO - [2024-12-30T11:23:47.016+0000] {override.py:1911} INFO - Created Permission View: can read on DAG:example_workday_timetable
[2024-12-30T11:23:47.022+0000] {logging_mixin.py:190} INFO - [2024-12-30T11:23:47.022+0000] {override.py:1911} INFO - Created Permission View: menu access on DAG Run:example_workday_timetable
[2024-12-30T11:23:47.026+0000] {logging_mixin.py:190} INFO - [2024-12-30T11:23:47.026+0000] {override.py:1911} INFO - Created Permission View: can delete on DAG Run:example_workday_timetable
[2024-12-30T11:23:47.028+0000] {logging_mixin.py:190} INFO - [2024-12-30T11:23:47.028+0000] {override.py:1911} INFO - Created Permission View: can create on DAG Run:example_workday_timetable
[2024-12-30T11:23:47.035+0000] {logging_mixin.py:190} INFO - [2024-12-30T11:23:47.035+0000] {override.py:1911} INFO - Created Permission View: can read on DAG Run:example_workday_timetable
[2024-12-30T11:23:47.036+0000] {logging_mixin.py:190} INFO - [2024-12-30T11:23:47.036+0000] {dag.py:3239} INFO - Sync 1 DAGs
[2024-12-30T11:23:47.045+0000] {logging_mixin.py:190} INFO - [2024-12-30T11:23:47.045+0000] {dag.py:3262} INFO - Creating ORM DAG for example_workday_timetable
[2024-12-30T11:23:47.105+0000] {logging_mixin.py:190} INFO - [2024-12-30T11:23:47.105+0000] {dag.py:4180} INFO - Setting next_dagrun for example_workday_timetable to 2021-01-04 00:00:00+00:00, run_after=2021-01-05 00:00:00+00:00
[2024-12-30T11:23:47.114+0000] {processor.py:208} INFO - Processing /home/airflow/.local/lib/python3.12/site-packages/airflow/example_dags/example_workday_timetable.py took 0.198 seconds
[2024-12-30T11:24:18.085+0000] {processor.py:186} INFO - Started process (PID=148) to work on /home/airflow/.local/lib/python3.12/site-packages/airflow/example_dags/example_workday_timetable.py
[2024-12-30T11:24:18.086+0000] {processor.py:914} INFO - Processing file /home/airflow/.local/lib/python3.12/site-packages/airflow/example_dags/example_workday_timetable.py for tasks to queue
[2024-12-30T11:24:18.089+0000] {logging_mixin.py:190} INFO - [2024-12-30T11:24:18.089+0000] {dagbag.py:588} INFO - Filling up the DagBag from /home/airflow/.local/lib/python3.12/site-packages/airflow/example_dags/example_workday_timetable.py
[2024-12-30T11:24:18.094+0000] {processor.py:925} INFO - DAG(s) 'example_workday_timetable' retrieved from /home/airflow/.local/lib/python3.12/site-packages/airflow/example_dags/example_workday_timetable.py
[2024-12-30T11:24:18.108+0000] {logging_mixin.py:190} INFO - [2024-12-30T11:24:18.108+0000] {dag.py:3239} INFO - Sync 1 DAGs
[2024-12-30T11:24:18.154+0000] {logging_mixin.py:190} INFO - [2024-12-30T11:24:18.154+0000] {dag.py:4180} INFO - Setting next_dagrun for example_workday_timetable to 2021-01-04 00:00:00+00:00, run_after=2021-01-05 00:00:00+00:00
[2024-12-30T11:24:18.165+0000] {processor.py:208} INFO - Processing /home/airflow/.local/lib/python3.12/site-packages/airflow/example_dags/example_workday_timetable.py took 0.084 seconds
