[2024-12-30T11:23:44.582+0000] {processor.py:186} INFO - Started process (PID=58) to work on /home/airflow/.local/lib/python3.12/site-packages/airflow/example_dags/example_params_trigger_ui.py
[2024-12-30T11:23:44.582+0000] {processor.py:914} INFO - Processing file /home/airflow/.local/lib/python3.12/site-packages/airflow/example_dags/example_params_trigger_ui.py for tasks to queue
[2024-12-30T11:23:44.584+0000] {logging_mixin.py:190} INFO - [2024-12-30T11:23:44.584+0000] {dagbag.py:588} INFO - Filling up the DagBag from /home/airflow/.local/lib/python3.12/site-packages/airflow/example_dags/example_params_trigger_ui.py
[2024-12-30T11:23:44.594+0000] {processor.py:925} INFO - DAG(s) 'example_params_trigger_ui' retrieved from /home/airflow/.local/lib/python3.12/site-packages/airflow/example_dags/example_params_trigger_ui.py
[2024-12-30T11:23:44.667+0000] {logging_mixin.py:190} INFO - [2024-12-30T11:23:44.667+0000] {override.py:1911} INFO - Created Permission View: can delete on DAG:example_params_trigger_ui
[2024-12-30T11:23:44.672+0000] {logging_mixin.py:190} INFO - [2024-12-30T11:23:44.672+0000] {override.py:1911} INFO - Created Permission View: can edit on DAG:example_params_trigger_ui
[2024-12-30T11:23:44.675+0000] {logging_mixin.py:190} INFO - [2024-12-30T11:23:44.675+0000] {override.py:1911} INFO - Created Permission View: can read on DAG:example_params_trigger_ui
[2024-12-30T11:23:44.679+0000] {logging_mixin.py:190} INFO - [2024-12-30T11:23:44.678+0000] {override.py:1911} INFO - Created Permission View: menu access on DAG Run:example_params_trigger_ui
[2024-12-30T11:23:44.681+0000] {logging_mixin.py:190} INFO - [2024-12-30T11:23:44.681+0000] {override.py:1911} INFO - Created Permission View: can delete on DAG Run:example_params_trigger_ui
[2024-12-30T11:23:44.685+0000] {logging_mixin.py:190} INFO - [2024-12-30T11:23:44.685+0000] {override.py:1911} INFO - Created Permission View: can create on DAG Run:example_params_trigger_ui
[2024-12-30T11:23:44.688+0000] {logging_mixin.py:190} INFO - [2024-12-30T11:23:44.688+0000] {override.py:1911} INFO - Created Permission View: can read on DAG Run:example_params_trigger_ui
[2024-12-30T11:23:44.689+0000] {logging_mixin.py:190} INFO - [2024-12-30T11:23:44.688+0000] {dag.py:3239} INFO - Sync 1 DAGs
[2024-12-30T11:23:44.695+0000] {logging_mixin.py:190} INFO - [2024-12-30T11:23:44.695+0000] {dag.py:3262} INFO - Creating ORM DAG for example_params_trigger_ui
[2024-12-30T11:23:44.696+0000] {logging_mixin.py:190} INFO - [2024-12-30T11:23:44.696+0000] {dag.py:4180} INFO - Setting next_dagrun for example_params_trigger_ui to None, run_after=None
[2024-12-30T11:23:44.705+0000] {processor.py:208} INFO - Processing /home/airflow/.local/lib/python3.12/site-packages/airflow/example_dags/example_params_trigger_ui.py took 0.127 seconds
[2024-12-30T11:24:16.436+0000] {processor.py:186} INFO - Started process (PID=122) to work on /home/airflow/.local/lib/python3.12/site-packages/airflow/example_dags/example_params_trigger_ui.py
[2024-12-30T11:24:16.436+0000] {processor.py:914} INFO - Processing file /home/airflow/.local/lib/python3.12/site-packages/airflow/example_dags/example_params_trigger_ui.py for tasks to queue
[2024-12-30T11:24:16.438+0000] {logging_mixin.py:190} INFO - [2024-12-30T11:24:16.438+0000] {dagbag.py:588} INFO - Filling up the DagBag from /home/airflow/.local/lib/python3.12/site-packages/airflow/example_dags/example_params_trigger_ui.py
[2024-12-30T11:24:16.450+0000] {processor.py:925} INFO - DAG(s) 'example_params_trigger_ui' retrieved from /home/airflow/.local/lib/python3.12/site-packages/airflow/example_dags/example_params_trigger_ui.py
[2024-12-30T11:24:16.486+0000] {logging_mixin.py:190} INFO - [2024-12-30T11:24:16.486+0000] {dag.py:3239} INFO - Sync 1 DAGs
[2024-12-30T11:24:16.495+0000] {logging_mixin.py:190} INFO - [2024-12-30T11:24:16.495+0000] {dag.py:4180} INFO - Setting next_dagrun for example_params_trigger_ui to None, run_after=None
[2024-12-30T11:24:16.505+0000] {processor.py:208} INFO - Processing /home/airflow/.local/lib/python3.12/site-packages/airflow/example_dags/example_params_trigger_ui.py took 0.073 seconds
