[2024-12-30T11:23:46.675+0000] {processor.py:186} INFO - Started process (PID=81) to work on /home/airflow/.local/lib/python3.12/site-packages/airflow/example_dags/example_xcomargs.py
[2024-12-30T11:23:46.675+0000] {processor.py:914} INFO - Processing file /home/airflow/.local/lib/python3.12/site-packages/airflow/example_dags/example_xcomargs.py for tasks to queue
[2024-12-30T11:23:46.682+0000] {logging_mixin.py:190} INFO - [2024-12-30T11:23:46.681+0000] {dagbag.py:588} INFO - Filling up the DagBag from /home/airflow/.local/lib/python3.12/site-packages/airflow/example_dags/example_xcomargs.py
[2024-12-30T11:23:46.689+0000] {processor.py:925} INFO - DAG(s) 'example_xcom_args_with_operators', 'example_xcom_args' retrieved from /home/airflow/.local/lib/python3.12/site-packages/airflow/example_dags/example_xcomargs.py
[2024-12-30T11:23:46.733+0000] {logging_mixin.py:190} INFO - [2024-12-30T11:23:46.733+0000] {override.py:1911} INFO - Created Permission View: can delete on DAG:example_xcom_args_with_operators
[2024-12-30T11:23:46.737+0000] {logging_mixin.py:190} INFO - [2024-12-30T11:23:46.737+0000] {override.py:1911} INFO - Created Permission View: can edit on DAG:example_xcom_args_with_operators
[2024-12-30T11:23:46.743+0000] {logging_mixin.py:190} INFO - [2024-12-30T11:23:46.743+0000] {override.py:1911} INFO - Created Permission View: can read on DAG:example_xcom_args_with_operators
[2024-12-30T11:23:46.748+0000] {logging_mixin.py:190} INFO - [2024-12-30T11:23:46.747+0000] {override.py:1911} INFO - Created Permission View: menu access on DAG Run:example_xcom_args_with_operators
[2024-12-30T11:23:46.750+0000] {logging_mixin.py:190} INFO - [2024-12-30T11:23:46.750+0000] {override.py:1911} INFO - Created Permission View: can delete on DAG Run:example_xcom_args_with_operators
[2024-12-30T11:23:46.753+0000] {logging_mixin.py:190} INFO - [2024-12-30T11:23:46.753+0000] {override.py:1911} INFO - Created Permission View: can create on DAG Run:example_xcom_args_with_operators
[2024-12-30T11:23:46.758+0000] {logging_mixin.py:190} INFO - [2024-12-30T11:23:46.758+0000] {override.py:1911} INFO - Created Permission View: can read on DAG Run:example_xcom_args_with_operators
[2024-12-30T11:23:46.763+0000] {logging_mixin.py:190} INFO - [2024-12-30T11:23:46.763+0000] {override.py:1911} INFO - Created Permission View: can delete on DAG:example_xcom_args
[2024-12-30T11:23:46.765+0000] {logging_mixin.py:190} INFO - [2024-12-30T11:23:46.765+0000] {override.py:1911} INFO - Created Permission View: can edit on DAG:example_xcom_args
[2024-12-30T11:23:46.768+0000] {logging_mixin.py:190} INFO - [2024-12-30T11:23:46.768+0000] {override.py:1911} INFO - Created Permission View: can read on DAG:example_xcom_args
[2024-12-30T11:23:46.773+0000] {logging_mixin.py:190} INFO - [2024-12-30T11:23:46.773+0000] {override.py:1911} INFO - Created Permission View: menu access on DAG Run:example_xcom_args
[2024-12-30T11:23:46.779+0000] {logging_mixin.py:190} INFO - [2024-12-30T11:23:46.778+0000] {override.py:1911} INFO - Created Permission View: can delete on DAG Run:example_xcom_args
[2024-12-30T11:23:46.784+0000] {logging_mixin.py:190} INFO - [2024-12-30T11:23:46.784+0000] {override.py:1911} INFO - Created Permission View: can create on DAG Run:example_xcom_args
[2024-12-30T11:23:46.786+0000] {logging_mixin.py:190} INFO - [2024-12-30T11:23:46.786+0000] {override.py:1911} INFO - Created Permission View: can read on DAG Run:example_xcom_args
[2024-12-30T11:23:46.787+0000] {logging_mixin.py:190} INFO - [2024-12-30T11:23:46.787+0000] {dag.py:3239} INFO - Sync 2 DAGs
[2024-12-30T11:23:46.793+0000] {logging_mixin.py:190} INFO - [2024-12-30T11:23:46.793+0000] {dag.py:3262} INFO - Creating ORM DAG for example_xcom_args
[2024-12-30T11:23:46.796+0000] {logging_mixin.py:190} INFO - [2024-12-30T11:23:46.796+0000] {dag.py:3262} INFO - Creating ORM DAG for example_xcom_args_with_operators
[2024-12-30T11:23:46.797+0000] {logging_mixin.py:190} INFO - [2024-12-30T11:23:46.797+0000] {dag.py:4180} INFO - Setting next_dagrun for example_xcom_args to None, run_after=None
[2024-12-30T11:23:46.798+0000] {logging_mixin.py:190} INFO - [2024-12-30T11:23:46.798+0000] {dag.py:4180} INFO - Setting next_dagrun for example_xcom_args_with_operators to None, run_after=None
[2024-12-30T11:23:46.813+0000] {processor.py:208} INFO - Processing /home/airflow/.local/lib/python3.12/site-packages/airflow/example_dags/example_xcomargs.py took 0.141 seconds
[2024-12-30T11:24:17.999+0000] {processor.py:186} INFO - Started process (PID=145) to work on /home/airflow/.local/lib/python3.12/site-packages/airflow/example_dags/example_xcomargs.py
[2024-12-30T11:24:18.000+0000] {processor.py:914} INFO - Processing file /home/airflow/.local/lib/python3.12/site-packages/airflow/example_dags/example_xcomargs.py for tasks to queue
[2024-12-30T11:24:18.002+0000] {logging_mixin.py:190} INFO - [2024-12-30T11:24:18.002+0000] {dagbag.py:588} INFO - Filling up the DagBag from /home/airflow/.local/lib/python3.12/site-packages/airflow/example_dags/example_xcomargs.py
[2024-12-30T11:24:18.009+0000] {processor.py:925} INFO - DAG(s) 'example_xcom_args', 'example_xcom_args_with_operators' retrieved from /home/airflow/.local/lib/python3.12/site-packages/airflow/example_dags/example_xcomargs.py
[2024-12-30T11:24:18.023+0000] {logging_mixin.py:190} INFO - [2024-12-30T11:24:18.022+0000] {dag.py:3239} INFO - Sync 2 DAGs
[2024-12-30T11:24:18.031+0000] {logging_mixin.py:190} INFO - [2024-12-30T11:24:18.031+0000] {dag.py:4180} INFO - Setting next_dagrun for example_xcom_args to None, run_after=None
[2024-12-30T11:24:18.033+0000] {logging_mixin.py:190} INFO - [2024-12-30T11:24:18.033+0000] {dag.py:4180} INFO - Setting next_dagrun for example_xcom_args_with_operators to None, run_after=None
[2024-12-30T11:24:18.050+0000] {processor.py:208} INFO - Processing /home/airflow/.local/lib/python3.12/site-packages/airflow/example_dags/example_xcomargs.py took 0.056 seconds
