[2024-12-30T11:23:44.914+0000] {processor.py:186} INFO - Started process (PID=61) to work on /home/airflow/.local/lib/python3.12/site-packages/airflow/example_dags/example_setup_teardown_taskflow.py
[2024-12-30T11:23:44.914+0000] {processor.py:914} INFO - Processing file /home/airflow/.local/lib/python3.12/site-packages/airflow/example_dags/example_setup_teardown_taskflow.py for tasks to queue
[2024-12-30T11:23:44.915+0000] {logging_mixin.py:190} INFO - [2024-12-30T11:23:44.915+0000] {dagbag.py:588} INFO - Filling up the DagBag from /home/airflow/.local/lib/python3.12/site-packages/airflow/example_dags/example_setup_teardown_taskflow.py
[2024-12-30T11:23:44.921+0000] {processor.py:925} INFO - DAG(s) 'example_setup_teardown_taskflow' retrieved from /home/airflow/.local/lib/python3.12/site-packages/airflow/example_dags/example_setup_teardown_taskflow.py
[2024-12-30T11:23:44.979+0000] {logging_mixin.py:190} INFO - [2024-12-30T11:23:44.978+0000] {override.py:1911} INFO - Created Permission View: can delete on DAG:example_setup_teardown_taskflow
[2024-12-30T11:23:44.985+0000] {logging_mixin.py:190} INFO - [2024-12-30T11:23:44.984+0000] {override.py:1911} INFO - Created Permission View: can edit on DAG:example_setup_teardown_taskflow
[2024-12-30T11:23:44.989+0000] {logging_mixin.py:190} INFO - [2024-12-30T11:23:44.989+0000] {override.py:1911} INFO - Created Permission View: can read on DAG:example_setup_teardown_taskflow
[2024-12-30T11:23:44.994+0000] {logging_mixin.py:190} INFO - [2024-12-30T11:23:44.994+0000] {override.py:1911} INFO - Created Permission View: menu access on DAG Run:example_setup_teardown_taskflow
[2024-12-30T11:23:45.002+0000] {logging_mixin.py:190} INFO - [2024-12-30T11:23:45.002+0000] {override.py:1911} INFO - Created Permission View: can delete on DAG Run:example_setup_teardown_taskflow
[2024-12-30T11:23:45.007+0000] {logging_mixin.py:190} INFO - [2024-12-30T11:23:45.006+0000] {override.py:1911} INFO - Created Permission View: can create on DAG Run:example_setup_teardown_taskflow
[2024-12-30T11:23:45.013+0000] {logging_mixin.py:190} INFO - [2024-12-30T11:23:45.013+0000] {override.py:1911} INFO - Created Permission View: can read on DAG Run:example_setup_teardown_taskflow
[2024-12-30T11:23:45.014+0000] {logging_mixin.py:190} INFO - [2024-12-30T11:23:45.014+0000] {dag.py:3239} INFO - Sync 1 DAGs
[2024-12-30T11:23:45.021+0000] {logging_mixin.py:190} INFO - [2024-12-30T11:23:45.020+0000] {dag.py:3262} INFO - Creating ORM DAG for example_setup_teardown_taskflow
[2024-12-30T11:23:45.021+0000] {logging_mixin.py:190} INFO - [2024-12-30T11:23:45.021+0000] {dag.py:4180} INFO - Setting next_dagrun for example_setup_teardown_taskflow to None, run_after=None
[2024-12-30T11:23:45.028+0000] {processor.py:208} INFO - Processing /home/airflow/.local/lib/python3.12/site-packages/airflow/example_dags/example_setup_teardown_taskflow.py took 0.117 seconds
[2024-12-30T11:24:16.571+0000] {processor.py:186} INFO - Started process (PID=125) to work on /home/airflow/.local/lib/python3.12/site-packages/airflow/example_dags/example_setup_teardown_taskflow.py
[2024-12-30T11:24:16.572+0000] {processor.py:914} INFO - Processing file /home/airflow/.local/lib/python3.12/site-packages/airflow/example_dags/example_setup_teardown_taskflow.py for tasks to queue
[2024-12-30T11:24:16.573+0000] {logging_mixin.py:190} INFO - [2024-12-30T11:24:16.573+0000] {dagbag.py:588} INFO - Filling up the DagBag from /home/airflow/.local/lib/python3.12/site-packages/airflow/example_dags/example_setup_teardown_taskflow.py
[2024-12-30T11:24:16.580+0000] {processor.py:925} INFO - DAG(s) 'example_setup_teardown_taskflow' retrieved from /home/airflow/.local/lib/python3.12/site-packages/airflow/example_dags/example_setup_teardown_taskflow.py
[2024-12-30T11:24:16.605+0000] {logging_mixin.py:190} INFO - [2024-12-30T11:24:16.604+0000] {dag.py:3239} INFO - Sync 1 DAGs
[2024-12-30T11:24:16.628+0000] {logging_mixin.py:190} INFO - [2024-12-30T11:24:16.628+0000] {dag.py:4180} INFO - Setting next_dagrun for example_setup_teardown_taskflow to None, run_after=None
[2024-12-30T11:24:16.645+0000] {processor.py:208} INFO - Processing /home/airflow/.local/lib/python3.12/site-packages/airflow/example_dags/example_setup_teardown_taskflow.py took 0.077 seconds
