[2024-12-30T11:23:48.918+0000] {processor.py:186} INFO - Started process (PID=103) to work on /home/airflow/.local/lib/python3.12/site-packages/airflow/example_dags/example_sla_dag.py
[2024-12-30T11:23:48.918+0000] {processor.py:914} INFO - Processing file /home/airflow/.local/lib/python3.12/site-packages/airflow/example_dags/example_sla_dag.py for tasks to queue
[2024-12-30T11:23:48.920+0000] {logging_mixin.py:190} INFO - [2024-12-30T11:23:48.919+0000] {dagbag.py:588} INFO - Filling up the DagBag from /home/airflow/.local/lib/python3.12/site-packages/airflow/example_dags/example_sla_dag.py
[2024-12-30T11:23:48.926+0000] {processor.py:925} INFO - DAG(s) 'example_sla_dag' retrieved from /home/airflow/.local/lib/python3.12/site-packages/airflow/example_dags/example_sla_dag.py
[2024-12-30T11:23:48.975+0000] {logging_mixin.py:190} INFO - [2024-12-30T11:23:48.975+0000] {override.py:1911} INFO - Created Permission View: can delete on DAG:example_sla_dag
[2024-12-30T11:23:48.979+0000] {logging_mixin.py:190} INFO - [2024-12-30T11:23:48.979+0000] {override.py:1911} INFO - Created Permission View: can edit on DAG:example_sla_dag
[2024-12-30T11:23:48.981+0000] {logging_mixin.py:190} INFO - [2024-12-30T11:23:48.981+0000] {override.py:1911} INFO - Created Permission View: can read on DAG:example_sla_dag
[2024-12-30T11:23:48.983+0000] {logging_mixin.py:190} INFO - [2024-12-30T11:23:48.983+0000] {override.py:1911} INFO - Created Permission View: menu access on DAG Run:example_sla_dag
[2024-12-30T11:23:48.987+0000] {logging_mixin.py:190} INFO - [2024-12-30T11:23:48.987+0000] {override.py:1911} INFO - Created Permission View: can delete on DAG Run:example_sla_dag
[2024-12-30T11:23:48.989+0000] {logging_mixin.py:190} INFO - [2024-12-30T11:23:48.989+0000] {override.py:1911} INFO - Created Permission View: can create on DAG Run:example_sla_dag
[2024-12-30T11:23:48.992+0000] {logging_mixin.py:190} INFO - [2024-12-30T11:23:48.992+0000] {override.py:1911} INFO - Created Permission View: can read on DAG Run:example_sla_dag
[2024-12-30T11:23:48.993+0000] {logging_mixin.py:190} INFO - [2024-12-30T11:23:48.993+0000] {dag.py:3239} INFO - Sync 1 DAGs
[2024-12-30T11:23:48.998+0000] {logging_mixin.py:190} INFO - [2024-12-30T11:23:48.998+0000] {dag.py:3262} INFO - Creating ORM DAG for example_sla_dag
[2024-12-30T11:23:49.004+0000] {logging_mixin.py:190} INFO - [2024-12-30T11:23:49.004+0000] {dag.py:4180} INFO - Setting next_dagrun for example_sla_dag to 2024-12-30 11:20:00+00:00, run_after=2024-12-30 11:22:00+00:00
[2024-12-30T11:23:49.009+0000] {processor.py:208} INFO - Processing /home/airflow/.local/lib/python3.12/site-packages/airflow/example_dags/example_sla_dag.py took 0.095 seconds
[2024-12-30T11:24:19.087+0000] {processor.py:186} INFO - Started process (PID=167) to work on /home/airflow/.local/lib/python3.12/site-packages/airflow/example_dags/example_sla_dag.py
[2024-12-30T11:24:19.087+0000] {processor.py:914} INFO - Processing file /home/airflow/.local/lib/python3.12/site-packages/airflow/example_dags/example_sla_dag.py for tasks to queue
[2024-12-30T11:24:19.089+0000] {logging_mixin.py:190} INFO - [2024-12-30T11:24:19.089+0000] {dagbag.py:588} INFO - Filling up the DagBag from /home/airflow/.local/lib/python3.12/site-packages/airflow/example_dags/example_sla_dag.py
[2024-12-30T11:24:19.096+0000] {processor.py:925} INFO - DAG(s) 'example_sla_dag' retrieved from /home/airflow/.local/lib/python3.12/site-packages/airflow/example_dags/example_sla_dag.py
[2024-12-30T11:24:19.114+0000] {logging_mixin.py:190} INFO - [2024-12-30T11:24:19.114+0000] {dag.py:3239} INFO - Sync 1 DAGs
[2024-12-30T11:24:19.146+0000] {logging_mixin.py:190} INFO - [2024-12-30T11:24:19.146+0000] {dag.py:4180} INFO - Setting next_dagrun for example_sla_dag to 2024-12-30 11:22:00+00:00, run_after=2024-12-30 11:24:00+00:00
[2024-12-30T11:24:19.156+0000] {processor.py:208} INFO - Processing /home/airflow/.local/lib/python3.12/site-packages/airflow/example_dags/example_sla_dag.py took 0.073 seconds
