[2024-12-30T11:23:46.068+0000] {processor.py:186} INFO - Started process (PID=74) to work on /home/airflow/.local/lib/python3.12/site-packages/airflow/example_dags/example_python_decorator.py
[2024-12-30T11:23:46.069+0000] {processor.py:914} INFO - Processing file /home/airflow/.local/lib/python3.12/site-packages/airflow/example_dags/example_python_decorator.py for tasks to queue
[2024-12-30T11:23:46.072+0000] {logging_mixin.py:190} INFO - [2024-12-30T11:23:46.072+0000] {dagbag.py:588} INFO - Filling up the DagBag from /home/airflow/.local/lib/python3.12/site-packages/airflow/example_dags/example_python_decorator.py
[2024-12-30T11:23:46.088+0000] {processor.py:925} INFO - DAG(s) 'example_python_decorator' retrieved from /home/airflow/.local/lib/python3.12/site-packages/airflow/example_dags/example_python_decorator.py
[2024-12-30T11:23:46.153+0000] {logging_mixin.py:190} INFO - [2024-12-30T11:23:46.153+0000] {override.py:1911} INFO - Created Permission View: can delete on DAG:example_python_decorator
[2024-12-30T11:23:46.157+0000] {logging_mixin.py:190} INFO - [2024-12-30T11:23:46.157+0000] {override.py:1911} INFO - Created Permission View: can edit on DAG:example_python_decorator
[2024-12-30T11:23:46.161+0000] {logging_mixin.py:190} INFO - [2024-12-30T11:23:46.161+0000] {override.py:1911} INFO - Created Permission View: can read on DAG:example_python_decorator
[2024-12-30T11:23:46.166+0000] {logging_mixin.py:190} INFO - [2024-12-30T11:23:46.166+0000] {override.py:1911} INFO - Created Permission View: menu access on DAG Run:example_python_decorator
[2024-12-30T11:23:46.170+0000] {logging_mixin.py:190} INFO - [2024-12-30T11:23:46.170+0000] {override.py:1911} INFO - Created Permission View: can delete on DAG Run:example_python_decorator
[2024-12-30T11:23:46.173+0000] {logging_mixin.py:190} INFO - [2024-12-30T11:23:46.172+0000] {override.py:1911} INFO - Created Permission View: can create on DAG Run:example_python_decorator
[2024-12-30T11:23:46.175+0000] {logging_mixin.py:190} INFO - [2024-12-30T11:23:46.175+0000] {override.py:1911} INFO - Created Permission View: can read on DAG Run:example_python_decorator
[2024-12-30T11:23:46.175+0000] {logging_mixin.py:190} INFO - [2024-12-30T11:23:46.175+0000] {dag.py:3239} INFO - Sync 1 DAGs
[2024-12-30T11:23:46.181+0000] {logging_mixin.py:190} INFO - [2024-12-30T11:23:46.181+0000] {dag.py:3262} INFO - Creating ORM DAG for example_python_decorator
[2024-12-30T11:23:46.181+0000] {logging_mixin.py:190} INFO - [2024-12-30T11:23:46.181+0000] {dag.py:4180} INFO - Setting next_dagrun for example_python_decorator to None, run_after=None
[2024-12-30T11:23:46.189+0000] {processor.py:208} INFO - Processing /home/airflow/.local/lib/python3.12/site-packages/airflow/example_dags/example_python_decorator.py took 0.128 seconds
[2024-12-30T11:24:17.665+0000] {processor.py:186} INFO - Started process (PID=138) to work on /home/airflow/.local/lib/python3.12/site-packages/airflow/example_dags/example_python_decorator.py
[2024-12-30T11:24:17.667+0000] {processor.py:914} INFO - Processing file /home/airflow/.local/lib/python3.12/site-packages/airflow/example_dags/example_python_decorator.py for tasks to queue
[2024-12-30T11:24:17.671+0000] {logging_mixin.py:190} INFO - [2024-12-30T11:24:17.670+0000] {dagbag.py:588} INFO - Filling up the DagBag from /home/airflow/.local/lib/python3.12/site-packages/airflow/example_dags/example_python_decorator.py
[2024-12-30T11:24:17.680+0000] {processor.py:925} INFO - DAG(s) 'example_python_decorator' retrieved from /home/airflow/.local/lib/python3.12/site-packages/airflow/example_dags/example_python_decorator.py
[2024-12-30T11:24:17.695+0000] {logging_mixin.py:190} INFO - [2024-12-30T11:24:17.695+0000] {dag.py:3239} INFO - Sync 1 DAGs
[2024-12-30T11:24:17.702+0000] {logging_mixin.py:190} INFO - [2024-12-30T11:24:17.702+0000] {dag.py:4180} INFO - Setting next_dagrun for example_python_decorator to None, run_after=None
[2024-12-30T11:24:17.712+0000] {processor.py:208} INFO - Processing /home/airflow/.local/lib/python3.12/site-packages/airflow/example_dags/example_python_decorator.py took 0.053 seconds
