[2024-12-30T11:23:46.471+0000] {processor.py:186} INFO - Started process (PID=78) to work on /home/airflow/.local/lib/python3.12/site-packages/airflow/example_dags/example_external_task_marker_dag.py
[2024-12-30T11:23:46.473+0000] {processor.py:914} INFO - Processing file /home/airflow/.local/lib/python3.12/site-packages/airflow/example_dags/example_external_task_marker_dag.py for tasks to queue
[2024-12-30T11:23:46.475+0000] {logging_mixin.py:190} INFO - [2024-12-30T11:23:46.475+0000] {dagbag.py:588} INFO - Filling up the DagBag from /home/airflow/.local/lib/python3.12/site-packages/airflow/example_dags/example_external_task_marker_dag.py
[2024-12-30T11:23:46.483+0000] {processor.py:925} INFO - DAG(s) 'example_external_task_marker_parent', 'example_external_task_marker_child' retrieved from /home/airflow/.local/lib/python3.12/site-packages/airflow/example_dags/example_external_task_marker_dag.py
[2024-12-30T11:23:46.548+0000] {logging_mixin.py:190} INFO - [2024-12-30T11:23:46.548+0000] {override.py:1911} INFO - Created Permission View: can delete on DAG:example_external_task_marker_parent
[2024-12-30T11:23:46.559+0000] {logging_mixin.py:190} INFO - [2024-12-30T11:23:46.558+0000] {override.py:1911} INFO - Created Permission View: can edit on DAG:example_external_task_marker_parent
[2024-12-30T11:23:46.567+0000] {logging_mixin.py:190} INFO - [2024-12-30T11:23:46.567+0000] {override.py:1911} INFO - Created Permission View: can read on DAG:example_external_task_marker_parent
[2024-12-30T11:23:46.572+0000] {logging_mixin.py:190} INFO - [2024-12-30T11:23:46.572+0000] {override.py:1911} INFO - Created Permission View: menu access on DAG Run:example_external_task_marker_parent
[2024-12-30T11:23:46.576+0000] {logging_mixin.py:190} INFO - [2024-12-30T11:23:46.576+0000] {override.py:1911} INFO - Created Permission View: can delete on DAG Run:example_external_task_marker_parent
[2024-12-30T11:23:46.581+0000] {logging_mixin.py:190} INFO - [2024-12-30T11:23:46.580+0000] {override.py:1911} INFO - Created Permission View: can create on DAG Run:example_external_task_marker_parent
[2024-12-30T11:23:46.589+0000] {logging_mixin.py:190} INFO - [2024-12-30T11:23:46.589+0000] {override.py:1911} INFO - Created Permission View: can read on DAG Run:example_external_task_marker_parent
[2024-12-30T11:23:46.601+0000] {logging_mixin.py:190} INFO - [2024-12-30T11:23:46.600+0000] {override.py:1911} INFO - Created Permission View: can delete on DAG:example_external_task_marker_child
[2024-12-30T11:23:46.604+0000] {logging_mixin.py:190} INFO - [2024-12-30T11:23:46.604+0000] {override.py:1911} INFO - Created Permission View: can edit on DAG:example_external_task_marker_child
[2024-12-30T11:23:46.607+0000] {logging_mixin.py:190} INFO - [2024-12-30T11:23:46.607+0000] {override.py:1911} INFO - Created Permission View: can read on DAG:example_external_task_marker_child
[2024-12-30T11:23:46.625+0000] {logging_mixin.py:190} INFO - [2024-12-30T11:23:46.625+0000] {override.py:1911} INFO - Created Permission View: menu access on DAG Run:example_external_task_marker_child
[2024-12-30T11:23:46.629+0000] {logging_mixin.py:190} INFO - [2024-12-30T11:23:46.629+0000] {override.py:1911} INFO - Created Permission View: can delete on DAG Run:example_external_task_marker_child
[2024-12-30T11:23:46.635+0000] {logging_mixin.py:190} INFO - [2024-12-30T11:23:46.635+0000] {override.py:1911} INFO - Created Permission View: can create on DAG Run:example_external_task_marker_child
[2024-12-30T11:23:46.640+0000] {logging_mixin.py:190} INFO - [2024-12-30T11:23:46.640+0000] {override.py:1911} INFO - Created Permission View: can read on DAG Run:example_external_task_marker_child
[2024-12-30T11:23:46.641+0000] {logging_mixin.py:190} INFO - [2024-12-30T11:23:46.641+0000] {dag.py:3239} INFO - Sync 2 DAGs
[2024-12-30T11:23:46.650+0000] {logging_mixin.py:190} INFO - [2024-12-30T11:23:46.650+0000] {dag.py:3262} INFO - Creating ORM DAG for example_external_task_marker_child
[2024-12-30T11:23:46.650+0000] {logging_mixin.py:190} INFO - [2024-12-30T11:23:46.650+0000] {dag.py:3262} INFO - Creating ORM DAG for example_external_task_marker_parent
[2024-12-30T11:23:46.651+0000] {logging_mixin.py:190} INFO - [2024-12-30T11:23:46.651+0000] {dag.py:4180} INFO - Setting next_dagrun for example_external_task_marker_child to None, run_after=None
[2024-12-30T11:23:46.651+0000] {logging_mixin.py:190} INFO - [2024-12-30T11:23:46.651+0000] {dag.py:4180} INFO - Setting next_dagrun for example_external_task_marker_parent to None, run_after=None
[2024-12-30T11:23:46.659+0000] {processor.py:208} INFO - Processing /home/airflow/.local/lib/python3.12/site-packages/airflow/example_dags/example_external_task_marker_dag.py took 0.192 seconds
[2024-12-30T11:24:17.894+0000] {processor.py:186} INFO - Started process (PID=142) to work on /home/airflow/.local/lib/python3.12/site-packages/airflow/example_dags/example_external_task_marker_dag.py
[2024-12-30T11:24:17.894+0000] {processor.py:914} INFO - Processing file /home/airflow/.local/lib/python3.12/site-packages/airflow/example_dags/example_external_task_marker_dag.py for tasks to queue
[2024-12-30T11:24:17.895+0000] {logging_mixin.py:190} INFO - [2024-12-30T11:24:17.895+0000] {dagbag.py:588} INFO - Filling up the DagBag from /home/airflow/.local/lib/python3.12/site-packages/airflow/example_dags/example_external_task_marker_dag.py
[2024-12-30T11:24:17.900+0000] {processor.py:925} INFO - DAG(s) 'example_external_task_marker_child', 'example_external_task_marker_parent' retrieved from /home/airflow/.local/lib/python3.12/site-packages/airflow/example_dags/example_external_task_marker_dag.py
[2024-12-30T11:24:17.910+0000] {logging_mixin.py:190} INFO - [2024-12-30T11:24:17.909+0000] {dag.py:3239} INFO - Sync 2 DAGs
[2024-12-30T11:24:17.916+0000] {logging_mixin.py:190} INFO - [2024-12-30T11:24:17.916+0000] {dag.py:4180} INFO - Setting next_dagrun for example_external_task_marker_child to None, run_after=None
[2024-12-30T11:24:17.918+0000] {logging_mixin.py:190} INFO - [2024-12-30T11:24:17.918+0000] {dag.py:4180} INFO - Setting next_dagrun for example_external_task_marker_parent to None, run_after=None
[2024-12-30T11:24:17.924+0000] {processor.py:208} INFO - Processing /home/airflow/.local/lib/python3.12/site-packages/airflow/example_dags/example_external_task_marker_dag.py took 0.033 seconds
