[2024-12-30T11:23:47.952+0000] {processor.py:186} INFO - Started process (PID=91) to work on /home/airflow/.local/lib/python3.12/site-packages/airflow/example_dags/example_branch_python_dop_operator_3.py
[2024-12-30T11:23:47.953+0000] {processor.py:914} INFO - Processing file /home/airflow/.local/lib/python3.12/site-packages/airflow/example_dags/example_branch_python_dop_operator_3.py for tasks to queue
[2024-12-30T11:23:47.955+0000] {logging_mixin.py:190} INFO - [2024-12-30T11:23:47.954+0000] {dagbag.py:588} INFO - Filling up the DagBag from /home/airflow/.local/lib/python3.12/site-packages/airflow/example_dags/example_branch_python_dop_operator_3.py
[2024-12-30T11:23:47.966+0000] {processor.py:925} INFO - DAG(s) 'example_branch_dop_operator_v3' retrieved from /home/airflow/.local/lib/python3.12/site-packages/airflow/example_dags/example_branch_python_dop_operator_3.py
[2024-12-30T11:23:48.038+0000] {logging_mixin.py:190} INFO - [2024-12-30T11:23:48.038+0000] {override.py:1911} INFO - Created Permission View: can delete on DAG:example_branch_dop_operator_v3
[2024-12-30T11:23:48.043+0000] {logging_mixin.py:190} INFO - [2024-12-30T11:23:48.043+0000] {override.py:1911} INFO - Created Permission View: can edit on DAG:example_branch_dop_operator_v3
[2024-12-30T11:23:48.047+0000] {logging_mixin.py:190} INFO - [2024-12-30T11:23:48.047+0000] {override.py:1911} INFO - Created Permission View: can read on DAG:example_branch_dop_operator_v3
[2024-12-30T11:23:48.050+0000] {logging_mixin.py:190} INFO - [2024-12-30T11:23:48.050+0000] {override.py:1911} INFO - Created Permission View: menu access on DAG Run:example_branch_dop_operator_v3
[2024-12-30T11:23:48.053+0000] {logging_mixin.py:190} INFO - [2024-12-30T11:23:48.053+0000] {override.py:1911} INFO - Created Permission View: can delete on DAG Run:example_branch_dop_operator_v3
[2024-12-30T11:23:48.056+0000] {logging_mixin.py:190} INFO - [2024-12-30T11:23:48.056+0000] {override.py:1911} INFO - Created Permission View: can create on DAG Run:example_branch_dop_operator_v3
[2024-12-30T11:23:48.059+0000] {logging_mixin.py:190} INFO - [2024-12-30T11:23:48.059+0000] {override.py:1911} INFO - Created Permission View: can read on DAG Run:example_branch_dop_operator_v3
[2024-12-30T11:23:48.059+0000] {logging_mixin.py:190} INFO - [2024-12-30T11:23:48.059+0000] {dag.py:3239} INFO - Sync 1 DAGs
[2024-12-30T11:23:48.067+0000] {logging_mixin.py:190} INFO - [2024-12-30T11:23:48.066+0000] {dag.py:3262} INFO - Creating ORM DAG for example_branch_dop_operator_v3
[2024-12-30T11:23:48.074+0000] {logging_mixin.py:190} INFO - [2024-12-30T11:23:48.074+0000] {dag.py:4180} INFO - Setting next_dagrun for example_branch_dop_operator_v3 to 2024-12-30 11:22:00+00:00, run_after=2024-12-30 11:23:00+00:00
[2024-12-30T11:23:48.082+0000] {processor.py:208} INFO - Processing /home/airflow/.local/lib/python3.12/site-packages/airflow/example_dags/example_branch_python_dop_operator_3.py took 0.134 seconds
[2024-12-30T11:24:18.560+0000] {processor.py:186} INFO - Started process (PID=155) to work on /home/airflow/.local/lib/python3.12/site-packages/airflow/example_dags/example_branch_python_dop_operator_3.py
[2024-12-30T11:24:18.561+0000] {processor.py:914} INFO - Processing file /home/airflow/.local/lib/python3.12/site-packages/airflow/example_dags/example_branch_python_dop_operator_3.py for tasks to queue
[2024-12-30T11:24:18.562+0000] {logging_mixin.py:190} INFO - [2024-12-30T11:24:18.562+0000] {dagbag.py:588} INFO - Filling up the DagBag from /home/airflow/.local/lib/python3.12/site-packages/airflow/example_dags/example_branch_python_dop_operator_3.py
[2024-12-30T11:24:18.569+0000] {processor.py:925} INFO - DAG(s) 'example_branch_dop_operator_v3' retrieved from /home/airflow/.local/lib/python3.12/site-packages/airflow/example_dags/example_branch_python_dop_operator_3.py
[2024-12-30T11:24:18.584+0000] {logging_mixin.py:190} INFO - [2024-12-30T11:24:18.584+0000] {dag.py:3239} INFO - Sync 1 DAGs
[2024-12-30T11:24:18.599+0000] {logging_mixin.py:190} INFO - [2024-12-30T11:24:18.599+0000] {dag.py:4180} INFO - Setting next_dagrun for example_branch_dop_operator_v3 to 2024-12-30 11:23:00+00:00, run_after=2024-12-30 11:24:00+00:00
[2024-12-30T11:24:18.610+0000] {processor.py:208} INFO - Processing /home/airflow/.local/lib/python3.12/site-packages/airflow/example_dags/example_branch_python_dop_operator_3.py took 0.052 seconds
