[2024-12-30T11:23:45.041+0000] {processor.py:186} INFO - Started process (PID=63) to work on /home/airflow/.local/lib/python3.12/site-packages/airflow/example_dags/example_nested_branch_dag.py
[2024-12-30T11:23:45.042+0000] {processor.py:914} INFO - Processing file /home/airflow/.local/lib/python3.12/site-packages/airflow/example_dags/example_nested_branch_dag.py for tasks to queue
[2024-12-30T11:23:45.043+0000] {logging_mixin.py:190} INFO - [2024-12-30T11:23:45.043+0000] {dagbag.py:588} INFO - Filling up the DagBag from /home/airflow/.local/lib/python3.12/site-packages/airflow/example_dags/example_nested_branch_dag.py
[2024-12-30T11:23:45.051+0000] {processor.py:925} INFO - DAG(s) 'example_nested_branch_dag' retrieved from /home/airflow/.local/lib/python3.12/site-packages/airflow/example_dags/example_nested_branch_dag.py
[2024-12-30T11:23:45.098+0000] {logging_mixin.py:190} INFO - [2024-12-30T11:23:45.098+0000] {override.py:1911} INFO - Created Permission View: can delete on DAG:example_nested_branch_dag
[2024-12-30T11:23:45.105+0000] {logging_mixin.py:190} INFO - [2024-12-30T11:23:45.105+0000] {override.py:1911} INFO - Created Permission View: can edit on DAG:example_nested_branch_dag
[2024-12-30T11:23:45.111+0000] {logging_mixin.py:190} INFO - [2024-12-30T11:23:45.111+0000] {override.py:1911} INFO - Created Permission View: can read on DAG:example_nested_branch_dag
[2024-12-30T11:23:45.113+0000] {logging_mixin.py:190} INFO - [2024-12-30T11:23:45.113+0000] {override.py:1911} INFO - Created Permission View: menu access on DAG Run:example_nested_branch_dag
[2024-12-30T11:23:45.117+0000] {logging_mixin.py:190} INFO - [2024-12-30T11:23:45.117+0000] {override.py:1911} INFO - Created Permission View: can delete on DAG Run:example_nested_branch_dag
[2024-12-30T11:23:45.125+0000] {logging_mixin.py:190} INFO - [2024-12-30T11:23:45.125+0000] {override.py:1911} INFO - Created Permission View: can create on DAG Run:example_nested_branch_dag
[2024-12-30T11:23:45.132+0000] {logging_mixin.py:190} INFO - [2024-12-30T11:23:45.132+0000] {override.py:1911} INFO - Created Permission View: can read on DAG Run:example_nested_branch_dag
[2024-12-30T11:23:45.132+0000] {logging_mixin.py:190} INFO - [2024-12-30T11:23:45.132+0000] {dag.py:3239} INFO - Sync 1 DAGs
[2024-12-30T11:23:45.137+0000] {logging_mixin.py:190} INFO - [2024-12-30T11:23:45.137+0000] {dag.py:3262} INFO - Creating ORM DAG for example_nested_branch_dag
[2024-12-30T11:23:45.141+0000] {logging_mixin.py:190} INFO - [2024-12-30T11:23:45.141+0000] {dag.py:4180} INFO - Setting next_dagrun for example_nested_branch_dag to 2024-12-29 00:00:00+00:00, run_after=2024-12-30 00:00:00+00:00
[2024-12-30T11:23:45.148+0000] {processor.py:208} INFO - Processing /home/airflow/.local/lib/python3.12/site-packages/airflow/example_dags/example_nested_branch_dag.py took 0.110 seconds
[2024-12-30T11:24:16.666+0000] {processor.py:186} INFO - Started process (PID=127) to work on /home/airflow/.local/lib/python3.12/site-packages/airflow/example_dags/example_nested_branch_dag.py
[2024-12-30T11:24:16.667+0000] {processor.py:914} INFO - Processing file /home/airflow/.local/lib/python3.12/site-packages/airflow/example_dags/example_nested_branch_dag.py for tasks to queue
[2024-12-30T11:24:16.668+0000] {logging_mixin.py:190} INFO - [2024-12-30T11:24:16.668+0000] {dagbag.py:588} INFO - Filling up the DagBag from /home/airflow/.local/lib/python3.12/site-packages/airflow/example_dags/example_nested_branch_dag.py
[2024-12-30T11:24:16.676+0000] {processor.py:925} INFO - DAG(s) 'example_nested_branch_dag' retrieved from /home/airflow/.local/lib/python3.12/site-packages/airflow/example_dags/example_nested_branch_dag.py
[2024-12-30T11:24:16.690+0000] {logging_mixin.py:190} INFO - [2024-12-30T11:24:16.689+0000] {dag.py:3239} INFO - Sync 1 DAGs
[2024-12-30T11:24:16.715+0000] {logging_mixin.py:190} INFO - [2024-12-30T11:24:16.714+0000] {dag.py:4180} INFO - Setting next_dagrun for example_nested_branch_dag to 2024-12-29 00:00:00+00:00, run_after=2024-12-30 00:00:00+00:00
[2024-12-30T11:24:16.801+0000] {processor.py:208} INFO - Processing /home/airflow/.local/lib/python3.12/site-packages/airflow/example_dags/example_nested_branch_dag.py took 0.138 seconds
