[2024-12-30T11:23:45.816+0000] {processor.py:186} INFO - Started process (PID=71) to work on /home/airflow/.local/lib/python3.12/site-packages/airflow/example_dags/example_skip_dag.py
[2024-12-30T11:23:45.816+0000] {processor.py:914} INFO - Processing file /home/airflow/.local/lib/python3.12/site-packages/airflow/example_dags/example_skip_dag.py for tasks to queue
[2024-12-30T11:23:45.818+0000] {logging_mixin.py:190} INFO - [2024-12-30T11:23:45.818+0000] {dagbag.py:588} INFO - Filling up the DagBag from /home/airflow/.local/lib/python3.12/site-packages/airflow/example_dags/example_skip_dag.py
[2024-12-30T11:23:45.828+0000] {processor.py:925} INFO - DAG(s) 'example_skip_dag' retrieved from /home/airflow/.local/lib/python3.12/site-packages/airflow/example_dags/example_skip_dag.py
[2024-12-30T11:23:45.895+0000] {logging_mixin.py:190} INFO - [2024-12-30T11:23:45.894+0000] {override.py:1911} INFO - Created Permission View: can delete on DAG:example_skip_dag
[2024-12-30T11:23:45.901+0000] {logging_mixin.py:190} INFO - [2024-12-30T11:23:45.901+0000] {override.py:1911} INFO - Created Permission View: can edit on DAG:example_skip_dag
[2024-12-30T11:23:45.906+0000] {logging_mixin.py:190} INFO - [2024-12-30T11:23:45.905+0000] {override.py:1911} INFO - Created Permission View: can read on DAG:example_skip_dag
[2024-12-30T11:23:45.909+0000] {logging_mixin.py:190} INFO - [2024-12-30T11:23:45.908+0000] {override.py:1911} INFO - Created Permission View: menu access on DAG Run:example_skip_dag
[2024-12-30T11:23:45.917+0000] {logging_mixin.py:190} INFO - [2024-12-30T11:23:45.917+0000] {override.py:1911} INFO - Created Permission View: can delete on DAG Run:example_skip_dag
[2024-12-30T11:23:45.921+0000] {logging_mixin.py:190} INFO - [2024-12-30T11:23:45.921+0000] {override.py:1911} INFO - Created Permission View: can create on DAG Run:example_skip_dag
[2024-12-30T11:23:45.931+0000] {logging_mixin.py:190} INFO - [2024-12-30T11:23:45.931+0000] {override.py:1911} INFO - Created Permission View: can read on DAG Run:example_skip_dag
[2024-12-30T11:23:45.931+0000] {logging_mixin.py:190} INFO - [2024-12-30T11:23:45.931+0000] {dag.py:3239} INFO - Sync 1 DAGs
[2024-12-30T11:23:45.940+0000] {logging_mixin.py:190} INFO - [2024-12-30T11:23:45.940+0000] {dag.py:3262} INFO - Creating ORM DAG for example_skip_dag
[2024-12-30T11:23:45.947+0000] {logging_mixin.py:190} INFO - [2024-12-30T11:23:45.947+0000] {dag.py:4180} INFO - Setting next_dagrun for example_skip_dag to 2024-12-29 00:00:00+00:00, run_after=2024-12-30 00:00:00+00:00
[2024-12-30T11:23:45.961+0000] {processor.py:208} INFO - Processing /home/airflow/.local/lib/python3.12/site-packages/airflow/example_dags/example_skip_dag.py took 0.149 seconds
[2024-12-30T11:24:17.429+0000] {processor.py:186} INFO - Started process (PID=135) to work on /home/airflow/.local/lib/python3.12/site-packages/airflow/example_dags/example_skip_dag.py
[2024-12-30T11:24:17.430+0000] {processor.py:914} INFO - Processing file /home/airflow/.local/lib/python3.12/site-packages/airflow/example_dags/example_skip_dag.py for tasks to queue
[2024-12-30T11:24:17.432+0000] {logging_mixin.py:190} INFO - [2024-12-30T11:24:17.432+0000] {dagbag.py:588} INFO - Filling up the DagBag from /home/airflow/.local/lib/python3.12/site-packages/airflow/example_dags/example_skip_dag.py
[2024-12-30T11:24:17.438+0000] {processor.py:925} INFO - DAG(s) 'example_skip_dag' retrieved from /home/airflow/.local/lib/python3.12/site-packages/airflow/example_dags/example_skip_dag.py
[2024-12-30T11:24:17.452+0000] {logging_mixin.py:190} INFO - [2024-12-30T11:24:17.452+0000] {dag.py:3239} INFO - Sync 1 DAGs
[2024-12-30T11:24:17.479+0000] {logging_mixin.py:190} INFO - [2024-12-30T11:24:17.479+0000] {dag.py:4180} INFO - Setting next_dagrun for example_skip_dag to 2024-12-29 00:00:00+00:00, run_after=2024-12-30 00:00:00+00:00
[2024-12-30T11:24:17.491+0000] {processor.py:208} INFO - Processing /home/airflow/.local/lib/python3.12/site-packages/airflow/example_dags/example_skip_dag.py took 0.068 seconds
