[2024-12-30T11:23:45.343+0000] {processor.py:186} INFO - Started process (PID=68) to work on /home/airflow/.local/lib/python3.12/site-packages/airflow/example_dags/example_branch_labels.py
[2024-12-30T11:23:45.343+0000] {processor.py:914} INFO - Processing file /home/airflow/.local/lib/python3.12/site-packages/airflow/example_dags/example_branch_labels.py for tasks to queue
[2024-12-30T11:23:45.345+0000] {logging_mixin.py:190} INFO - [2024-12-30T11:23:45.344+0000] {dagbag.py:588} INFO - Filling up the DagBag from /home/airflow/.local/lib/python3.12/site-packages/airflow/example_dags/example_branch_labels.py
[2024-12-30T11:23:45.350+0000] {processor.py:925} INFO - DAG(s) 'example_branch_labels' retrieved from /home/airflow/.local/lib/python3.12/site-packages/airflow/example_dags/example_branch_labels.py
[2024-12-30T11:23:45.406+0000] {logging_mixin.py:190} INFO - [2024-12-30T11:23:45.405+0000] {override.py:1911} INFO - Created Permission View: can delete on DAG:example_branch_labels
[2024-12-30T11:23:45.410+0000] {logging_mixin.py:190} INFO - [2024-12-30T11:23:45.410+0000] {override.py:1911} INFO - Created Permission View: can edit on DAG:example_branch_labels
[2024-12-30T11:23:45.413+0000] {logging_mixin.py:190} INFO - [2024-12-30T11:23:45.412+0000] {override.py:1911} INFO - Created Permission View: can read on DAG:example_branch_labels
[2024-12-30T11:23:45.415+0000] {logging_mixin.py:190} INFO - [2024-12-30T11:23:45.415+0000] {override.py:1911} INFO - Created Permission View: menu access on DAG Run:example_branch_labels
[2024-12-30T11:23:45.418+0000] {logging_mixin.py:190} INFO - [2024-12-30T11:23:45.418+0000] {override.py:1911} INFO - Created Permission View: can delete on DAG Run:example_branch_labels
[2024-12-30T11:23:45.421+0000] {logging_mixin.py:190} INFO - [2024-12-30T11:23:45.421+0000] {override.py:1911} INFO - Created Permission View: can create on DAG Run:example_branch_labels
[2024-12-30T11:23:45.425+0000] {logging_mixin.py:190} INFO - [2024-12-30T11:23:45.424+0000] {override.py:1911} INFO - Created Permission View: can read on DAG Run:example_branch_labels
[2024-12-30T11:23:45.426+0000] {logging_mixin.py:190} INFO - [2024-12-30T11:23:45.425+0000] {dag.py:3239} INFO - Sync 1 DAGs
[2024-12-30T11:23:45.439+0000] {logging_mixin.py:190} INFO - [2024-12-30T11:23:45.438+0000] {dag.py:3262} INFO - Creating ORM DAG for example_branch_labels
[2024-12-30T11:23:45.444+0000] {logging_mixin.py:190} INFO - [2024-12-30T11:23:45.444+0000] {dag.py:4180} INFO - Setting next_dagrun for example_branch_labels to 2024-12-29 00:00:00+00:00, run_after=2024-12-30 00:00:00+00:00
[2024-12-30T11:23:45.467+0000] {processor.py:208} INFO - Processing /home/airflow/.local/lib/python3.12/site-packages/airflow/example_dags/example_branch_labels.py took 0.127 seconds
[2024-12-30T11:24:17.099+0000] {processor.py:186} INFO - Started process (PID=132) to work on /home/airflow/.local/lib/python3.12/site-packages/airflow/example_dags/example_branch_labels.py
[2024-12-30T11:24:17.100+0000] {processor.py:914} INFO - Processing file /home/airflow/.local/lib/python3.12/site-packages/airflow/example_dags/example_branch_labels.py for tasks to queue
[2024-12-30T11:24:17.102+0000] {logging_mixin.py:190} INFO - [2024-12-30T11:24:17.102+0000] {dagbag.py:588} INFO - Filling up the DagBag from /home/airflow/.local/lib/python3.12/site-packages/airflow/example_dags/example_branch_labels.py
[2024-12-30T11:24:17.112+0000] {processor.py:925} INFO - DAG(s) 'example_branch_labels' retrieved from /home/airflow/.local/lib/python3.12/site-packages/airflow/example_dags/example_branch_labels.py
[2024-12-30T11:24:17.139+0000] {logging_mixin.py:190} INFO - [2024-12-30T11:24:17.139+0000] {dag.py:3239} INFO - Sync 1 DAGs
[2024-12-30T11:24:17.158+0000] {logging_mixin.py:190} INFO - [2024-12-30T11:24:17.158+0000] {dag.py:4180} INFO - Setting next_dagrun for example_branch_labels to 2024-12-29 00:00:00+00:00, run_after=2024-12-30 00:00:00+00:00
[2024-12-30T11:24:17.180+0000] {processor.py:208} INFO - Processing /home/airflow/.local/lib/python3.12/site-packages/airflow/example_dags/example_branch_labels.py took 0.085 seconds
