[2024-12-30T11:23:42.558+0000] {processor.py:186} INFO - Started process (PID=52) to work on /home/airflow/.local/lib/python3.12/site-packages/airflow/example_dags/example_bash_operator.py
[2024-12-30T11:23:42.559+0000] {processor.py:914} INFO - Processing file /home/airflow/.local/lib/python3.12/site-packages/airflow/example_dags/example_bash_operator.py for tasks to queue
[2024-12-30T11:23:42.562+0000] {logging_mixin.py:190} INFO - [2024-12-30T11:23:42.561+0000] {dagbag.py:588} INFO - Filling up the DagBag from /home/airflow/.local/lib/python3.12/site-packages/airflow/example_dags/example_bash_operator.py
[2024-12-30T11:23:42.587+0000] {processor.py:925} INFO - DAG(s) 'example_bash_operator' retrieved from /home/airflow/.local/lib/python3.12/site-packages/airflow/example_dags/example_bash_operator.py
[2024-12-30T11:23:42.795+0000] {logging_mixin.py:190} INFO - [2024-12-30T11:23:42.794+0000] {override.py:1911} INFO - Created Permission View: can delete on DAG:example_bash_operator
[2024-12-30T11:23:42.806+0000] {logging_mixin.py:190} INFO - [2024-12-30T11:23:42.806+0000] {override.py:1911} INFO - Created Permission View: can edit on DAG:example_bash_operator
[2024-12-30T11:23:42.813+0000] {logging_mixin.py:190} INFO - [2024-12-30T11:23:42.813+0000] {override.py:1911} INFO - Created Permission View: can read on DAG:example_bash_operator
[2024-12-30T11:23:42.818+0000] {logging_mixin.py:190} INFO - [2024-12-30T11:23:42.818+0000] {override.py:1911} INFO - Created Permission View: menu access on DAG Run:example_bash_operator
[2024-12-30T11:23:42.823+0000] {logging_mixin.py:190} INFO - [2024-12-30T11:23:42.823+0000] {override.py:1911} INFO - Created Permission View: can delete on DAG Run:example_bash_operator
[2024-12-30T11:23:42.828+0000] {logging_mixin.py:190} INFO - [2024-12-30T11:23:42.827+0000] {override.py:1911} INFO - Created Permission View: can create on DAG Run:example_bash_operator
[2024-12-30T11:23:42.832+0000] {logging_mixin.py:190} INFO - [2024-12-30T11:23:42.831+0000] {override.py:1911} INFO - Created Permission View: can read on DAG Run:example_bash_operator
[2024-12-30T11:23:42.833+0000] {logging_mixin.py:190} INFO - [2024-12-30T11:23:42.833+0000] {dag.py:3239} INFO - Sync 1 DAGs
[2024-12-30T11:23:42.848+0000] {logging_mixin.py:190} INFO - [2024-12-30T11:23:42.848+0000] {dag.py:3262} INFO - Creating ORM DAG for example_bash_operator
[2024-12-30T11:23:42.857+0000] {logging_mixin.py:190} INFO - [2024-12-30T11:23:42.856+0000] {dag.py:4180} INFO - Setting next_dagrun for example_bash_operator to 2024-12-29 00:00:00+00:00, run_after=2024-12-30 00:00:00+00:00
[2024-12-30T11:23:42.882+0000] {processor.py:208} INFO - Processing /home/airflow/.local/lib/python3.12/site-packages/airflow/example_dags/example_bash_operator.py took 0.333 seconds
[2024-12-30T11:24:13.426+0000] {processor.py:186} INFO - Started process (PID=116) to work on /home/airflow/.local/lib/python3.12/site-packages/airflow/example_dags/example_bash_operator.py
[2024-12-30T11:24:13.429+0000] {processor.py:914} INFO - Processing file /home/airflow/.local/lib/python3.12/site-packages/airflow/example_dags/example_bash_operator.py for tasks to queue
[2024-12-30T11:24:13.440+0000] {logging_mixin.py:190} INFO - [2024-12-30T11:24:13.440+0000] {dagbag.py:588} INFO - Filling up the DagBag from /home/airflow/.local/lib/python3.12/site-packages/airflow/example_dags/example_bash_operator.py
[2024-12-30T11:24:13.478+0000] {processor.py:925} INFO - DAG(s) 'example_bash_operator' retrieved from /home/airflow/.local/lib/python3.12/site-packages/airflow/example_dags/example_bash_operator.py
[2024-12-30T11:24:13.529+0000] {logging_mixin.py:190} INFO - [2024-12-30T11:24:13.529+0000] {dag.py:3239} INFO - Sync 1 DAGs
[2024-12-30T11:24:13.691+0000] {logging_mixin.py:190} INFO - [2024-12-30T11:24:13.685+0000] {dag.py:4180} INFO - Setting next_dagrun for example_bash_operator to 2024-12-29 00:00:00+00:00, run_after=2024-12-30 00:00:00+00:00
[2024-12-30T11:24:13.786+0000] {processor.py:208} INFO - Processing /home/airflow/.local/lib/python3.12/site-packages/airflow/example_dags/example_bash_operator.py took 0.370 seconds
