[2024-12-30T11:23:48.099+0000] {processor.py:186} INFO - Started process (PID=92) to work on /home/airflow/.local/lib/python3.12/site-packages/airflow/example_dags/example_setup_teardown.py
[2024-12-30T11:23:48.100+0000] {processor.py:914} INFO - Processing file /home/airflow/.local/lib/python3.12/site-packages/airflow/example_dags/example_setup_teardown.py for tasks to queue
[2024-12-30T11:23:48.101+0000] {logging_mixin.py:190} INFO - [2024-12-30T11:23:48.101+0000] {dagbag.py:588} INFO - Filling up the DagBag from /home/airflow/.local/lib/python3.12/site-packages/airflow/example_dags/example_setup_teardown.py
[2024-12-30T11:23:48.106+0000] {processor.py:925} INFO - DAG(s) 'example_setup_teardown' retrieved from /home/airflow/.local/lib/python3.12/site-packages/airflow/example_dags/example_setup_teardown.py
[2024-12-30T11:23:48.168+0000] {logging_mixin.py:190} INFO - [2024-12-30T11:23:48.168+0000] {override.py:1911} INFO - Created Permission View: can delete on DAG:example_setup_teardown
[2024-12-30T11:23:48.172+0000] {logging_mixin.py:190} INFO - [2024-12-30T11:23:48.172+0000] {override.py:1911} INFO - Created Permission View: can edit on DAG:example_setup_teardown
[2024-12-30T11:23:48.174+0000] {logging_mixin.py:190} INFO - [2024-12-30T11:23:48.174+0000] {override.py:1911} INFO - Created Permission View: can read on DAG:example_setup_teardown
[2024-12-30T11:23:48.177+0000] {logging_mixin.py:190} INFO - [2024-12-30T11:23:48.177+0000] {override.py:1911} INFO - Created Permission View: menu access on DAG Run:example_setup_teardown
[2024-12-30T11:23:48.183+0000] {logging_mixin.py:190} INFO - [2024-12-30T11:23:48.183+0000] {override.py:1911} INFO - Created Permission View: can delete on DAG Run:example_setup_teardown
[2024-12-30T11:23:48.187+0000] {logging_mixin.py:190} INFO - [2024-12-30T11:23:48.187+0000] {override.py:1911} INFO - Created Permission View: can create on DAG Run:example_setup_teardown
[2024-12-30T11:23:48.191+0000] {logging_mixin.py:190} INFO - [2024-12-30T11:23:48.191+0000] {override.py:1911} INFO - Created Permission View: can read on DAG Run:example_setup_teardown
[2024-12-30T11:23:48.192+0000] {logging_mixin.py:190} INFO - [2024-12-30T11:23:48.192+0000] {dag.py:3239} INFO - Sync 1 DAGs
[2024-12-30T11:23:48.200+0000] {logging_mixin.py:190} INFO - [2024-12-30T11:23:48.200+0000] {dag.py:3262} INFO - Creating ORM DAG for example_setup_teardown
[2024-12-30T11:23:48.202+0000] {logging_mixin.py:190} INFO - [2024-12-30T11:23:48.202+0000] {dag.py:4180} INFO - Setting next_dagrun for example_setup_teardown to None, run_after=None
[2024-12-30T11:23:48.213+0000] {processor.py:208} INFO - Processing /home/airflow/.local/lib/python3.12/site-packages/airflow/example_dags/example_setup_teardown.py took 0.119 seconds
[2024-12-30T11:24:18.625+0000] {processor.py:186} INFO - Started process (PID=156) to work on /home/airflow/.local/lib/python3.12/site-packages/airflow/example_dags/example_setup_teardown.py
[2024-12-30T11:24:18.625+0000] {processor.py:914} INFO - Processing file /home/airflow/.local/lib/python3.12/site-packages/airflow/example_dags/example_setup_teardown.py for tasks to queue
[2024-12-30T11:24:18.627+0000] {logging_mixin.py:190} INFO - [2024-12-30T11:24:18.627+0000] {dagbag.py:588} INFO - Filling up the DagBag from /home/airflow/.local/lib/python3.12/site-packages/airflow/example_dags/example_setup_teardown.py
[2024-12-30T11:24:18.632+0000] {processor.py:925} INFO - DAG(s) 'example_setup_teardown' retrieved from /home/airflow/.local/lib/python3.12/site-packages/airflow/example_dags/example_setup_teardown.py
[2024-12-30T11:24:18.643+0000] {logging_mixin.py:190} INFO - [2024-12-30T11:24:18.643+0000] {dag.py:3239} INFO - Sync 1 DAGs
[2024-12-30T11:24:18.651+0000] {logging_mixin.py:190} INFO - [2024-12-30T11:24:18.650+0000] {dag.py:4180} INFO - Setting next_dagrun for example_setup_teardown to None, run_after=None
[2024-12-30T11:24:18.659+0000] {processor.py:208} INFO - Processing /home/airflow/.local/lib/python3.12/site-packages/airflow/example_dags/example_setup_teardown.py took 0.038 seconds
