[2024-12-30T11:23:48.790+0000] {processor.py:186} INFO - Started process (PID=102) to work on /home/airflow/.local/lib/python3.12/site-packages/airflow/example_dags/example_complex.py
[2024-12-30T11:23:48.791+0000] {processor.py:914} INFO - Processing file /home/airflow/.local/lib/python3.12/site-packages/airflow/example_dags/example_complex.py for tasks to queue
[2024-12-30T11:23:48.793+0000] {logging_mixin.py:190} INFO - [2024-12-30T11:23:48.792+0000] {dagbag.py:588} INFO - Filling up the DagBag from /home/airflow/.local/lib/python3.12/site-packages/airflow/example_dags/example_complex.py
[2024-12-30T11:23:48.804+0000] {processor.py:925} INFO - DAG(s) 'example_complex' retrieved from /home/airflow/.local/lib/python3.12/site-packages/airflow/example_dags/example_complex.py
[2024-12-30T11:23:48.866+0000] {logging_mixin.py:190} INFO - [2024-12-30T11:23:48.865+0000] {override.py:1911} INFO - Created Permission View: can delete on DAG:example_complex
[2024-12-30T11:23:48.870+0000] {logging_mixin.py:190} INFO - [2024-12-30T11:23:48.870+0000] {override.py:1911} INFO - Created Permission View: can edit on DAG:example_complex
[2024-12-30T11:23:48.873+0000] {logging_mixin.py:190} INFO - [2024-12-30T11:23:48.873+0000] {override.py:1911} INFO - Created Permission View: can read on DAG:example_complex
[2024-12-30T11:23:48.876+0000] {logging_mixin.py:190} INFO - [2024-12-30T11:23:48.876+0000] {override.py:1911} INFO - Created Permission View: menu access on DAG Run:example_complex
[2024-12-30T11:23:48.882+0000] {logging_mixin.py:190} INFO - [2024-12-30T11:23:48.882+0000] {override.py:1911} INFO - Created Permission View: can delete on DAG Run:example_complex
[2024-12-30T11:23:48.889+0000] {logging_mixin.py:190} INFO - [2024-12-30T11:23:48.889+0000] {override.py:1911} INFO - Created Permission View: can create on DAG Run:example_complex
[2024-12-30T11:23:48.893+0000] {logging_mixin.py:190} INFO - [2024-12-30T11:23:48.893+0000] {override.py:1911} INFO - Created Permission View: can read on DAG Run:example_complex
[2024-12-30T11:23:48.893+0000] {logging_mixin.py:190} INFO - [2024-12-30T11:23:48.893+0000] {dag.py:3239} INFO - Sync 1 DAGs
[2024-12-30T11:23:48.900+0000] {logging_mixin.py:190} INFO - [2024-12-30T11:23:48.900+0000] {dag.py:3262} INFO - Creating ORM DAG for example_complex
[2024-12-30T11:23:48.901+0000] {logging_mixin.py:190} INFO - [2024-12-30T11:23:48.901+0000] {dag.py:4180} INFO - Setting next_dagrun for example_complex to None, run_after=None
[2024-12-30T11:23:48.913+0000] {processor.py:208} INFO - Processing /home/airflow/.local/lib/python3.12/site-packages/airflow/example_dags/example_complex.py took 0.126 seconds
[2024-12-30T11:24:19.038+0000] {processor.py:186} INFO - Started process (PID=166) to work on /home/airflow/.local/lib/python3.12/site-packages/airflow/example_dags/example_complex.py
[2024-12-30T11:24:19.041+0000] {processor.py:914} INFO - Processing file /home/airflow/.local/lib/python3.12/site-packages/airflow/example_dags/example_complex.py for tasks to queue
[2024-12-30T11:24:19.044+0000] {logging_mixin.py:190} INFO - [2024-12-30T11:24:19.044+0000] {dagbag.py:588} INFO - Filling up the DagBag from /home/airflow/.local/lib/python3.12/site-packages/airflow/example_dags/example_complex.py
[2024-12-30T11:24:19.056+0000] {processor.py:925} INFO - DAG(s) 'example_complex' retrieved from /home/airflow/.local/lib/python3.12/site-packages/airflow/example_dags/example_complex.py
[2024-12-30T11:24:19.078+0000] {logging_mixin.py:190} INFO - [2024-12-30T11:24:19.078+0000] {dag.py:3239} INFO - Sync 1 DAGs
[2024-12-30T11:24:19.086+0000] {logging_mixin.py:190} INFO - [2024-12-30T11:24:19.086+0000] {dag.py:4180} INFO - Setting next_dagrun for example_complex to None, run_after=None
[2024-12-30T11:24:19.098+0000] {processor.py:208} INFO - Processing /home/airflow/.local/lib/python3.12/site-packages/airflow/example_dags/example_complex.py took 0.065 seconds
