[2024-12-30T11:23:43.920+0000] {processor.py:186} INFO - Started process (PID=56) to work on /home/airflow/.local/lib/python3.12/site-packages/airflow/example_dags/example_datasets.py
[2024-12-30T11:23:43.920+0000] {processor.py:914} INFO - Processing file /home/airflow/.local/lib/python3.12/site-packages/airflow/example_dags/example_datasets.py for tasks to queue
[2024-12-30T11:23:43.922+0000] {logging_mixin.py:190} INFO - [2024-12-30T11:23:43.921+0000] {dagbag.py:588} INFO - Filling up the DagBag from /home/airflow/.local/lib/python3.12/site-packages/airflow/example_dags/example_datasets.py
[2024-12-30T11:23:44.398+0000] {processor.py:925} INFO - DAG(s) 'dataset_consumes_1_and_2', 'dataset_produces_2', 'dataset_consumes_1', 'consume_1_and_2_with_dataset_expressions', 'conditional_dataset_and_time_based_timetable', 'consume_1_or_both_2_and_3_with_dataset_expressions', 'dataset_consumes_1_never_scheduled', 'dataset_consumes_unknown_never_scheduled', 'consume_1_or_2_with_dataset_expressions', 'dataset_produces_1' retrieved from /home/airflow/.local/lib/python3.12/site-packages/airflow/example_dags/example_datasets.py
[2024-12-30T11:23:44.497+0000] {logging_mixin.py:190} INFO - [2024-12-30T11:23:44.496+0000] {override.py:1911} INFO - Created Permission View: can delete on DAG:dataset_consumes_1_and_2
[2024-12-30T11:23:44.501+0000] {logging_mixin.py:190} INFO - [2024-12-30T11:23:44.501+0000] {override.py:1911} INFO - Created Permission View: can edit on DAG:dataset_consumes_1_and_2
[2024-12-30T11:23:44.504+0000] {logging_mixin.py:190} INFO - [2024-12-30T11:23:44.504+0000] {override.py:1911} INFO - Created Permission View: can read on DAG:dataset_consumes_1_and_2
[2024-12-30T11:23:44.507+0000] {logging_mixin.py:190} INFO - [2024-12-30T11:23:44.507+0000] {override.py:1911} INFO - Created Permission View: menu access on DAG Run:dataset_consumes_1_and_2
[2024-12-30T11:23:44.509+0000] {logging_mixin.py:190} INFO - [2024-12-30T11:23:44.509+0000] {override.py:1911} INFO - Created Permission View: can delete on DAG Run:dataset_consumes_1_and_2
[2024-12-30T11:23:44.512+0000] {logging_mixin.py:190} INFO - [2024-12-30T11:23:44.512+0000] {override.py:1911} INFO - Created Permission View: can create on DAG Run:dataset_consumes_1_and_2
[2024-12-30T11:23:44.517+0000] {logging_mixin.py:190} INFO - [2024-12-30T11:23:44.517+0000] {override.py:1911} INFO - Created Permission View: can read on DAG Run:dataset_consumes_1_and_2
[2024-12-30T11:23:44.525+0000] {logging_mixin.py:190} INFO - [2024-12-30T11:23:44.525+0000] {override.py:1911} INFO - Created Permission View: can delete on DAG:dataset_produces_2
[2024-12-30T11:23:44.528+0000] {logging_mixin.py:190} INFO - [2024-12-30T11:23:44.528+0000] {override.py:1911} INFO - Created Permission View: can edit on DAG:dataset_produces_2
[2024-12-30T11:23:44.534+0000] {logging_mixin.py:190} INFO - [2024-12-30T11:23:44.533+0000] {override.py:1911} INFO - Created Permission View: can read on DAG:dataset_produces_2
[2024-12-30T11:23:44.537+0000] {logging_mixin.py:190} INFO - [2024-12-30T11:23:44.537+0000] {override.py:1911} INFO - Created Permission View: menu access on DAG Run:dataset_produces_2
[2024-12-30T11:23:44.541+0000] {logging_mixin.py:190} INFO - [2024-12-30T11:23:44.541+0000] {override.py:1911} INFO - Created Permission View: can delete on DAG Run:dataset_produces_2
[2024-12-30T11:23:44.545+0000] {logging_mixin.py:190} INFO - [2024-12-30T11:23:44.545+0000] {override.py:1911} INFO - Created Permission View: can create on DAG Run:dataset_produces_2
[2024-12-30T11:23:44.550+0000] {logging_mixin.py:190} INFO - [2024-12-30T11:23:44.550+0000] {override.py:1911} INFO - Created Permission View: can read on DAG Run:dataset_produces_2
[2024-12-30T11:23:44.558+0000] {logging_mixin.py:190} INFO - [2024-12-30T11:23:44.558+0000] {override.py:1911} INFO - Created Permission View: can delete on DAG:dataset_consumes_1
[2024-12-30T11:23:44.561+0000] {logging_mixin.py:190} INFO - [2024-12-30T11:23:44.561+0000] {override.py:1911} INFO - Created Permission View: can edit on DAG:dataset_consumes_1
[2024-12-30T11:23:44.564+0000] {logging_mixin.py:190} INFO - [2024-12-30T11:23:44.564+0000] {override.py:1911} INFO - Created Permission View: can read on DAG:dataset_consumes_1
[2024-12-30T11:23:44.570+0000] {logging_mixin.py:190} INFO - [2024-12-30T11:23:44.570+0000] {override.py:1911} INFO - Created Permission View: menu access on DAG Run:dataset_consumes_1
[2024-12-30T11:23:44.573+0000] {logging_mixin.py:190} INFO - [2024-12-30T11:23:44.573+0000] {override.py:1911} INFO - Created Permission View: can delete on DAG Run:dataset_consumes_1
[2024-12-30T11:23:44.576+0000] {logging_mixin.py:190} INFO - [2024-12-30T11:23:44.576+0000] {override.py:1911} INFO - Created Permission View: can create on DAG Run:dataset_consumes_1
[2024-12-30T11:23:44.578+0000] {logging_mixin.py:190} INFO - [2024-12-30T11:23:44.578+0000] {override.py:1911} INFO - Created Permission View: can read on DAG Run:dataset_consumes_1
[2024-12-30T11:23:44.584+0000] {logging_mixin.py:190} INFO - [2024-12-30T11:23:44.584+0000] {override.py:1911} INFO - Created Permission View: can delete on DAG:consume_1_and_2_with_dataset_expressions
[2024-12-30T11:23:44.593+0000] {logging_mixin.py:190} INFO - [2024-12-30T11:23:44.593+0000] {override.py:1911} INFO - Created Permission View: can edit on DAG:consume_1_and_2_with_dataset_expressions
[2024-12-30T11:23:44.599+0000] {logging_mixin.py:190} INFO - [2024-12-30T11:23:44.599+0000] {override.py:1911} INFO - Created Permission View: can read on DAG:consume_1_and_2_with_dataset_expressions
[2024-12-30T11:23:44.606+0000] {logging_mixin.py:190} INFO - [2024-12-30T11:23:44.606+0000] {override.py:1911} INFO - Created Permission View: menu access on DAG Run:consume_1_and_2_with_dataset_expressions
[2024-12-30T11:23:44.615+0000] {logging_mixin.py:190} INFO - [2024-12-30T11:23:44.614+0000] {override.py:1911} INFO - Created Permission View: can delete on DAG Run:consume_1_and_2_with_dataset_expressions
[2024-12-30T11:23:44.619+0000] {logging_mixin.py:190} INFO - [2024-12-30T11:23:44.619+0000] {override.py:1911} INFO - Created Permission View: can create on DAG Run:consume_1_and_2_with_dataset_expressions
[2024-12-30T11:23:44.626+0000] {logging_mixin.py:190} INFO - [2024-12-30T11:23:44.626+0000] {override.py:1911} INFO - Created Permission View: can read on DAG Run:consume_1_and_2_with_dataset_expressions
[2024-12-30T11:23:44.638+0000] {logging_mixin.py:190} INFO - [2024-12-30T11:23:44.638+0000] {override.py:1911} INFO - Created Permission View: can delete on DAG:conditional_dataset_and_time_based_timetable
[2024-12-30T11:23:44.644+0000] {logging_mixin.py:190} INFO - [2024-12-30T11:23:44.644+0000] {override.py:1911} INFO - Created Permission View: can edit on DAG:conditional_dataset_and_time_based_timetable
[2024-12-30T11:23:44.650+0000] {logging_mixin.py:190} INFO - [2024-12-30T11:23:44.650+0000] {override.py:1911} INFO - Created Permission View: can read on DAG:conditional_dataset_and_time_based_timetable
[2024-12-30T11:23:44.656+0000] {logging_mixin.py:190} INFO - [2024-12-30T11:23:44.656+0000] {override.py:1911} INFO - Created Permission View: menu access on DAG Run:conditional_dataset_and_time_based_timetable
[2024-12-30T11:23:44.661+0000] {logging_mixin.py:190} INFO - [2024-12-30T11:23:44.661+0000] {override.py:1911} INFO - Created Permission View: can delete on DAG Run:conditional_dataset_and_time_based_timetable
[2024-12-30T11:23:44.663+0000] {logging_mixin.py:190} INFO - [2024-12-30T11:23:44.663+0000] {override.py:1911} INFO - Created Permission View: can create on DAG Run:conditional_dataset_and_time_based_timetable
[2024-12-30T11:23:44.666+0000] {logging_mixin.py:190} INFO - [2024-12-30T11:23:44.666+0000] {override.py:1911} INFO - Created Permission View: can read on DAG Run:conditional_dataset_and_time_based_timetable
[2024-12-30T11:23:44.673+0000] {logging_mixin.py:190} INFO - [2024-12-30T11:23:44.673+0000] {override.py:1911} INFO - Created Permission View: can delete on DAG:consume_1_or_both_2_and_3_with_dataset_expressions
[2024-12-30T11:23:44.677+0000] {logging_mixin.py:190} INFO - [2024-12-30T11:23:44.676+0000] {override.py:1911} INFO - Created Permission View: can edit on DAG:consume_1_or_both_2_and_3_with_dataset_expressions
[2024-12-30T11:23:44.680+0000] {logging_mixin.py:190} INFO - [2024-12-30T11:23:44.680+0000] {override.py:1911} INFO - Created Permission View: can read on DAG:consume_1_or_both_2_and_3_with_dataset_expressions
[2024-12-30T11:23:44.683+0000] {logging_mixin.py:190} INFO - [2024-12-30T11:23:44.683+0000] {override.py:1911} INFO - Created Permission View: menu access on DAG Run:consume_1_or_both_2_and_3_with_dataset_expressions
[2024-12-30T11:23:44.686+0000] {logging_mixin.py:190} INFO - [2024-12-30T11:23:44.686+0000] {override.py:1911} INFO - Created Permission View: can delete on DAG Run:consume_1_or_both_2_and_3_with_dataset_expressions
[2024-12-30T11:23:44.690+0000] {logging_mixin.py:190} INFO - [2024-12-30T11:23:44.690+0000] {override.py:1911} INFO - Created Permission View: can create on DAG Run:consume_1_or_both_2_and_3_with_dataset_expressions
[2024-12-30T11:23:44.695+0000] {logging_mixin.py:190} INFO - [2024-12-30T11:23:44.695+0000] {override.py:1911} INFO - Created Permission View: can read on DAG Run:consume_1_or_both_2_and_3_with_dataset_expressions
[2024-12-30T11:23:44.702+0000] {logging_mixin.py:190} INFO - [2024-12-30T11:23:44.702+0000] {override.py:1911} INFO - Created Permission View: can delete on DAG:dataset_consumes_1_never_scheduled
[2024-12-30T11:23:44.706+0000] {logging_mixin.py:190} INFO - [2024-12-30T11:23:44.706+0000] {override.py:1911} INFO - Created Permission View: can edit on DAG:dataset_consumes_1_never_scheduled
[2024-12-30T11:23:44.711+0000] {logging_mixin.py:190} INFO - [2024-12-30T11:23:44.711+0000] {override.py:1911} INFO - Created Permission View: can read on DAG:dataset_consumes_1_never_scheduled
[2024-12-30T11:23:44.714+0000] {logging_mixin.py:190} INFO - [2024-12-30T11:23:44.714+0000] {override.py:1911} INFO - Created Permission View: menu access on DAG Run:dataset_consumes_1_never_scheduled
[2024-12-30T11:23:44.717+0000] {logging_mixin.py:190} INFO - [2024-12-30T11:23:44.716+0000] {override.py:1911} INFO - Created Permission View: can delete on DAG Run:dataset_consumes_1_never_scheduled
[2024-12-30T11:23:44.719+0000] {logging_mixin.py:190} INFO - [2024-12-30T11:23:44.719+0000] {override.py:1911} INFO - Created Permission View: can create on DAG Run:dataset_consumes_1_never_scheduled
[2024-12-30T11:23:44.722+0000] {logging_mixin.py:190} INFO - [2024-12-30T11:23:44.722+0000] {override.py:1911} INFO - Created Permission View: can read on DAG Run:dataset_consumes_1_never_scheduled
[2024-12-30T11:23:44.736+0000] {logging_mixin.py:190} INFO - [2024-12-30T11:23:44.736+0000] {override.py:1911} INFO - Created Permission View: can delete on DAG:dataset_consumes_unknown_never_scheduled
[2024-12-30T11:23:44.744+0000] {logging_mixin.py:190} INFO - [2024-12-30T11:23:44.744+0000] {override.py:1911} INFO - Created Permission View: can edit on DAG:dataset_consumes_unknown_never_scheduled
[2024-12-30T11:23:44.751+0000] {logging_mixin.py:190} INFO - [2024-12-30T11:23:44.751+0000] {override.py:1911} INFO - Created Permission View: can read on DAG:dataset_consumes_unknown_never_scheduled
[2024-12-30T11:23:44.757+0000] {logging_mixin.py:190} INFO - [2024-12-30T11:23:44.757+0000] {override.py:1911} INFO - Created Permission View: menu access on DAG Run:dataset_consumes_unknown_never_scheduled
[2024-12-30T11:23:44.762+0000] {logging_mixin.py:190} INFO - [2024-12-30T11:23:44.762+0000] {override.py:1911} INFO - Created Permission View: can delete on DAG Run:dataset_consumes_unknown_never_scheduled
[2024-12-30T11:23:44.768+0000] {logging_mixin.py:190} INFO - [2024-12-30T11:23:44.768+0000] {override.py:1911} INFO - Created Permission View: can create on DAG Run:dataset_consumes_unknown_never_scheduled
[2024-12-30T11:23:44.772+0000] {logging_mixin.py:190} INFO - [2024-12-30T11:23:44.772+0000] {override.py:1911} INFO - Created Permission View: can read on DAG Run:dataset_consumes_unknown_never_scheduled
[2024-12-30T11:23:44.785+0000] {logging_mixin.py:190} INFO - [2024-12-30T11:23:44.785+0000] {override.py:1911} INFO - Created Permission View: can delete on DAG:consume_1_or_2_with_dataset_expressions
[2024-12-30T11:23:44.791+0000] {logging_mixin.py:190} INFO - [2024-12-30T11:23:44.791+0000] {override.py:1911} INFO - Created Permission View: can edit on DAG:consume_1_or_2_with_dataset_expressions
[2024-12-30T11:23:44.794+0000] {logging_mixin.py:190} INFO - [2024-12-30T11:23:44.793+0000] {override.py:1911} INFO - Created Permission View: can read on DAG:consume_1_or_2_with_dataset_expressions
[2024-12-30T11:23:44.797+0000] {logging_mixin.py:190} INFO - [2024-12-30T11:23:44.797+0000] {override.py:1911} INFO - Created Permission View: menu access on DAG Run:consume_1_or_2_with_dataset_expressions
[2024-12-30T11:23:44.801+0000] {logging_mixin.py:190} INFO - [2024-12-30T11:23:44.800+0000] {override.py:1911} INFO - Created Permission View: can delete on DAG Run:consume_1_or_2_with_dataset_expressions
[2024-12-30T11:23:44.804+0000] {logging_mixin.py:190} INFO - [2024-12-30T11:23:44.804+0000] {override.py:1911} INFO - Created Permission View: can create on DAG Run:consume_1_or_2_with_dataset_expressions
[2024-12-30T11:23:44.808+0000] {logging_mixin.py:190} INFO - [2024-12-30T11:23:44.807+0000] {override.py:1911} INFO - Created Permission View: can read on DAG Run:consume_1_or_2_with_dataset_expressions
[2024-12-30T11:23:44.814+0000] {logging_mixin.py:190} INFO - [2024-12-30T11:23:44.814+0000] {override.py:1911} INFO - Created Permission View: can delete on DAG:dataset_produces_1
[2024-12-30T11:23:44.818+0000] {logging_mixin.py:190} INFO - [2024-12-30T11:23:44.817+0000] {override.py:1911} INFO - Created Permission View: can edit on DAG:dataset_produces_1
[2024-12-30T11:23:44.820+0000] {logging_mixin.py:190} INFO - [2024-12-30T11:23:44.820+0000] {override.py:1911} INFO - Created Permission View: can read on DAG:dataset_produces_1
[2024-12-30T11:23:44.824+0000] {logging_mixin.py:190} INFO - [2024-12-30T11:23:44.824+0000] {override.py:1911} INFO - Created Permission View: menu access on DAG Run:dataset_produces_1
[2024-12-30T11:23:44.830+0000] {logging_mixin.py:190} INFO - [2024-12-30T11:23:44.830+0000] {override.py:1911} INFO - Created Permission View: can delete on DAG Run:dataset_produces_1
[2024-12-30T11:23:44.834+0000] {logging_mixin.py:190} INFO - [2024-12-30T11:23:44.834+0000] {override.py:1911} INFO - Created Permission View: can create on DAG Run:dataset_produces_1
[2024-12-30T11:23:44.838+0000] {logging_mixin.py:190} INFO - [2024-12-30T11:23:44.838+0000] {override.py:1911} INFO - Created Permission View: can read on DAG Run:dataset_produces_1
[2024-12-30T11:23:44.838+0000] {logging_mixin.py:190} INFO - [2024-12-30T11:23:44.838+0000] {dag.py:3239} INFO - Sync 10 DAGs
[2024-12-30T11:23:44.845+0000] {logging_mixin.py:190} INFO - [2024-12-30T11:23:44.845+0000] {dag.py:3262} INFO - Creating ORM DAG for consume_1_and_2_with_dataset_expressions
[2024-12-30T11:23:44.846+0000] {logging_mixin.py:190} INFO - [2024-12-30T11:23:44.846+0000] {dag.py:3262} INFO - Creating ORM DAG for dataset_consumes_unknown_never_scheduled
[2024-12-30T11:23:44.847+0000] {logging_mixin.py:190} INFO - [2024-12-30T11:23:44.846+0000] {dag.py:3262} INFO - Creating ORM DAG for conditional_dataset_and_time_based_timetable
[2024-12-30T11:23:44.847+0000] {logging_mixin.py:190} INFO - [2024-12-30T11:23:44.847+0000] {dag.py:3262} INFO - Creating ORM DAG for consume_1_or_2_with_dataset_expressions
[2024-12-30T11:23:44.847+0000] {logging_mixin.py:190} INFO - [2024-12-30T11:23:44.847+0000] {dag.py:3262} INFO - Creating ORM DAG for dataset_consumes_1_never_scheduled
[2024-12-30T11:23:44.847+0000] {logging_mixin.py:190} INFO - [2024-12-30T11:23:44.847+0000] {dag.py:3262} INFO - Creating ORM DAG for dataset_consumes_1
[2024-12-30T11:23:44.848+0000] {logging_mixin.py:190} INFO - [2024-12-30T11:23:44.847+0000] {dag.py:3262} INFO - Creating ORM DAG for dataset_produces_2
[2024-12-30T11:23:44.848+0000] {logging_mixin.py:190} INFO - [2024-12-30T11:23:44.848+0000] {dag.py:3262} INFO - Creating ORM DAG for dataset_consumes_1_and_2
[2024-12-30T11:23:44.848+0000] {logging_mixin.py:190} INFO - [2024-12-30T11:23:44.848+0000] {dag.py:3262} INFO - Creating ORM DAG for dataset_produces_1
[2024-12-30T11:23:44.848+0000] {logging_mixin.py:190} INFO - [2024-12-30T11:23:44.848+0000] {dag.py:3262} INFO - Creating ORM DAG for consume_1_or_both_2_and_3_with_dataset_expressions
[2024-12-30T11:23:44.853+0000] {logging_mixin.py:190} INFO - [2024-12-30T11:23:44.853+0000] {dag.py:4180} INFO - Setting next_dagrun for conditional_dataset_and_time_based_timetable to 2024-12-25 01:00:00+00:00, run_after=2024-12-25 01:00:00+00:00
[2024-12-30T11:23:44.853+0000] {logging_mixin.py:190} INFO - [2024-12-30T11:23:44.853+0000] {dag.py:4180} INFO - Setting next_dagrun for consume_1_and_2_with_dataset_expressions to None, run_after=None
[2024-12-30T11:23:44.854+0000] {logging_mixin.py:190} INFO - [2024-12-30T11:23:44.854+0000] {dag.py:4180} INFO - Setting next_dagrun for consume_1_or_2_with_dataset_expressions to None, run_after=None
[2024-12-30T11:23:44.854+0000] {logging_mixin.py:190} INFO - [2024-12-30T11:23:44.854+0000] {dag.py:4180} INFO - Setting next_dagrun for consume_1_or_both_2_and_3_with_dataset_expressions to None, run_after=None
[2024-12-30T11:23:44.854+0000] {logging_mixin.py:190} INFO - [2024-12-30T11:23:44.854+0000] {dag.py:4180} INFO - Setting next_dagrun for dataset_consumes_1 to None, run_after=None
[2024-12-30T11:23:44.855+0000] {logging_mixin.py:190} INFO - [2024-12-30T11:23:44.854+0000] {dag.py:4180} INFO - Setting next_dagrun for dataset_consumes_1_and_2 to None, run_after=None
[2024-12-30T11:23:44.855+0000] {logging_mixin.py:190} INFO - [2024-12-30T11:23:44.855+0000] {dag.py:4180} INFO - Setting next_dagrun for dataset_consumes_1_never_scheduled to None, run_after=None
[2024-12-30T11:23:44.855+0000] {logging_mixin.py:190} INFO - [2024-12-30T11:23:44.855+0000] {dag.py:4180} INFO - Setting next_dagrun for dataset_consumes_unknown_never_scheduled to None, run_after=None
[2024-12-30T11:23:44.856+0000] {logging_mixin.py:190} INFO - [2024-12-30T11:23:44.856+0000] {dag.py:4180} INFO - Setting next_dagrun for dataset_produces_1 to 2024-12-29 00:00:00+00:00, run_after=2024-12-30 00:00:00+00:00
[2024-12-30T11:23:44.856+0000] {logging_mixin.py:190} INFO - [2024-12-30T11:23:44.856+0000] {dag.py:4180} INFO - Setting next_dagrun for dataset_produces_2 to None, run_after=None
[2024-12-30T11:23:44.896+0000] {processor.py:208} INFO - Processing /home/airflow/.local/lib/python3.12/site-packages/airflow/example_dags/example_datasets.py took 0.980 seconds
[2024-12-30T11:24:15.015+0000] {processor.py:186} INFO - Started process (PID=120) to work on /home/airflow/.local/lib/python3.12/site-packages/airflow/example_dags/example_datasets.py
[2024-12-30T11:24:15.018+0000] {processor.py:914} INFO - Processing file /home/airflow/.local/lib/python3.12/site-packages/airflow/example_dags/example_datasets.py for tasks to queue
[2024-12-30T11:24:15.021+0000] {logging_mixin.py:190} INFO - [2024-12-30T11:24:15.021+0000] {dagbag.py:588} INFO - Filling up the DagBag from /home/airflow/.local/lib/python3.12/site-packages/airflow/example_dags/example_datasets.py
[2024-12-30T11:24:16.249+0000] {processor.py:925} INFO - DAG(s) 'dataset_consumes_1', 'dataset_consumes_1_never_scheduled', 'consume_1_or_both_2_and_3_with_dataset_expressions', 'conditional_dataset_and_time_based_timetable', 'dataset_consumes_unknown_never_scheduled', 'dataset_produces_2', 'consume_1_and_2_with_dataset_expressions', 'dataset_produces_1', 'dataset_consumes_1_and_2', 'consume_1_or_2_with_dataset_expressions' retrieved from /home/airflow/.local/lib/python3.12/site-packages/airflow/example_dags/example_datasets.py
[2024-12-30T11:24:16.330+0000] {logging_mixin.py:190} INFO - [2024-12-30T11:24:16.330+0000] {dag.py:3239} INFO - Sync 10 DAGs
[2024-12-30T11:24:16.353+0000] {logging_mixin.py:190} INFO - [2024-12-30T11:24:16.353+0000] {dag.py:4180} INFO - Setting next_dagrun for conditional_dataset_and_time_based_timetable to 2024-12-25 01:00:00+00:00, run_after=2024-12-25 01:00:00+00:00
[2024-12-30T11:24:16.355+0000] {logging_mixin.py:190} INFO - [2024-12-30T11:24:16.355+0000] {dag.py:4180} INFO - Setting next_dagrun for consume_1_and_2_with_dataset_expressions to None, run_after=None
[2024-12-30T11:24:16.357+0000] {logging_mixin.py:190} INFO - [2024-12-30T11:24:16.357+0000] {dag.py:4180} INFO - Setting next_dagrun for consume_1_or_2_with_dataset_expressions to None, run_after=None
[2024-12-30T11:24:16.358+0000] {logging_mixin.py:190} INFO - [2024-12-30T11:24:16.358+0000] {dag.py:4180} INFO - Setting next_dagrun for consume_1_or_both_2_and_3_with_dataset_expressions to None, run_after=None
[2024-12-30T11:24:16.361+0000] {logging_mixin.py:190} INFO - [2024-12-30T11:24:16.361+0000] {dag.py:4180} INFO - Setting next_dagrun for dataset_consumes_1 to None, run_after=None
[2024-12-30T11:24:16.362+0000] {logging_mixin.py:190} INFO - [2024-12-30T11:24:16.362+0000] {dag.py:4180} INFO - Setting next_dagrun for dataset_consumes_1_and_2 to None, run_after=None
[2024-12-30T11:24:16.362+0000] {logging_mixin.py:190} INFO - [2024-12-30T11:24:16.362+0000] {dag.py:4180} INFO - Setting next_dagrun for dataset_consumes_1_never_scheduled to None, run_after=None
[2024-12-30T11:24:16.363+0000] {logging_mixin.py:190} INFO - [2024-12-30T11:24:16.363+0000] {dag.py:4180} INFO - Setting next_dagrun for dataset_consumes_unknown_never_scheduled to None, run_after=None
[2024-12-30T11:24:16.367+0000] {logging_mixin.py:190} INFO - [2024-12-30T11:24:16.367+0000] {dag.py:4180} INFO - Setting next_dagrun for dataset_produces_1 to 2024-12-29 00:00:00+00:00, run_after=2024-12-30 00:00:00+00:00
[2024-12-30T11:24:16.369+0000] {logging_mixin.py:190} INFO - [2024-12-30T11:24:16.369+0000] {dag.py:4180} INFO - Setting next_dagrun for dataset_produces_2 to None, run_after=None
[2024-12-30T11:24:16.401+0000] {processor.py:208} INFO - Processing /home/airflow/.local/lib/python3.12/site-packages/airflow/example_dags/example_datasets.py took 1.401 seconds
