[2024-12-30T11:23:44.993+0000] {processor.py:186} INFO - Started process (PID=62) to work on /home/airflow/.local/lib/python3.12/site-packages/airflow/example_dags/example_sensor_decorator.py
[2024-12-30T11:23:44.993+0000] {processor.py:914} INFO - Processing file /home/airflow/.local/lib/python3.12/site-packages/airflow/example_dags/example_sensor_decorator.py for tasks to queue
[2024-12-30T11:23:44.995+0000] {logging_mixin.py:190} INFO - [2024-12-30T11:23:44.994+0000] {dagbag.py:588} INFO - Filling up the DagBag from /home/airflow/.local/lib/python3.12/site-packages/airflow/example_dags/example_sensor_decorator.py
[2024-12-30T11:23:45.000+0000] {processor.py:925} INFO - DAG(s) 'example_sensor_decorator' retrieved from /home/airflow/.local/lib/python3.12/site-packages/airflow/example_dags/example_sensor_decorator.py
[2024-12-30T11:23:45.056+0000] {logging_mixin.py:190} INFO - [2024-12-30T11:23:45.056+0000] {override.py:1911} INFO - Created Permission View: can delete on DAG:example_sensor_decorator
[2024-12-30T11:23:45.060+0000] {logging_mixin.py:190} INFO - [2024-12-30T11:23:45.060+0000] {override.py:1911} INFO - Created Permission View: can edit on DAG:example_sensor_decorator
[2024-12-30T11:23:45.063+0000] {logging_mixin.py:190} INFO - [2024-12-30T11:23:45.063+0000] {override.py:1911} INFO - Created Permission View: can read on DAG:example_sensor_decorator
[2024-12-30T11:23:45.065+0000] {logging_mixin.py:190} INFO - [2024-12-30T11:23:45.065+0000] {override.py:1911} INFO - Created Permission View: menu access on DAG Run:example_sensor_decorator
[2024-12-30T11:23:45.068+0000] {logging_mixin.py:190} INFO - [2024-12-30T11:23:45.068+0000] {override.py:1911} INFO - Created Permission View: can delete on DAG Run:example_sensor_decorator
[2024-12-30T11:23:45.071+0000] {logging_mixin.py:190} INFO - [2024-12-30T11:23:45.070+0000] {override.py:1911} INFO - Created Permission View: can create on DAG Run:example_sensor_decorator
[2024-12-30T11:23:45.073+0000] {logging_mixin.py:190} INFO - [2024-12-30T11:23:45.073+0000] {override.py:1911} INFO - Created Permission View: can read on DAG Run:example_sensor_decorator
[2024-12-30T11:23:45.073+0000] {logging_mixin.py:190} INFO - [2024-12-30T11:23:45.073+0000] {dag.py:3239} INFO - Sync 1 DAGs
[2024-12-30T11:23:45.078+0000] {logging_mixin.py:190} INFO - [2024-12-30T11:23:45.078+0000] {dag.py:3262} INFO - Creating ORM DAG for example_sensor_decorator
[2024-12-30T11:23:45.079+0000] {logging_mixin.py:190} INFO - [2024-12-30T11:23:45.078+0000] {dag.py:4180} INFO - Setting next_dagrun for example_sensor_decorator to None, run_after=None
[2024-12-30T11:23:45.085+0000] {processor.py:208} INFO - Processing /home/airflow/.local/lib/python3.12/site-packages/airflow/example_dags/example_sensor_decorator.py took 0.096 seconds
[2024-12-30T11:24:16.600+0000] {processor.py:186} INFO - Started process (PID=126) to work on /home/airflow/.local/lib/python3.12/site-packages/airflow/example_dags/example_sensor_decorator.py
[2024-12-30T11:24:16.601+0000] {processor.py:914} INFO - Processing file /home/airflow/.local/lib/python3.12/site-packages/airflow/example_dags/example_sensor_decorator.py for tasks to queue
[2024-12-30T11:24:16.604+0000] {logging_mixin.py:190} INFO - [2024-12-30T11:24:16.603+0000] {dagbag.py:588} INFO - Filling up the DagBag from /home/airflow/.local/lib/python3.12/site-packages/airflow/example_dags/example_sensor_decorator.py
[2024-12-30T11:24:16.617+0000] {processor.py:925} INFO - DAG(s) 'example_sensor_decorator' retrieved from /home/airflow/.local/lib/python3.12/site-packages/airflow/example_dags/example_sensor_decorator.py
[2024-12-30T11:24:16.638+0000] {logging_mixin.py:190} INFO - [2024-12-30T11:24:16.638+0000] {dag.py:3239} INFO - Sync 1 DAGs
[2024-12-30T11:24:16.654+0000] {logging_mixin.py:190} INFO - [2024-12-30T11:24:16.654+0000] {dag.py:4180} INFO - Setting next_dagrun for example_sensor_decorator to None, run_after=None
[2024-12-30T11:24:16.663+0000] {processor.py:208} INFO - Processing /home/airflow/.local/lib/python3.12/site-packages/airflow/example_dags/example_sensor_decorator.py took 0.067 seconds
