[2024-12-30T11:23:45.906+0000] {processor.py:186} INFO - Started process (PID=72) to work on /home/airflow/.local/lib/python3.12/site-packages/airflow/example_dags/example_latest_only_with_trigger.py
[2024-12-30T11:23:45.906+0000] {processor.py:914} INFO - Processing file /home/airflow/.local/lib/python3.12/site-packages/airflow/example_dags/example_latest_only_with_trigger.py for tasks to queue
[2024-12-30T11:23:45.907+0000] {logging_mixin.py:190} INFO - [2024-12-30T11:23:45.907+0000] {dagbag.py:588} INFO - Filling up the DagBag from /home/airflow/.local/lib/python3.12/site-packages/airflow/example_dags/example_latest_only_with_trigger.py
[2024-12-30T11:23:45.913+0000] {processor.py:925} INFO - DAG(s) 'latest_only_with_trigger' retrieved from /home/airflow/.local/lib/python3.12/site-packages/airflow/example_dags/example_latest_only_with_trigger.py
[2024-12-30T11:23:45.985+0000] {logging_mixin.py:190} INFO - [2024-12-30T11:23:45.985+0000] {override.py:1911} INFO - Created Permission View: can delete on DAG:latest_only_with_trigger
[2024-12-30T11:23:45.995+0000] {logging_mixin.py:190} INFO - [2024-12-30T11:23:45.995+0000] {override.py:1911} INFO - Created Permission View: can edit on DAG:latest_only_with_trigger
[2024-12-30T11:23:45.997+0000] {logging_mixin.py:190} INFO - [2024-12-30T11:23:45.997+0000] {override.py:1911} INFO - Created Permission View: can read on DAG:latest_only_with_trigger
[2024-12-30T11:23:46.001+0000] {logging_mixin.py:190} INFO - [2024-12-30T11:23:46.001+0000] {override.py:1911} INFO - Created Permission View: menu access on DAG Run:latest_only_with_trigger
[2024-12-30T11:23:46.007+0000] {logging_mixin.py:190} INFO - [2024-12-30T11:23:46.007+0000] {override.py:1911} INFO - Created Permission View: can delete on DAG Run:latest_only_with_trigger
[2024-12-30T11:23:46.014+0000] {logging_mixin.py:190} INFO - [2024-12-30T11:23:46.014+0000] {override.py:1911} INFO - Created Permission View: can create on DAG Run:latest_only_with_trigger
[2024-12-30T11:23:46.021+0000] {logging_mixin.py:190} INFO - [2024-12-30T11:23:46.021+0000] {override.py:1911} INFO - Created Permission View: can read on DAG Run:latest_only_with_trigger
[2024-12-30T11:23:46.021+0000] {logging_mixin.py:190} INFO - [2024-12-30T11:23:46.021+0000] {dag.py:3239} INFO - Sync 1 DAGs
[2024-12-30T11:23:46.028+0000] {logging_mixin.py:190} INFO - [2024-12-30T11:23:46.027+0000] {dag.py:3262} INFO - Creating ORM DAG for latest_only_with_trigger
[2024-12-30T11:23:46.032+0000] {logging_mixin.py:190} INFO - [2024-12-30T11:23:46.032+0000] {dag.py:4180} INFO - Setting next_dagrun for latest_only_with_trigger to 2024-12-30 04:00:00+00:00, run_after=2024-12-30 08:00:00+00:00
[2024-12-30T11:23:46.042+0000] {processor.py:208} INFO - Processing /home/airflow/.local/lib/python3.12/site-packages/airflow/example_dags/example_latest_only_with_trigger.py took 0.139 seconds
[2024-12-30T11:24:17.509+0000] {processor.py:186} INFO - Started process (PID=136) to work on /home/airflow/.local/lib/python3.12/site-packages/airflow/example_dags/example_latest_only_with_trigger.py
[2024-12-30T11:24:17.509+0000] {processor.py:914} INFO - Processing file /home/airflow/.local/lib/python3.12/site-packages/airflow/example_dags/example_latest_only_with_trigger.py for tasks to queue
[2024-12-30T11:24:17.511+0000] {logging_mixin.py:190} INFO - [2024-12-30T11:24:17.510+0000] {dagbag.py:588} INFO - Filling up the DagBag from /home/airflow/.local/lib/python3.12/site-packages/airflow/example_dags/example_latest_only_with_trigger.py
[2024-12-30T11:24:17.516+0000] {processor.py:925} INFO - DAG(s) 'latest_only_with_trigger' retrieved from /home/airflow/.local/lib/python3.12/site-packages/airflow/example_dags/example_latest_only_with_trigger.py
[2024-12-30T11:24:17.530+0000] {logging_mixin.py:190} INFO - [2024-12-30T11:24:17.530+0000] {dag.py:3239} INFO - Sync 1 DAGs
[2024-12-30T11:24:17.546+0000] {logging_mixin.py:190} INFO - [2024-12-30T11:24:17.546+0000] {dag.py:4180} INFO - Setting next_dagrun for latest_only_with_trigger to 2024-12-30 04:00:00+00:00, run_after=2024-12-30 08:00:00+00:00
[2024-12-30T11:24:17.556+0000] {processor.py:208} INFO - Processing /home/airflow/.local/lib/python3.12/site-packages/airflow/example_dags/example_latest_only_with_trigger.py took 0.052 seconds
