[2024-12-30T11:23:47.784+0000] {processor.py:186} INFO - Started process (PID=90) to work on /home/airflow/.local/lib/python3.12/site-packages/airflow/example_dags/example_dynamic_task_mapping_with_no_taskflow_operators.py
[2024-12-30T11:23:47.786+0000] {processor.py:914} INFO - Processing file /home/airflow/.local/lib/python3.12/site-packages/airflow/example_dags/example_dynamic_task_mapping_with_no_taskflow_operators.py for tasks to queue
[2024-12-30T11:23:47.788+0000] {logging_mixin.py:190} INFO - [2024-12-30T11:23:47.788+0000] {dagbag.py:588} INFO - Filling up the DagBag from /home/airflow/.local/lib/python3.12/site-packages/airflow/example_dags/example_dynamic_task_mapping_with_no_taskflow_operators.py
[2024-12-30T11:23:47.800+0000] {processor.py:925} INFO - DAG(s) 'example_dynamic_task_mapping_with_no_taskflow_operators' retrieved from /home/airflow/.local/lib/python3.12/site-packages/airflow/example_dags/example_dynamic_task_mapping_with_no_taskflow_operators.py
[2024-12-30T11:23:47.900+0000] {logging_mixin.py:190} INFO - [2024-12-30T11:23:47.899+0000] {override.py:1911} INFO - Created Permission View: can delete on DAG:example_dynamic_task_mapping_with_no_taskflow_operators
[2024-12-30T11:23:47.906+0000] {logging_mixin.py:190} INFO - [2024-12-30T11:23:47.906+0000] {override.py:1911} INFO - Created Permission View: can edit on DAG:example_dynamic_task_mapping_with_no_taskflow_operators
[2024-12-30T11:23:47.911+0000] {logging_mixin.py:190} INFO - [2024-12-30T11:23:47.911+0000] {override.py:1911} INFO - Created Permission View: can read on DAG:example_dynamic_task_mapping_with_no_taskflow_operators
[2024-12-30T11:23:47.913+0000] {logging_mixin.py:190} INFO - [2024-12-30T11:23:47.913+0000] {override.py:1911} INFO - Created Permission View: menu access on DAG Run:example_dynamic_task_mapping_with_no_taskflow_operators
[2024-12-30T11:23:47.915+0000] {logging_mixin.py:190} INFO - [2024-12-30T11:23:47.915+0000] {override.py:1911} INFO - Created Permission View: can delete on DAG Run:example_dynamic_task_mapping_with_no_taskflow_operators
[2024-12-30T11:23:47.917+0000] {logging_mixin.py:190} INFO - [2024-12-30T11:23:47.917+0000] {override.py:1911} INFO - Created Permission View: can create on DAG Run:example_dynamic_task_mapping_with_no_taskflow_operators
[2024-12-30T11:23:47.919+0000] {logging_mixin.py:190} INFO - [2024-12-30T11:23:47.919+0000] {override.py:1911} INFO - Created Permission View: can read on DAG Run:example_dynamic_task_mapping_with_no_taskflow_operators
[2024-12-30T11:23:47.919+0000] {logging_mixin.py:190} INFO - [2024-12-30T11:23:47.919+0000] {dag.py:3239} INFO - Sync 1 DAGs
[2024-12-30T11:23:47.925+0000] {logging_mixin.py:190} INFO - [2024-12-30T11:23:47.925+0000] {dag.py:3262} INFO - Creating ORM DAG for example_dynamic_task_mapping_with_no_taskflow_operators
[2024-12-30T11:23:47.925+0000] {logging_mixin.py:190} INFO - [2024-12-30T11:23:47.925+0000] {dag.py:4180} INFO - Setting next_dagrun for example_dynamic_task_mapping_with_no_taskflow_operators to None, run_after=None
[2024-12-30T11:23:47.931+0000] {processor.py:208} INFO - Processing /home/airflow/.local/lib/python3.12/site-packages/airflow/example_dags/example_dynamic_task_mapping_with_no_taskflow_operators.py took 0.158 seconds
[2024-12-30T11:24:18.517+0000] {processor.py:186} INFO - Started process (PID=154) to work on /home/airflow/.local/lib/python3.12/site-packages/airflow/example_dags/example_dynamic_task_mapping_with_no_taskflow_operators.py
[2024-12-30T11:24:18.518+0000] {processor.py:914} INFO - Processing file /home/airflow/.local/lib/python3.12/site-packages/airflow/example_dags/example_dynamic_task_mapping_with_no_taskflow_operators.py for tasks to queue
[2024-12-30T11:24:18.519+0000] {logging_mixin.py:190} INFO - [2024-12-30T11:24:18.519+0000] {dagbag.py:588} INFO - Filling up the DagBag from /home/airflow/.local/lib/python3.12/site-packages/airflow/example_dags/example_dynamic_task_mapping_with_no_taskflow_operators.py
[2024-12-30T11:24:18.524+0000] {processor.py:925} INFO - DAG(s) 'example_dynamic_task_mapping_with_no_taskflow_operators' retrieved from /home/airflow/.local/lib/python3.12/site-packages/airflow/example_dags/example_dynamic_task_mapping_with_no_taskflow_operators.py
[2024-12-30T11:24:18.533+0000] {logging_mixin.py:190} INFO - [2024-12-30T11:24:18.533+0000] {dag.py:3239} INFO - Sync 1 DAGs
[2024-12-30T11:24:18.540+0000] {logging_mixin.py:190} INFO - [2024-12-30T11:24:18.540+0000] {dag.py:4180} INFO - Setting next_dagrun for example_dynamic_task_mapping_with_no_taskflow_operators to None, run_after=None
[2024-12-30T11:24:18.548+0000] {processor.py:208} INFO - Processing /home/airflow/.local/lib/python3.12/site-packages/airflow/example_dags/example_dynamic_task_mapping_with_no_taskflow_operators.py took 0.033 seconds
