[2024-12-30T11:23:46.831+0000] {processor.py:186} INFO - Started process (PID=83) to work on /home/airflow/.local/lib/python3.12/site-packages/airflow/example_dags/example_dataset_alias_with_no_taskflow.py
[2024-12-30T11:23:46.831+0000] {processor.py:914} INFO - Processing file /home/airflow/.local/lib/python3.12/site-packages/airflow/example_dags/example_dataset_alias_with_no_taskflow.py for tasks to queue
[2024-12-30T11:23:46.833+0000] {logging_mixin.py:190} INFO - [2024-12-30T11:23:46.832+0000] {dagbag.py:588} INFO - Filling up the DagBag from /home/airflow/.local/lib/python3.12/site-packages/airflow/example_dags/example_dataset_alias_with_no_taskflow.py
[2024-12-30T11:23:47.226+0000] {processor.py:925} INFO - DAG(s) 'dataset_s3_bucket_consumer_with_no_taskflow', 'dataset_s3_bucket_producer_with_no_taskflow', 'dataset_alias_example_alias_consumer_with_no_taskflow', 'dataset_alias_example_alias_producer_with_no_taskflow' retrieved from /home/airflow/.local/lib/python3.12/site-packages/airflow/example_dags/example_dataset_alias_with_no_taskflow.py
[2024-12-30T11:23:47.274+0000] {logging_mixin.py:190} INFO - [2024-12-30T11:23:47.274+0000] {override.py:1911} INFO - Created Permission View: can delete on DAG:dataset_s3_bucket_consumer_with_no_taskflow
[2024-12-30T11:23:47.278+0000] {logging_mixin.py:190} INFO - [2024-12-30T11:23:47.277+0000] {override.py:1911} INFO - Created Permission View: can edit on DAG:dataset_s3_bucket_consumer_with_no_taskflow
[2024-12-30T11:23:47.280+0000] {logging_mixin.py:190} INFO - [2024-12-30T11:23:47.280+0000] {override.py:1911} INFO - Created Permission View: can read on DAG:dataset_s3_bucket_consumer_with_no_taskflow
[2024-12-30T11:23:47.282+0000] {logging_mixin.py:190} INFO - [2024-12-30T11:23:47.282+0000] {override.py:1911} INFO - Created Permission View: menu access on DAG Run:dataset_s3_bucket_consumer_with_no_taskflow
[2024-12-30T11:23:47.291+0000] {logging_mixin.py:190} INFO - [2024-12-30T11:23:47.290+0000] {override.py:1911} INFO - Created Permission View: can delete on DAG Run:dataset_s3_bucket_consumer_with_no_taskflow
[2024-12-30T11:23:47.293+0000] {logging_mixin.py:190} INFO - [2024-12-30T11:23:47.293+0000] {override.py:1911} INFO - Created Permission View: can create on DAG Run:dataset_s3_bucket_consumer_with_no_taskflow
[2024-12-30T11:23:47.299+0000] {logging_mixin.py:190} INFO - [2024-12-30T11:23:47.299+0000] {override.py:1911} INFO - Created Permission View: can read on DAG Run:dataset_s3_bucket_consumer_with_no_taskflow
[2024-12-30T11:23:47.304+0000] {logging_mixin.py:190} INFO - [2024-12-30T11:23:47.304+0000] {override.py:1911} INFO - Created Permission View: can delete on DAG:dataset_s3_bucket_producer_with_no_taskflow
[2024-12-30T11:23:47.306+0000] {logging_mixin.py:190} INFO - [2024-12-30T11:23:47.306+0000] {override.py:1911} INFO - Created Permission View: can edit on DAG:dataset_s3_bucket_producer_with_no_taskflow
[2024-12-30T11:23:47.307+0000] {logging_mixin.py:190} INFO - [2024-12-30T11:23:47.307+0000] {override.py:1911} INFO - Created Permission View: can read on DAG:dataset_s3_bucket_producer_with_no_taskflow
[2024-12-30T11:23:47.309+0000] {logging_mixin.py:190} INFO - [2024-12-30T11:23:47.309+0000] {override.py:1911} INFO - Created Permission View: menu access on DAG Run:dataset_s3_bucket_producer_with_no_taskflow
[2024-12-30T11:23:47.311+0000] {logging_mixin.py:190} INFO - [2024-12-30T11:23:47.311+0000] {override.py:1911} INFO - Created Permission View: can delete on DAG Run:dataset_s3_bucket_producer_with_no_taskflow
[2024-12-30T11:23:47.318+0000] {logging_mixin.py:190} INFO - [2024-12-30T11:23:47.318+0000] {override.py:1911} INFO - Created Permission View: can create on DAG Run:dataset_s3_bucket_producer_with_no_taskflow
[2024-12-30T11:23:47.329+0000] {logging_mixin.py:190} INFO - [2024-12-30T11:23:47.329+0000] {override.py:1911} INFO - Created Permission View: can read on DAG Run:dataset_s3_bucket_producer_with_no_taskflow
[2024-12-30T11:23:47.338+0000] {logging_mixin.py:190} INFO - [2024-12-30T11:23:47.338+0000] {override.py:1911} INFO - Created Permission View: can delete on DAG:dataset_alias_example_alias_consumer_with_no_taskflow
[2024-12-30T11:23:47.341+0000] {logging_mixin.py:190} INFO - [2024-12-30T11:23:47.340+0000] {override.py:1911} INFO - Created Permission View: can edit on DAG:dataset_alias_example_alias_consumer_with_no_taskflow
[2024-12-30T11:23:47.343+0000] {logging_mixin.py:190} INFO - [2024-12-30T11:23:47.343+0000] {override.py:1911} INFO - Created Permission View: can read on DAG:dataset_alias_example_alias_consumer_with_no_taskflow
[2024-12-30T11:23:47.345+0000] {logging_mixin.py:190} INFO - [2024-12-30T11:23:47.345+0000] {override.py:1911} INFO - Created Permission View: menu access on DAG Run:dataset_alias_example_alias_consumer_with_no_taskflow
[2024-12-30T11:23:47.347+0000] {logging_mixin.py:190} INFO - [2024-12-30T11:23:47.347+0000] {override.py:1911} INFO - Created Permission View: can delete on DAG Run:dataset_alias_example_alias_consumer_with_no_taskflow
[2024-12-30T11:23:47.349+0000] {logging_mixin.py:190} INFO - [2024-12-30T11:23:47.349+0000] {override.py:1911} INFO - Created Permission View: can create on DAG Run:dataset_alias_example_alias_consumer_with_no_taskflow
[2024-12-30T11:23:47.353+0000] {logging_mixin.py:190} INFO - [2024-12-30T11:23:47.353+0000] {override.py:1911} INFO - Created Permission View: can read on DAG Run:dataset_alias_example_alias_consumer_with_no_taskflow
[2024-12-30T11:23:47.360+0000] {logging_mixin.py:190} INFO - [2024-12-30T11:23:47.360+0000] {override.py:1911} INFO - Created Permission View: can delete on DAG:dataset_alias_example_alias_producer_with_no_taskflow
[2024-12-30T11:23:47.363+0000] {logging_mixin.py:190} INFO - [2024-12-30T11:23:47.363+0000] {override.py:1911} INFO - Created Permission View: can edit on DAG:dataset_alias_example_alias_producer_with_no_taskflow
[2024-12-30T11:23:47.366+0000] {logging_mixin.py:190} INFO - [2024-12-30T11:23:47.366+0000] {override.py:1911} INFO - Created Permission View: can read on DAG:dataset_alias_example_alias_producer_with_no_taskflow
[2024-12-30T11:23:47.368+0000] {logging_mixin.py:190} INFO - [2024-12-30T11:23:47.368+0000] {override.py:1911} INFO - Created Permission View: menu access on DAG Run:dataset_alias_example_alias_producer_with_no_taskflow
[2024-12-30T11:23:47.371+0000] {logging_mixin.py:190} INFO - [2024-12-30T11:23:47.371+0000] {override.py:1911} INFO - Created Permission View: can delete on DAG Run:dataset_alias_example_alias_producer_with_no_taskflow
[2024-12-30T11:23:47.377+0000] {logging_mixin.py:190} INFO - [2024-12-30T11:23:47.377+0000] {override.py:1911} INFO - Created Permission View: can create on DAG Run:dataset_alias_example_alias_producer_with_no_taskflow
[2024-12-30T11:23:47.389+0000] {logging_mixin.py:190} INFO - [2024-12-30T11:23:47.389+0000] {override.py:1911} INFO - Created Permission View: can read on DAG Run:dataset_alias_example_alias_producer_with_no_taskflow
[2024-12-30T11:23:47.389+0000] {logging_mixin.py:190} INFO - [2024-12-30T11:23:47.389+0000] {dag.py:3239} INFO - Sync 4 DAGs
[2024-12-30T11:23:47.398+0000] {logging_mixin.py:190} INFO - [2024-12-30T11:23:47.398+0000] {dag.py:3262} INFO - Creating ORM DAG for dataset_alias_example_alias_consumer_with_no_taskflow
[2024-12-30T11:23:47.398+0000] {logging_mixin.py:190} INFO - [2024-12-30T11:23:47.398+0000] {dag.py:3262} INFO - Creating ORM DAG for dataset_s3_bucket_consumer_with_no_taskflow
[2024-12-30T11:23:47.399+0000] {logging_mixin.py:190} INFO - [2024-12-30T11:23:47.399+0000] {dag.py:3262} INFO - Creating ORM DAG for dataset_alias_example_alias_producer_with_no_taskflow
[2024-12-30T11:23:47.400+0000] {logging_mixin.py:190} INFO - [2024-12-30T11:23:47.400+0000] {dag.py:3262} INFO - Creating ORM DAG for dataset_s3_bucket_producer_with_no_taskflow
[2024-12-30T11:23:47.404+0000] {logging_mixin.py:190} INFO - [2024-12-30T11:23:47.404+0000] {dag.py:4180} INFO - Setting next_dagrun for dataset_alias_example_alias_consumer_with_no_taskflow to None, run_after=None
[2024-12-30T11:23:47.405+0000] {logging_mixin.py:190} INFO - [2024-12-30T11:23:47.405+0000] {dag.py:4180} INFO - Setting next_dagrun for dataset_alias_example_alias_producer_with_no_taskflow to None, run_after=None
[2024-12-30T11:23:47.407+0000] {logging_mixin.py:190} INFO - [2024-12-30T11:23:47.407+0000] {dag.py:4180} INFO - Setting next_dagrun for dataset_s3_bucket_consumer_with_no_taskflow to None, run_after=None
[2024-12-30T11:23:47.409+0000] {logging_mixin.py:190} INFO - [2024-12-30T11:23:47.409+0000] {dag.py:4180} INFO - Setting next_dagrun for dataset_s3_bucket_producer_with_no_taskflow to None, run_after=None
[2024-12-30T11:23:47.432+0000] {processor.py:208} INFO - Processing /home/airflow/.local/lib/python3.12/site-packages/airflow/example_dags/example_dataset_alias_with_no_taskflow.py took 0.605 seconds
[2024-12-30T11:24:18.068+0000] {processor.py:186} INFO - Started process (PID=147) to work on /home/airflow/.local/lib/python3.12/site-packages/airflow/example_dags/example_dataset_alias_with_no_taskflow.py
[2024-12-30T11:24:18.069+0000] {processor.py:914} INFO - Processing file /home/airflow/.local/lib/python3.12/site-packages/airflow/example_dags/example_dataset_alias_with_no_taskflow.py for tasks to queue
[2024-12-30T11:24:18.072+0000] {logging_mixin.py:190} INFO - [2024-12-30T11:24:18.072+0000] {dagbag.py:588} INFO - Filling up the DagBag from /home/airflow/.local/lib/python3.12/site-packages/airflow/example_dags/example_dataset_alias_with_no_taskflow.py
[2024-12-30T11:24:18.464+0000] {processor.py:925} INFO - DAG(s) 'dataset_s3_bucket_producer_with_no_taskflow', 'dataset_alias_example_alias_producer_with_no_taskflow', 'dataset_s3_bucket_consumer_with_no_taskflow', 'dataset_alias_example_alias_consumer_with_no_taskflow' retrieved from /home/airflow/.local/lib/python3.12/site-packages/airflow/example_dags/example_dataset_alias_with_no_taskflow.py
[2024-12-30T11:24:18.475+0000] {logging_mixin.py:190} INFO - [2024-12-30T11:24:18.474+0000] {dag.py:3239} INFO - Sync 4 DAGs
[2024-12-30T11:24:18.485+0000] {logging_mixin.py:190} INFO - [2024-12-30T11:24:18.485+0000] {dag.py:4180} INFO - Setting next_dagrun for dataset_alias_example_alias_consumer_with_no_taskflow to None, run_after=None
[2024-12-30T11:24:18.488+0000] {logging_mixin.py:190} INFO - [2024-12-30T11:24:18.488+0000] {dag.py:4180} INFO - Setting next_dagrun for dataset_alias_example_alias_producer_with_no_taskflow to None, run_after=None
[2024-12-30T11:24:18.489+0000] {logging_mixin.py:190} INFO - [2024-12-30T11:24:18.489+0000] {dag.py:4180} INFO - Setting next_dagrun for dataset_s3_bucket_consumer_with_no_taskflow to None, run_after=None
[2024-12-30T11:24:18.489+0000] {logging_mixin.py:190} INFO - [2024-12-30T11:24:18.489+0000] {dag.py:4180} INFO - Setting next_dagrun for dataset_s3_bucket_producer_with_no_taskflow to None, run_after=None
[2024-12-30T11:24:18.500+0000] {processor.py:208} INFO - Processing /home/airflow/.local/lib/python3.12/site-packages/airflow/example_dags/example_dataset_alias_with_no_taskflow.py took 0.435 seconds
