[2024-12-30T11:23:46.506+0000] {processor.py:186} INFO - Started process (PID=79) to work on /home/airflow/.local/lib/python3.12/site-packages/airflow/example_dags/example_local_kubernetes_executor.py
[2024-12-30T11:23:46.507+0000] {processor.py:914} INFO - Processing file /home/airflow/.local/lib/python3.12/site-packages/airflow/example_dags/example_local_kubernetes_executor.py for tasks to queue
[2024-12-30T11:23:46.509+0000] {logging_mixin.py:190} INFO - [2024-12-30T11:23:46.508+0000] {dagbag.py:588} INFO - Filling up the DagBag from /home/airflow/.local/lib/python3.12/site-packages/airflow/example_dags/example_local_kubernetes_executor.py
[2024-12-30T11:23:46.516+0000] {processor.py:925} INFO - DAG(s) 'example_local_kubernetes_executor' retrieved from /home/airflow/.local/lib/python3.12/site-packages/airflow/example_dags/example_local_kubernetes_executor.py
[2024-12-30T11:23:46.576+0000] {logging_mixin.py:190} INFO - [2024-12-30T11:23:46.576+0000] {override.py:1911} INFO - Created Permission View: can delete on DAG:example_local_kubernetes_executor
[2024-12-30T11:23:46.583+0000] {logging_mixin.py:190} INFO - [2024-12-30T11:23:46.583+0000] {override.py:1911} INFO - Created Permission View: can edit on DAG:example_local_kubernetes_executor
[2024-12-30T11:23:46.591+0000] {logging_mixin.py:190} INFO - [2024-12-30T11:23:46.591+0000] {override.py:1911} INFO - Created Permission View: can read on DAG:example_local_kubernetes_executor
[2024-12-30T11:23:46.595+0000] {logging_mixin.py:190} INFO - [2024-12-30T11:23:46.594+0000] {override.py:1911} INFO - Created Permission View: menu access on DAG Run:example_local_kubernetes_executor
[2024-12-30T11:23:46.600+0000] {logging_mixin.py:190} INFO - [2024-12-30T11:23:46.600+0000] {override.py:1911} INFO - Created Permission View: can delete on DAG Run:example_local_kubernetes_executor
[2024-12-30T11:23:46.604+0000] {logging_mixin.py:190} INFO - [2024-12-30T11:23:46.604+0000] {override.py:1911} INFO - Created Permission View: can create on DAG Run:example_local_kubernetes_executor
[2024-12-30T11:23:46.607+0000] {logging_mixin.py:190} INFO - [2024-12-30T11:23:46.607+0000] {override.py:1911} INFO - Created Permission View: can read on DAG Run:example_local_kubernetes_executor
[2024-12-30T11:23:46.608+0000] {logging_mixin.py:190} INFO - [2024-12-30T11:23:46.607+0000] {dag.py:3239} INFO - Sync 1 DAGs
[2024-12-30T11:23:46.629+0000] {logging_mixin.py:190} INFO - [2024-12-30T11:23:46.628+0000] {dag.py:3262} INFO - Creating ORM DAG for example_local_kubernetes_executor
[2024-12-30T11:23:46.629+0000] {logging_mixin.py:190} INFO - [2024-12-30T11:23:46.629+0000] {dag.py:4180} INFO - Setting next_dagrun for example_local_kubernetes_executor to None, run_after=None
[2024-12-30T11:23:46.639+0000] {processor.py:208} INFO - Processing /home/airflow/.local/lib/python3.12/site-packages/airflow/example_dags/example_local_kubernetes_executor.py took 0.137 seconds
[2024-12-30T11:24:17.938+0000] {processor.py:186} INFO - Started process (PID=143) to work on /home/airflow/.local/lib/python3.12/site-packages/airflow/example_dags/example_local_kubernetes_executor.py
[2024-12-30T11:24:17.940+0000] {processor.py:914} INFO - Processing file /home/airflow/.local/lib/python3.12/site-packages/airflow/example_dags/example_local_kubernetes_executor.py for tasks to queue
[2024-12-30T11:24:17.942+0000] {logging_mixin.py:190} INFO - [2024-12-30T11:24:17.942+0000] {dagbag.py:588} INFO - Filling up the DagBag from /home/airflow/.local/lib/python3.12/site-packages/airflow/example_dags/example_local_kubernetes_executor.py
[2024-12-30T11:24:17.949+0000] {processor.py:925} INFO - DAG(s) 'example_local_kubernetes_executor' retrieved from /home/airflow/.local/lib/python3.12/site-packages/airflow/example_dags/example_local_kubernetes_executor.py
[2024-12-30T11:24:17.962+0000] {logging_mixin.py:190} INFO - [2024-12-30T11:24:17.962+0000] {dag.py:3239} INFO - Sync 1 DAGs
[2024-12-30T11:24:17.969+0000] {logging_mixin.py:190} INFO - [2024-12-30T11:24:17.969+0000] {dag.py:4180} INFO - Setting next_dagrun for example_local_kubernetes_executor to None, run_after=None
[2024-12-30T11:24:17.982+0000] {processor.py:208} INFO - Processing /home/airflow/.local/lib/python3.12/site-packages/airflow/example_dags/example_local_kubernetes_executor.py took 0.048 seconds
