[2024-12-30T11:23:47.429+0000] {processor.py:186} INFO - Started process (PID=87) to work on /home/airflow/.local/lib/python3.12/site-packages/airflow/example_dags/example_subdag_operator.py
[2024-12-30T11:23:47.430+0000] {processor.py:914} INFO - Processing file /home/airflow/.local/lib/python3.12/site-packages/airflow/example_dags/example_subdag_operator.py for tasks to queue
[2024-12-30T11:23:47.431+0000] {logging_mixin.py:190} INFO - [2024-12-30T11:23:47.431+0000] {dagbag.py:588} INFO - Filling up the DagBag from /home/airflow/.local/lib/python3.12/site-packages/airflow/example_dags/example_subdag_operator.py
[2024-12-30T11:23:47.448+0000] {processor.py:925} INFO - DAG(s) 'example_subdag_operator.section-1', 'example_subdag_operator.section-2', 'example_subdag_operator' retrieved from /home/airflow/.local/lib/python3.12/site-packages/airflow/example_dags/example_subdag_operator.py
[2024-12-30T11:23:47.509+0000] {logging_mixin.py:190} INFO - [2024-12-30T11:23:47.509+0000] {override.py:1911} INFO - Created Permission View: can delete on DAG:example_subdag_operator
[2024-12-30T11:23:47.515+0000] {logging_mixin.py:190} INFO - [2024-12-30T11:23:47.515+0000] {override.py:1911} INFO - Created Permission View: can edit on DAG:example_subdag_operator
[2024-12-30T11:23:47.522+0000] {logging_mixin.py:190} INFO - [2024-12-30T11:23:47.521+0000] {override.py:1911} INFO - Created Permission View: can read on DAG:example_subdag_operator
[2024-12-30T11:23:47.527+0000] {logging_mixin.py:190} INFO - [2024-12-30T11:23:47.527+0000] {override.py:1911} INFO - Created Permission View: menu access on DAG Run:example_subdag_operator
[2024-12-30T11:23:47.530+0000] {logging_mixin.py:190} INFO - [2024-12-30T11:23:47.530+0000] {override.py:1911} INFO - Created Permission View: can delete on DAG Run:example_subdag_operator
[2024-12-30T11:23:47.533+0000] {logging_mixin.py:190} INFO - [2024-12-30T11:23:47.532+0000] {override.py:1911} INFO - Created Permission View: can create on DAG Run:example_subdag_operator
[2024-12-30T11:23:47.538+0000] {logging_mixin.py:190} INFO - [2024-12-30T11:23:47.538+0000] {override.py:1911} INFO - Created Permission View: can read on DAG Run:example_subdag_operator
[2024-12-30T11:23:47.538+0000] {logging_mixin.py:190} INFO - [2024-12-30T11:23:47.538+0000] {dag.py:3239} INFO - Sync 3 DAGs
[2024-12-30T11:23:47.547+0000] {logging_mixin.py:190} INFO - [2024-12-30T11:23:47.546+0000] {dag.py:3262} INFO - Creating ORM DAG for example_subdag_operator
[2024-12-30T11:23:47.547+0000] {logging_mixin.py:190} INFO - [2024-12-30T11:23:47.547+0000] {dag.py:3262} INFO - Creating ORM DAG for example_subdag_operator.section-1
[2024-12-30T11:23:47.547+0000] {logging_mixin.py:190} INFO - [2024-12-30T11:23:47.547+0000] {dag.py:3262} INFO - Creating ORM DAG for example_subdag_operator.section-2
[2024-12-30T11:23:47.557+0000] {logging_mixin.py:190} INFO - [2024-12-30T11:23:47.557+0000] {dag.py:4180} INFO - Setting next_dagrun for example_subdag_operator to 2022-01-01 00:00:00+00:00, run_after=2022-01-01 00:00:00+00:00
[2024-12-30T11:23:47.558+0000] {logging_mixin.py:190} INFO - [2024-12-30T11:23:47.558+0000] {dag.py:4180} INFO - Setting next_dagrun for example_subdag_operator.section-1 to None, run_after=None
[2024-12-30T11:23:47.560+0000] {logging_mixin.py:190} INFO - [2024-12-30T11:23:47.559+0000] {dag.py:4180} INFO - Setting next_dagrun for example_subdag_operator.section-2 to None, run_after=None
[2024-12-30T11:23:47.565+0000] {logging_mixin.py:190} INFO - [2024-12-30T11:23:47.565+0000] {dag.py:3239} INFO - Sync 2 DAGs
[2024-12-30T11:23:47.567+0000] {logging_mixin.py:190} INFO - [2024-12-30T11:23:47.567+0000] {dag.py:4180} INFO - Setting next_dagrun for example_subdag_operator.section-1 to None, run_after=None
[2024-12-30T11:23:47.569+0000] {logging_mixin.py:190} INFO - [2024-12-30T11:23:47.568+0000] {dag.py:4180} INFO - Setting next_dagrun for example_subdag_operator.section-2 to None, run_after=None
[2024-12-30T11:23:47.575+0000] {processor.py:208} INFO - Processing /home/airflow/.local/lib/python3.12/site-packages/airflow/example_dags/example_subdag_operator.py took 0.150 seconds
[2024-12-30T11:24:18.295+0000] {processor.py:186} INFO - Started process (PID=151) to work on /home/airflow/.local/lib/python3.12/site-packages/airflow/example_dags/example_subdag_operator.py
[2024-12-30T11:24:18.295+0000] {processor.py:914} INFO - Processing file /home/airflow/.local/lib/python3.12/site-packages/airflow/example_dags/example_subdag_operator.py for tasks to queue
[2024-12-30T11:24:18.297+0000] {logging_mixin.py:190} INFO - [2024-12-30T11:24:18.297+0000] {dagbag.py:588} INFO - Filling up the DagBag from /home/airflow/.local/lib/python3.12/site-packages/airflow/example_dags/example_subdag_operator.py
[2024-12-30T11:24:18.313+0000] {processor.py:925} INFO - DAG(s) 'example_subdag_operator.section-1', 'example_subdag_operator.section-2', 'example_subdag_operator' retrieved from /home/airflow/.local/lib/python3.12/site-packages/airflow/example_dags/example_subdag_operator.py
[2024-12-30T11:24:18.322+0000] {logging_mixin.py:190} INFO - [2024-12-30T11:24:18.322+0000] {dag.py:3239} INFO - Sync 3 DAGs
[2024-12-30T11:24:18.336+0000] {logging_mixin.py:190} INFO - [2024-12-30T11:24:18.336+0000] {dag.py:4180} INFO - Setting next_dagrun for example_subdag_operator to 2022-01-01 00:00:00+00:00, run_after=2022-01-01 00:00:00+00:00
[2024-12-30T11:24:18.338+0000] {logging_mixin.py:190} INFO - [2024-12-30T11:24:18.338+0000] {dag.py:4180} INFO - Setting next_dagrun for example_subdag_operator.section-1 to None, run_after=None
[2024-12-30T11:24:18.338+0000] {logging_mixin.py:190} INFO - [2024-12-30T11:24:18.338+0000] {dag.py:4180} INFO - Setting next_dagrun for example_subdag_operator.section-2 to None, run_after=None
[2024-12-30T11:24:18.342+0000] {logging_mixin.py:190} INFO - [2024-12-30T11:24:18.341+0000] {dag.py:3239} INFO - Sync 2 DAGs
[2024-12-30T11:24:18.344+0000] {logging_mixin.py:190} INFO - [2024-12-30T11:24:18.344+0000] {dag.py:4180} INFO - Setting next_dagrun for example_subdag_operator.section-1 to None, run_after=None
[2024-12-30T11:24:18.344+0000] {logging_mixin.py:190} INFO - [2024-12-30T11:24:18.344+0000] {dag.py:4180} INFO - Setting next_dagrun for example_subdag_operator.section-2 to None, run_after=None
[2024-12-30T11:24:18.349+0000] {processor.py:208} INFO - Processing /home/airflow/.local/lib/python3.12/site-packages/airflow/example_dags/example_subdag_operator.py took 0.059 seconds
