[2024-12-30T11:23:44.720+0000] {processor.py:186} INFO - Started process (PID=59) to work on /home/airflow/.local/lib/python3.12/site-packages/airflow/example_dags/example_task_group.py
[2024-12-30T11:23:44.720+0000] {processor.py:914} INFO - Processing file /home/airflow/.local/lib/python3.12/site-packages/airflow/example_dags/example_task_group.py for tasks to queue
[2024-12-30T11:23:44.722+0000] {logging_mixin.py:190} INFO - [2024-12-30T11:23:44.722+0000] {dagbag.py:588} INFO - Filling up the DagBag from /home/airflow/.local/lib/python3.12/site-packages/airflow/example_dags/example_task_group.py
[2024-12-30T11:23:44.728+0000] {processor.py:925} INFO - DAG(s) 'example_task_group' retrieved from /home/airflow/.local/lib/python3.12/site-packages/airflow/example_dags/example_task_group.py
[2024-12-30T11:23:44.803+0000] {logging_mixin.py:190} INFO - [2024-12-30T11:23:44.802+0000] {override.py:1911} INFO - Created Permission View: can delete on DAG:example_task_group
[2024-12-30T11:23:44.808+0000] {logging_mixin.py:190} INFO - [2024-12-30T11:23:44.808+0000] {override.py:1911} INFO - Created Permission View: can edit on DAG:example_task_group
[2024-12-30T11:23:44.812+0000] {logging_mixin.py:190} INFO - [2024-12-30T11:23:44.812+0000] {override.py:1911} INFO - Created Permission View: can read on DAG:example_task_group
[2024-12-30T11:23:44.815+0000] {logging_mixin.py:190} INFO - [2024-12-30T11:23:44.815+0000] {override.py:1911} INFO - Created Permission View: menu access on DAG Run:example_task_group
[2024-12-30T11:23:44.818+0000] {logging_mixin.py:190} INFO - [2024-12-30T11:23:44.818+0000] {override.py:1911} INFO - Created Permission View: can delete on DAG Run:example_task_group
[2024-12-30T11:23:44.821+0000] {logging_mixin.py:190} INFO - [2024-12-30T11:23:44.821+0000] {override.py:1911} INFO - Created Permission View: can create on DAG Run:example_task_group
[2024-12-30T11:23:44.824+0000] {logging_mixin.py:190} INFO - [2024-12-30T11:23:44.823+0000] {override.py:1911} INFO - Created Permission View: can read on DAG Run:example_task_group
[2024-12-30T11:23:44.824+0000] {logging_mixin.py:190} INFO - [2024-12-30T11:23:44.824+0000] {dag.py:3239} INFO - Sync 1 DAGs
[2024-12-30T11:23:44.830+0000] {logging_mixin.py:190} INFO - [2024-12-30T11:23:44.830+0000] {dag.py:3262} INFO - Creating ORM DAG for example_task_group
[2024-12-30T11:23:44.831+0000] {logging_mixin.py:190} INFO - [2024-12-30T11:23:44.831+0000] {dag.py:4180} INFO - Setting next_dagrun for example_task_group to None, run_after=None
[2024-12-30T11:23:44.842+0000] {processor.py:208} INFO - Processing /home/airflow/.local/lib/python3.12/site-packages/airflow/example_dags/example_task_group.py took 0.125 seconds
[2024-12-30T11:24:16.503+0000] {processor.py:186} INFO - Started process (PID=123) to work on /home/airflow/.local/lib/python3.12/site-packages/airflow/example_dags/example_task_group.py
[2024-12-30T11:24:16.504+0000] {processor.py:914} INFO - Processing file /home/airflow/.local/lib/python3.12/site-packages/airflow/example_dags/example_task_group.py for tasks to queue
[2024-12-30T11:24:16.506+0000] {logging_mixin.py:190} INFO - [2024-12-30T11:24:16.506+0000] {dagbag.py:588} INFO - Filling up the DagBag from /home/airflow/.local/lib/python3.12/site-packages/airflow/example_dags/example_task_group.py
[2024-12-30T11:24:16.513+0000] {processor.py:925} INFO - DAG(s) 'example_task_group' retrieved from /home/airflow/.local/lib/python3.12/site-packages/airflow/example_dags/example_task_group.py
[2024-12-30T11:24:16.528+0000] {logging_mixin.py:190} INFO - [2024-12-30T11:24:16.528+0000] {dag.py:3239} INFO - Sync 1 DAGs
[2024-12-30T11:24:16.537+0000] {logging_mixin.py:190} INFO - [2024-12-30T11:24:16.537+0000] {dag.py:4180} INFO - Setting next_dagrun for example_task_group to None, run_after=None
[2024-12-30T11:24:16.553+0000] {processor.py:208} INFO - Processing /home/airflow/.local/lib/python3.12/site-packages/airflow/example_dags/example_task_group.py took 0.053 seconds
