[2024-12-30T11:23:48.245+0000] {processor.py:186} INFO - Started process (PID=94) to work on /home/airflow/.local/lib/python3.12/site-packages/airflow/example_dags/example_branch_datetime_operator.py
[2024-12-30T11:23:48.247+0000] {processor.py:914} INFO - Processing file /home/airflow/.local/lib/python3.12/site-packages/airflow/example_dags/example_branch_datetime_operator.py for tasks to queue
[2024-12-30T11:23:48.248+0000] {logging_mixin.py:190} INFO - [2024-12-30T11:23:48.248+0000] {dagbag.py:588} INFO - Filling up the DagBag from /home/airflow/.local/lib/python3.12/site-packages/airflow/example_dags/example_branch_datetime_operator.py
[2024-12-30T11:23:48.258+0000] {processor.py:925} INFO - DAG(s) 'example_branch_datetime_operator', 'example_branch_datetime_operator_3', 'example_branch_datetime_operator_2' retrieved from /home/airflow/.local/lib/python3.12/site-packages/airflow/example_dags/example_branch_datetime_operator.py
[2024-12-30T11:23:48.330+0000] {logging_mixin.py:190} INFO - [2024-12-30T11:23:48.329+0000] {override.py:1911} INFO - Created Permission View: can delete on DAG:example_branch_datetime_operator
[2024-12-30T11:23:48.341+0000] {logging_mixin.py:190} INFO - [2024-12-30T11:23:48.341+0000] {override.py:1911} INFO - Created Permission View: can edit on DAG:example_branch_datetime_operator
[2024-12-30T11:23:48.349+0000] {logging_mixin.py:190} INFO - [2024-12-30T11:23:48.349+0000] {override.py:1911} INFO - Created Permission View: can read on DAG:example_branch_datetime_operator
[2024-12-30T11:23:48.352+0000] {logging_mixin.py:190} INFO - [2024-12-30T11:23:48.352+0000] {override.py:1911} INFO - Created Permission View: menu access on DAG Run:example_branch_datetime_operator
[2024-12-30T11:23:48.356+0000] {logging_mixin.py:190} INFO - [2024-12-30T11:23:48.356+0000] {override.py:1911} INFO - Created Permission View: can delete on DAG Run:example_branch_datetime_operator
[2024-12-30T11:23:48.362+0000] {logging_mixin.py:190} INFO - [2024-12-30T11:23:48.362+0000] {override.py:1911} INFO - Created Permission View: can create on DAG Run:example_branch_datetime_operator
[2024-12-30T11:23:48.366+0000] {logging_mixin.py:190} INFO - [2024-12-30T11:23:48.366+0000] {override.py:1911} INFO - Created Permission View: can read on DAG Run:example_branch_datetime_operator
[2024-12-30T11:23:48.374+0000] {logging_mixin.py:190} INFO - [2024-12-30T11:23:48.374+0000] {override.py:1911} INFO - Created Permission View: can delete on DAG:example_branch_datetime_operator_3
[2024-12-30T11:23:48.377+0000] {logging_mixin.py:190} INFO - [2024-12-30T11:23:48.377+0000] {override.py:1911} INFO - Created Permission View: can edit on DAG:example_branch_datetime_operator_3
[2024-12-30T11:23:48.381+0000] {logging_mixin.py:190} INFO - [2024-12-30T11:23:48.380+0000] {override.py:1911} INFO - Created Permission View: can read on DAG:example_branch_datetime_operator_3
[2024-12-30T11:23:48.384+0000] {logging_mixin.py:190} INFO - [2024-12-30T11:23:48.383+0000] {override.py:1911} INFO - Created Permission View: menu access on DAG Run:example_branch_datetime_operator_3
[2024-12-30T11:23:48.387+0000] {logging_mixin.py:190} INFO - [2024-12-30T11:23:48.387+0000] {override.py:1911} INFO - Created Permission View: can delete on DAG Run:example_branch_datetime_operator_3
[2024-12-30T11:23:48.389+0000] {logging_mixin.py:190} INFO - [2024-12-30T11:23:48.389+0000] {override.py:1911} INFO - Created Permission View: can create on DAG Run:example_branch_datetime_operator_3
[2024-12-30T11:23:48.393+0000] {logging_mixin.py:190} INFO - [2024-12-30T11:23:48.393+0000] {override.py:1911} INFO - Created Permission View: can read on DAG Run:example_branch_datetime_operator_3
[2024-12-30T11:23:48.403+0000] {logging_mixin.py:190} INFO - [2024-12-30T11:23:48.403+0000] {override.py:1911} INFO - Created Permission View: can delete on DAG:example_branch_datetime_operator_2
[2024-12-30T11:23:48.407+0000] {logging_mixin.py:190} INFO - [2024-12-30T11:23:48.407+0000] {override.py:1911} INFO - Created Permission View: can edit on DAG:example_branch_datetime_operator_2
[2024-12-30T11:23:48.411+0000] {logging_mixin.py:190} INFO - [2024-12-30T11:23:48.410+0000] {override.py:1911} INFO - Created Permission View: can read on DAG:example_branch_datetime_operator_2
[2024-12-30T11:23:48.414+0000] {logging_mixin.py:190} INFO - [2024-12-30T11:23:48.414+0000] {override.py:1911} INFO - Created Permission View: menu access on DAG Run:example_branch_datetime_operator_2
[2024-12-30T11:23:48.417+0000] {logging_mixin.py:190} INFO - [2024-12-30T11:23:48.417+0000] {override.py:1911} INFO - Created Permission View: can delete on DAG Run:example_branch_datetime_operator_2
[2024-12-30T11:23:48.420+0000] {logging_mixin.py:190} INFO - [2024-12-30T11:23:48.420+0000] {override.py:1911} INFO - Created Permission View: can create on DAG Run:example_branch_datetime_operator_2
[2024-12-30T11:23:48.422+0000] {logging_mixin.py:190} INFO - [2024-12-30T11:23:48.422+0000] {override.py:1911} INFO - Created Permission View: can read on DAG Run:example_branch_datetime_operator_2
[2024-12-30T11:23:48.423+0000] {logging_mixin.py:190} INFO - [2024-12-30T11:23:48.423+0000] {dag.py:3239} INFO - Sync 3 DAGs
[2024-12-30T11:23:48.430+0000] {logging_mixin.py:190} INFO - [2024-12-30T11:23:48.429+0000] {dag.py:3262} INFO - Creating ORM DAG for example_branch_datetime_operator_2
[2024-12-30T11:23:48.430+0000] {logging_mixin.py:190} INFO - [2024-12-30T11:23:48.430+0000] {dag.py:3262} INFO - Creating ORM DAG for example_branch_datetime_operator_3
[2024-12-30T11:23:48.431+0000] {logging_mixin.py:190} INFO - [2024-12-30T11:23:48.431+0000] {dag.py:3262} INFO - Creating ORM DAG for example_branch_datetime_operator
[2024-12-30T11:23:48.438+0000] {logging_mixin.py:190} INFO - [2024-12-30T11:23:48.438+0000] {dag.py:4180} INFO - Setting next_dagrun for example_branch_datetime_operator to 2024-12-29 00:00:00+00:00, run_after=2024-12-30 00:00:00+00:00
[2024-12-30T11:23:48.439+0000] {logging_mixin.py:190} INFO - [2024-12-30T11:23:48.439+0000] {dag.py:4180} INFO - Setting next_dagrun for example_branch_datetime_operator_2 to 2024-12-29 00:00:00+00:00, run_after=2024-12-30 00:00:00+00:00
[2024-12-30T11:23:48.440+0000] {logging_mixin.py:190} INFO - [2024-12-30T11:23:48.440+0000] {dag.py:4180} INFO - Setting next_dagrun for example_branch_datetime_operator_3 to 2024-12-29 00:00:00+00:00, run_after=2024-12-30 00:00:00+00:00
[2024-12-30T11:23:48.448+0000] {processor.py:208} INFO - Processing /home/airflow/.local/lib/python3.12/site-packages/airflow/example_dags/example_branch_datetime_operator.py took 0.213 seconds
[2024-12-30T11:24:18.726+0000] {processor.py:186} INFO - Started process (PID=158) to work on /home/airflow/.local/lib/python3.12/site-packages/airflow/example_dags/example_branch_datetime_operator.py
[2024-12-30T11:24:18.726+0000] {processor.py:914} INFO - Processing file /home/airflow/.local/lib/python3.12/site-packages/airflow/example_dags/example_branch_datetime_operator.py for tasks to queue
[2024-12-30T11:24:18.727+0000] {logging_mixin.py:190} INFO - [2024-12-30T11:24:18.727+0000] {dagbag.py:588} INFO - Filling up the DagBag from /home/airflow/.local/lib/python3.12/site-packages/airflow/example_dags/example_branch_datetime_operator.py
[2024-12-30T11:24:18.733+0000] {processor.py:925} INFO - DAG(s) 'example_branch_datetime_operator', 'example_branch_datetime_operator_3', 'example_branch_datetime_operator_2' retrieved from /home/airflow/.local/lib/python3.12/site-packages/airflow/example_dags/example_branch_datetime_operator.py
[2024-12-30T11:24:18.746+0000] {logging_mixin.py:190} INFO - [2024-12-30T11:24:18.746+0000] {dag.py:3239} INFO - Sync 3 DAGs
[2024-12-30T11:24:18.759+0000] {logging_mixin.py:190} INFO - [2024-12-30T11:24:18.759+0000] {dag.py:4180} INFO - Setting next_dagrun for example_branch_datetime_operator to 2024-12-29 00:00:00+00:00, run_after=2024-12-30 00:00:00+00:00
[2024-12-30T11:24:18.762+0000] {logging_mixin.py:190} INFO - [2024-12-30T11:24:18.762+0000] {dag.py:4180} INFO - Setting next_dagrun for example_branch_datetime_operator_2 to 2024-12-29 00:00:00+00:00, run_after=2024-12-30 00:00:00+00:00
[2024-12-30T11:24:18.763+0000] {logging_mixin.py:190} INFO - [2024-12-30T11:24:18.763+0000] {dag.py:4180} INFO - Setting next_dagrun for example_branch_datetime_operator_3 to 2024-12-29 00:00:00+00:00, run_after=2024-12-30 00:00:00+00:00
[2024-12-30T11:24:18.775+0000] {processor.py:208} INFO - Processing /home/airflow/.local/lib/python3.12/site-packages/airflow/example_dags/example_branch_datetime_operator.py took 0.052 seconds
