[2024-12-30T11:23:48.465+0000] {processor.py:186} INFO - Started process (PID=97) to work on /home/airflow/.local/lib/python3.12/site-packages/airflow/example_dags/example_trigger_controller_dag.py
[2024-12-30T11:23:48.466+0000] {processor.py:914} INFO - Processing file /home/airflow/.local/lib/python3.12/site-packages/airflow/example_dags/example_trigger_controller_dag.py for tasks to queue
[2024-12-30T11:23:48.468+0000] {logging_mixin.py:190} INFO - [2024-12-30T11:23:48.468+0000] {dagbag.py:588} INFO - Filling up the DagBag from /home/airflow/.local/lib/python3.12/site-packages/airflow/example_dags/example_trigger_controller_dag.py
[2024-12-30T11:23:48.475+0000] {processor.py:925} INFO - DAG(s) 'example_trigger_controller_dag' retrieved from /home/airflow/.local/lib/python3.12/site-packages/airflow/example_dags/example_trigger_controller_dag.py
[2024-12-30T11:23:48.523+0000] {logging_mixin.py:190} INFO - [2024-12-30T11:23:48.523+0000] {override.py:1911} INFO - Created Permission View: can delete on DAG:example_trigger_controller_dag
[2024-12-30T11:23:48.528+0000] {logging_mixin.py:190} INFO - [2024-12-30T11:23:48.528+0000] {override.py:1911} INFO - Created Permission View: can edit on DAG:example_trigger_controller_dag
[2024-12-30T11:23:48.531+0000] {logging_mixin.py:190} INFO - [2024-12-30T11:23:48.530+0000] {override.py:1911} INFO - Created Permission View: can read on DAG:example_trigger_controller_dag
[2024-12-30T11:23:48.533+0000] {logging_mixin.py:190} INFO - [2024-12-30T11:23:48.533+0000] {override.py:1911} INFO - Created Permission View: menu access on DAG Run:example_trigger_controller_dag
[2024-12-30T11:23:48.537+0000] {logging_mixin.py:190} INFO - [2024-12-30T11:23:48.537+0000] {override.py:1911} INFO - Created Permission View: can delete on DAG Run:example_trigger_controller_dag
[2024-12-30T11:23:48.542+0000] {logging_mixin.py:190} INFO - [2024-12-30T11:23:48.542+0000] {override.py:1911} INFO - Created Permission View: can create on DAG Run:example_trigger_controller_dag
[2024-12-30T11:23:48.547+0000] {logging_mixin.py:190} INFO - [2024-12-30T11:23:48.547+0000] {override.py:1911} INFO - Created Permission View: can read on DAG Run:example_trigger_controller_dag
[2024-12-30T11:23:48.547+0000] {logging_mixin.py:190} INFO - [2024-12-30T11:23:48.547+0000] {dag.py:3239} INFO - Sync 1 DAGs
[2024-12-30T11:23:48.554+0000] {logging_mixin.py:190} INFO - [2024-12-30T11:23:48.553+0000] {dag.py:3262} INFO - Creating ORM DAG for example_trigger_controller_dag
[2024-12-30T11:23:48.561+0000] {logging_mixin.py:190} INFO - [2024-12-30T11:23:48.561+0000] {dag.py:4180} INFO - Setting next_dagrun for example_trigger_controller_dag to 2021-01-01 00:00:00+00:00, run_after=2021-01-01 00:00:00+00:00
[2024-12-30T11:23:48.568+0000] {processor.py:208} INFO - Processing /home/airflow/.local/lib/python3.12/site-packages/airflow/example_dags/example_trigger_controller_dag.py took 0.106 seconds
[2024-12-30T11:24:18.851+0000] {processor.py:186} INFO - Started process (PID=161) to work on /home/airflow/.local/lib/python3.12/site-packages/airflow/example_dags/example_trigger_controller_dag.py
[2024-12-30T11:24:18.852+0000] {processor.py:914} INFO - Processing file /home/airflow/.local/lib/python3.12/site-packages/airflow/example_dags/example_trigger_controller_dag.py for tasks to queue
[2024-12-30T11:24:18.853+0000] {logging_mixin.py:190} INFO - [2024-12-30T11:24:18.853+0000] {dagbag.py:588} INFO - Filling up the DagBag from /home/airflow/.local/lib/python3.12/site-packages/airflow/example_dags/example_trigger_controller_dag.py
[2024-12-30T11:24:18.857+0000] {processor.py:925} INFO - DAG(s) 'example_trigger_controller_dag' retrieved from /home/airflow/.local/lib/python3.12/site-packages/airflow/example_dags/example_trigger_controller_dag.py
[2024-12-30T11:24:18.866+0000] {logging_mixin.py:190} INFO - [2024-12-30T11:24:18.866+0000] {dag.py:3239} INFO - Sync 1 DAGs
[2024-12-30T11:24:18.884+0000] {logging_mixin.py:190} INFO - [2024-12-30T11:24:18.884+0000] {dag.py:4180} INFO - Setting next_dagrun for example_trigger_controller_dag to 2021-01-01 00:00:00+00:00, run_after=2021-01-01 00:00:00+00:00
[2024-12-30T11:24:18.899+0000] {processor.py:208} INFO - Processing /home/airflow/.local/lib/python3.12/site-packages/airflow/example_dags/example_trigger_controller_dag.py took 0.052 seconds
