[2024-12-30T11:23:43.777+0000] {processor.py:186} INFO - Started process (PID=55) to work on /home/airflow/.local/lib/python3.12/site-packages/airflow/example_dags/example_bash_decorator.py
[2024-12-30T11:23:43.777+0000] {processor.py:914} INFO - Processing file /home/airflow/.local/lib/python3.12/site-packages/airflow/example_dags/example_bash_decorator.py for tasks to queue
[2024-12-30T11:23:43.779+0000] {logging_mixin.py:190} INFO - [2024-12-30T11:23:43.778+0000] {dagbag.py:588} INFO - Filling up the DagBag from /home/airflow/.local/lib/python3.12/site-packages/airflow/example_dags/example_bash_decorator.py
[2024-12-30T11:23:43.789+0000] {processor.py:925} INFO - DAG(s) 'example_bash_decorator' retrieved from /home/airflow/.local/lib/python3.12/site-packages/airflow/example_dags/example_bash_decorator.py
[2024-12-30T11:23:43.849+0000] {logging_mixin.py:190} INFO - [2024-12-30T11:23:43.848+0000] {override.py:1911} INFO - Created Permission View: can delete on DAG:example_bash_decorator
[2024-12-30T11:23:43.856+0000] {logging_mixin.py:190} INFO - [2024-12-30T11:23:43.856+0000] {override.py:1911} INFO - Created Permission View: can edit on DAG:example_bash_decorator
[2024-12-30T11:23:43.859+0000] {logging_mixin.py:190} INFO - [2024-12-30T11:23:43.859+0000] {override.py:1911} INFO - Created Permission View: can read on DAG:example_bash_decorator
[2024-12-30T11:23:43.861+0000] {logging_mixin.py:190} INFO - [2024-12-30T11:23:43.861+0000] {override.py:1911} INFO - Created Permission View: menu access on DAG Run:example_bash_decorator
[2024-12-30T11:23:43.866+0000] {logging_mixin.py:190} INFO - [2024-12-30T11:23:43.866+0000] {override.py:1911} INFO - Created Permission View: can delete on DAG Run:example_bash_decorator
[2024-12-30T11:23:43.871+0000] {logging_mixin.py:190} INFO - [2024-12-30T11:23:43.871+0000] {override.py:1911} INFO - Created Permission View: can create on DAG Run:example_bash_decorator
[2024-12-30T11:23:43.873+0000] {logging_mixin.py:190} INFO - [2024-12-30T11:23:43.873+0000] {override.py:1911} INFO - Created Permission View: can read on DAG Run:example_bash_decorator
[2024-12-30T11:23:43.873+0000] {logging_mixin.py:190} INFO - [2024-12-30T11:23:43.873+0000] {dag.py:3239} INFO - Sync 1 DAGs
[2024-12-30T11:23:43.882+0000] {logging_mixin.py:190} INFO - [2024-12-30T11:23:43.882+0000] {dag.py:3262} INFO - Creating ORM DAG for example_bash_decorator
[2024-12-30T11:23:43.883+0000] {logging_mixin.py:190} INFO - [2024-12-30T11:23:43.883+0000] {dag.py:4180} INFO - Setting next_dagrun for example_bash_decorator to None, run_after=None
[2024-12-30T11:23:43.893+0000] {processor.py:208} INFO - Processing /home/airflow/.local/lib/python3.12/site-packages/airflow/example_dags/example_bash_decorator.py took 0.119 seconds
[2024-12-30T11:24:13.949+0000] {processor.py:186} INFO - Started process (PID=118) to work on /home/airflow/.local/lib/python3.12/site-packages/airflow/example_dags/example_bash_decorator.py
[2024-12-30T11:24:13.950+0000] {processor.py:914} INFO - Processing file /home/airflow/.local/lib/python3.12/site-packages/airflow/example_dags/example_bash_decorator.py for tasks to queue
[2024-12-30T11:24:13.951+0000] {logging_mixin.py:190} INFO - [2024-12-30T11:24:13.951+0000] {dagbag.py:588} INFO - Filling up the DagBag from /home/airflow/.local/lib/python3.12/site-packages/airflow/example_dags/example_bash_decorator.py
[2024-12-30T11:24:13.965+0000] {processor.py:925} INFO - DAG(s) 'example_bash_decorator' retrieved from /home/airflow/.local/lib/python3.12/site-packages/airflow/example_dags/example_bash_decorator.py
[2024-12-30T11:24:13.993+0000] {logging_mixin.py:190} INFO - [2024-12-30T11:24:13.992+0000] {dag.py:3239} INFO - Sync 1 DAGs
[2024-12-30T11:24:14.001+0000] {logging_mixin.py:190} INFO - [2024-12-30T11:24:14.000+0000] {dag.py:4180} INFO - Setting next_dagrun for example_bash_decorator to None, run_after=None
[2024-12-30T11:24:14.014+0000] {processor.py:208} INFO - Processing /home/airflow/.local/lib/python3.12/site-packages/airflow/example_dags/example_bash_decorator.py took 0.069 seconds
