[2024-12-30T11:23:46.203+0000] {processor.py:186} INFO - Started process (PID=76) to work on /home/airflow/.local/lib/python3.12/site-packages/airflow/example_dags/example_branch_operator_decorator.py
[2024-12-30T11:23:46.204+0000] {processor.py:914} INFO - Processing file /home/airflow/.local/lib/python3.12/site-packages/airflow/example_dags/example_branch_operator_decorator.py for tasks to queue
[2024-12-30T11:23:46.206+0000] {logging_mixin.py:190} INFO - [2024-12-30T11:23:46.206+0000] {dagbag.py:588} INFO - Filling up the DagBag from /home/airflow/.local/lib/python3.12/site-packages/airflow/example_dags/example_branch_operator_decorator.py
[2024-12-30T11:23:46.219+0000] {processor.py:925} INFO - DAG(s) 'example_branch_python_operator_decorator' retrieved from /home/airflow/.local/lib/python3.12/site-packages/airflow/example_dags/example_branch_operator_decorator.py
[2024-12-30T11:23:46.348+0000] {logging_mixin.py:190} INFO - [2024-12-30T11:23:46.348+0000] {override.py:1911} INFO - Created Permission View: can delete on DAG:example_branch_python_operator_decorator
[2024-12-30T11:23:46.357+0000] {logging_mixin.py:190} INFO - [2024-12-30T11:23:46.357+0000] {override.py:1911} INFO - Created Permission View: can edit on DAG:example_branch_python_operator_decorator
[2024-12-30T11:23:46.364+0000] {logging_mixin.py:190} INFO - [2024-12-30T11:23:46.363+0000] {override.py:1911} INFO - Created Permission View: can read on DAG:example_branch_python_operator_decorator
[2024-12-30T11:23:46.374+0000] {logging_mixin.py:190} INFO - [2024-12-30T11:23:46.374+0000] {override.py:1911} INFO - Created Permission View: menu access on DAG Run:example_branch_python_operator_decorator
[2024-12-30T11:23:46.389+0000] {logging_mixin.py:190} INFO - [2024-12-30T11:23:46.388+0000] {override.py:1911} INFO - Created Permission View: can delete on DAG Run:example_branch_python_operator_decorator
[2024-12-30T11:23:46.407+0000] {logging_mixin.py:190} INFO - [2024-12-30T11:23:46.406+0000] {override.py:1911} INFO - Created Permission View: can create on DAG Run:example_branch_python_operator_decorator
[2024-12-30T11:23:46.418+0000] {logging_mixin.py:190} INFO - [2024-12-30T11:23:46.418+0000] {override.py:1911} INFO - Created Permission View: can read on DAG Run:example_branch_python_operator_decorator
[2024-12-30T11:23:46.420+0000] {logging_mixin.py:190} INFO - [2024-12-30T11:23:46.420+0000] {dag.py:3239} INFO - Sync 1 DAGs
[2024-12-30T11:23:46.430+0000] {logging_mixin.py:190} INFO - [2024-12-30T11:23:46.430+0000] {dag.py:3262} INFO - Creating ORM DAG for example_branch_python_operator_decorator
[2024-12-30T11:23:46.437+0000] {logging_mixin.py:190} INFO - [2024-12-30T11:23:46.437+0000] {dag.py:4180} INFO - Setting next_dagrun for example_branch_python_operator_decorator to 2024-12-29 00:00:00+00:00, run_after=2024-12-30 00:00:00+00:00
[2024-12-30T11:23:46.448+0000] {processor.py:208} INFO - Processing /home/airflow/.local/lib/python3.12/site-packages/airflow/example_dags/example_branch_operator_decorator.py took 0.247 seconds
[2024-12-30T11:24:17.800+0000] {processor.py:186} INFO - Started process (PID=140) to work on /home/airflow/.local/lib/python3.12/site-packages/airflow/example_dags/example_branch_operator_decorator.py
[2024-12-30T11:24:17.803+0000] {processor.py:914} INFO - Processing file /home/airflow/.local/lib/python3.12/site-packages/airflow/example_dags/example_branch_operator_decorator.py for tasks to queue
[2024-12-30T11:24:17.807+0000] {logging_mixin.py:190} INFO - [2024-12-30T11:24:17.807+0000] {dagbag.py:588} INFO - Filling up the DagBag from /home/airflow/.local/lib/python3.12/site-packages/airflow/example_dags/example_branch_operator_decorator.py
[2024-12-30T11:24:17.830+0000] {processor.py:925} INFO - DAG(s) 'example_branch_python_operator_decorator' retrieved from /home/airflow/.local/lib/python3.12/site-packages/airflow/example_dags/example_branch_operator_decorator.py
[2024-12-30T11:24:17.857+0000] {logging_mixin.py:190} INFO - [2024-12-30T11:24:17.856+0000] {dag.py:3239} INFO - Sync 1 DAGs
[2024-12-30T11:24:17.874+0000] {logging_mixin.py:190} INFO - [2024-12-30T11:24:17.874+0000] {dag.py:4180} INFO - Setting next_dagrun for example_branch_python_operator_decorator to 2024-12-29 00:00:00+00:00, run_after=2024-12-30 00:00:00+00:00
[2024-12-30T11:24:17.886+0000] {processor.py:208} INFO - Processing /home/airflow/.local/lib/python3.12/site-packages/airflow/example_dags/example_branch_operator_decorator.py took 0.090 seconds
