[2024-12-30T11:23:48.453+0000] {processor.py:186} INFO - Started process (PID=96) to work on /home/airflow/.local/lib/python3.12/site-packages/airflow/example_dags/tutorial_taskflow_api.py
[2024-12-30T11:23:48.454+0000] {processor.py:914} INFO - Processing file /home/airflow/.local/lib/python3.12/site-packages/airflow/example_dags/tutorial_taskflow_api.py for tasks to queue
[2024-12-30T11:23:48.455+0000] {logging_mixin.py:190} INFO - [2024-12-30T11:23:48.455+0000] {dagbag.py:588} INFO - Filling up the DagBag from /home/airflow/.local/lib/python3.12/site-packages/airflow/example_dags/tutorial_taskflow_api.py
[2024-12-30T11:23:48.461+0000] {processor.py:925} INFO - DAG(s) 'tutorial_taskflow_api' retrieved from /home/airflow/.local/lib/python3.12/site-packages/airflow/example_dags/tutorial_taskflow_api.py
[2024-12-30T11:23:48.515+0000] {logging_mixin.py:190} INFO - [2024-12-30T11:23:48.514+0000] {override.py:1911} INFO - Created Permission View: can delete on DAG:tutorial_taskflow_api
[2024-12-30T11:23:48.519+0000] {logging_mixin.py:190} INFO - [2024-12-30T11:23:48.519+0000] {override.py:1911} INFO - Created Permission View: can edit on DAG:tutorial_taskflow_api
[2024-12-30T11:23:48.522+0000] {logging_mixin.py:190} INFO - [2024-12-30T11:23:48.522+0000] {override.py:1911} INFO - Created Permission View: can read on DAG:tutorial_taskflow_api
[2024-12-30T11:23:48.527+0000] {logging_mixin.py:190} INFO - [2024-12-30T11:23:48.527+0000] {override.py:1911} INFO - Created Permission View: menu access on DAG Run:tutorial_taskflow_api
[2024-12-30T11:23:48.529+0000] {logging_mixin.py:190} INFO - [2024-12-30T11:23:48.529+0000] {override.py:1911} INFO - Created Permission View: can delete on DAG Run:tutorial_taskflow_api
[2024-12-30T11:23:48.532+0000] {logging_mixin.py:190} INFO - [2024-12-30T11:23:48.532+0000] {override.py:1911} INFO - Created Permission View: can create on DAG Run:tutorial_taskflow_api
[2024-12-30T11:23:48.535+0000] {logging_mixin.py:190} INFO - [2024-12-30T11:23:48.535+0000] {override.py:1911} INFO - Created Permission View: can read on DAG Run:tutorial_taskflow_api
[2024-12-30T11:23:48.536+0000] {logging_mixin.py:190} INFO - [2024-12-30T11:23:48.536+0000] {dag.py:3239} INFO - Sync 1 DAGs
[2024-12-30T11:23:48.541+0000] {logging_mixin.py:190} INFO - [2024-12-30T11:23:48.541+0000] {dag.py:3262} INFO - Creating ORM DAG for tutorial_taskflow_api
[2024-12-30T11:23:48.542+0000] {logging_mixin.py:190} INFO - [2024-12-30T11:23:48.542+0000] {dag.py:4180} INFO - Setting next_dagrun for tutorial_taskflow_api to None, run_after=None
[2024-12-30T11:23:48.556+0000] {processor.py:208} INFO - Processing /home/airflow/.local/lib/python3.12/site-packages/airflow/example_dags/tutorial_taskflow_api.py took 0.106 seconds
[2024-12-30T11:24:18.817+0000] {processor.py:186} INFO - Started process (PID=160) to work on /home/airflow/.local/lib/python3.12/site-packages/airflow/example_dags/tutorial_taskflow_api.py
[2024-12-30T11:24:18.818+0000] {processor.py:914} INFO - Processing file /home/airflow/.local/lib/python3.12/site-packages/airflow/example_dags/tutorial_taskflow_api.py for tasks to queue
[2024-12-30T11:24:18.821+0000] {logging_mixin.py:190} INFO - [2024-12-30T11:24:18.821+0000] {dagbag.py:588} INFO - Filling up the DagBag from /home/airflow/.local/lib/python3.12/site-packages/airflow/example_dags/tutorial_taskflow_api.py
[2024-12-30T11:24:18.827+0000] {processor.py:925} INFO - DAG(s) 'tutorial_taskflow_api' retrieved from /home/airflow/.local/lib/python3.12/site-packages/airflow/example_dags/tutorial_taskflow_api.py
[2024-12-30T11:24:18.842+0000] {logging_mixin.py:190} INFO - [2024-12-30T11:24:18.842+0000] {dag.py:3239} INFO - Sync 1 DAGs
[2024-12-30T11:24:18.850+0000] {logging_mixin.py:190} INFO - [2024-12-30T11:24:18.850+0000] {dag.py:4180} INFO - Setting next_dagrun for tutorial_taskflow_api to None, run_after=None
[2024-12-30T11:24:18.858+0000] {processor.py:208} INFO - Processing /home/airflow/.local/lib/python3.12/site-packages/airflow/example_dags/tutorial_taskflow_api.py took 0.044 seconds
