[2024-12-30T11:23:44.404+0000] {processor.py:186} INFO - Started process (PID=57) to work on /home/airflow/.local/lib/python3.12/site-packages/airflow/example_dags/tutorial.py
[2024-12-30T11:23:44.405+0000] {processor.py:914} INFO - Processing file /home/airflow/.local/lib/python3.12/site-packages/airflow/example_dags/tutorial.py for tasks to queue
[2024-12-30T11:23:44.413+0000] {logging_mixin.py:190} INFO - [2024-12-30T11:23:44.411+0000] {dagbag.py:588} INFO - Filling up the DagBag from /home/airflow/.local/lib/python3.12/site-packages/airflow/example_dags/tutorial.py
[2024-12-30T11:23:44.442+0000] {processor.py:925} INFO - DAG(s) 'tutorial' retrieved from /home/airflow/.local/lib/python3.12/site-packages/airflow/example_dags/tutorial.py
[2024-12-30T11:23:44.518+0000] {logging_mixin.py:190} INFO - [2024-12-30T11:23:44.517+0000] {override.py:1911} INFO - Created Permission View: can delete on DAG:tutorial
[2024-12-30T11:23:44.524+0000] {logging_mixin.py:190} INFO - [2024-12-30T11:23:44.524+0000] {override.py:1911} INFO - Created Permission View: can edit on DAG:tutorial
[2024-12-30T11:23:44.527+0000] {logging_mixin.py:190} INFO - [2024-12-30T11:23:44.527+0000] {override.py:1911} INFO - Created Permission View: can read on DAG:tutorial
[2024-12-30T11:23:44.532+0000] {logging_mixin.py:190} INFO - [2024-12-30T11:23:44.532+0000] {override.py:1911} INFO - Created Permission View: menu access on DAG Run:tutorial
[2024-12-30T11:23:44.536+0000] {logging_mixin.py:190} INFO - [2024-12-30T11:23:44.536+0000] {override.py:1911} INFO - Created Permission View: can delete on DAG Run:tutorial
[2024-12-30T11:23:44.540+0000] {logging_mixin.py:190} INFO - [2024-12-30T11:23:44.540+0000] {override.py:1911} INFO - Created Permission View: can create on DAG Run:tutorial
[2024-12-30T11:23:44.543+0000] {logging_mixin.py:190} INFO - [2024-12-30T11:23:44.543+0000] {override.py:1911} INFO - Created Permission View: can read on DAG Run:tutorial
[2024-12-30T11:23:44.544+0000] {logging_mixin.py:190} INFO - [2024-12-30T11:23:44.544+0000] {dag.py:3239} INFO - Sync 1 DAGs
[2024-12-30T11:23:44.551+0000] {logging_mixin.py:190} INFO - [2024-12-30T11:23:44.550+0000] {dag.py:3262} INFO - Creating ORM DAG for tutorial
[2024-12-30T11:23:44.557+0000] {logging_mixin.py:190} INFO - [2024-12-30T11:23:44.557+0000] {dag.py:4180} INFO - Setting next_dagrun for tutorial to 2024-12-29 00:00:00+00:00, run_after=2024-12-30 00:00:00+00:00
[2024-12-30T11:23:44.567+0000] {processor.py:208} INFO - Processing /home/airflow/.local/lib/python3.12/site-packages/airflow/example_dags/tutorial.py took 0.171 seconds
[2024-12-30T11:24:16.408+0000] {processor.py:186} INFO - Started process (PID=121) to work on /home/airflow/.local/lib/python3.12/site-packages/airflow/example_dags/tutorial.py
[2024-12-30T11:24:16.411+0000] {processor.py:914} INFO - Processing file /home/airflow/.local/lib/python3.12/site-packages/airflow/example_dags/tutorial.py for tasks to queue
[2024-12-30T11:24:16.414+0000] {logging_mixin.py:190} INFO - [2024-12-30T11:24:16.413+0000] {dagbag.py:588} INFO - Filling up the DagBag from /home/airflow/.local/lib/python3.12/site-packages/airflow/example_dags/tutorial.py
[2024-12-30T11:24:16.429+0000] {processor.py:925} INFO - DAG(s) 'tutorial' retrieved from /home/airflow/.local/lib/python3.12/site-packages/airflow/example_dags/tutorial.py
[2024-12-30T11:24:16.446+0000] {logging_mixin.py:190} INFO - [2024-12-30T11:24:16.446+0000] {dag.py:3239} INFO - Sync 1 DAGs
[2024-12-30T11:24:16.468+0000] {logging_mixin.py:190} INFO - [2024-12-30T11:24:16.468+0000] {dag.py:4180} INFO - Setting next_dagrun for tutorial to 2024-12-29 00:00:00+00:00, run_after=2024-12-30 00:00:00+00:00
[2024-12-30T11:24:16.483+0000] {processor.py:208} INFO - Processing /home/airflow/.local/lib/python3.12/site-packages/airflow/example_dags/tutorial.py took 0.086 seconds
