[2024-12-30T11:23:46.350+0000] {processor.py:186} INFO - Started process (PID=77) to work on /home/airflow/.local/lib/python3.12/site-packages/airflow/example_dags/tutorial_objectstorage.py
[2024-12-30T11:23:46.351+0000] {processor.py:914} INFO - Processing file /home/airflow/.local/lib/python3.12/site-packages/airflow/example_dags/tutorial_objectstorage.py for tasks to queue
[2024-12-30T11:23:46.353+0000] {logging_mixin.py:190} INFO - [2024-12-30T11:23:46.353+0000] {dagbag.py:588} INFO - Filling up the DagBag from /home/airflow/.local/lib/python3.12/site-packages/airflow/example_dags/tutorial_objectstorage.py
[2024-12-30T11:23:46.362+0000] {processor.py:925} INFO - DAG(s) 'tutorial_objectstorage' retrieved from /home/airflow/.local/lib/python3.12/site-packages/airflow/example_dags/tutorial_objectstorage.py
[2024-12-30T11:23:46.447+0000] {logging_mixin.py:190} INFO - [2024-12-30T11:23:46.447+0000] {override.py:1911} INFO - Created Permission View: can delete on DAG:tutorial_objectstorage
[2024-12-30T11:23:46.453+0000] {logging_mixin.py:190} INFO - [2024-12-30T11:23:46.453+0000] {override.py:1911} INFO - Created Permission View: can edit on DAG:tutorial_objectstorage
[2024-12-30T11:23:46.456+0000] {logging_mixin.py:190} INFO - [2024-12-30T11:23:46.456+0000] {override.py:1911} INFO - Created Permission View: can read on DAG:tutorial_objectstorage
[2024-12-30T11:23:46.459+0000] {logging_mixin.py:190} INFO - [2024-12-30T11:23:46.459+0000] {override.py:1911} INFO - Created Permission View: menu access on DAG Run:tutorial_objectstorage
[2024-12-30T11:23:46.462+0000] {logging_mixin.py:190} INFO - [2024-12-30T11:23:46.462+0000] {override.py:1911} INFO - Created Permission View: can delete on DAG Run:tutorial_objectstorage
[2024-12-30T11:23:46.465+0000] {logging_mixin.py:190} INFO - [2024-12-30T11:23:46.465+0000] {override.py:1911} INFO - Created Permission View: can create on DAG Run:tutorial_objectstorage
[2024-12-30T11:23:46.469+0000] {logging_mixin.py:190} INFO - [2024-12-30T11:23:46.469+0000] {override.py:1911} INFO - Created Permission View: can read on DAG Run:tutorial_objectstorage
[2024-12-30T11:23:46.469+0000] {logging_mixin.py:190} INFO - [2024-12-30T11:23:46.469+0000] {dag.py:3239} INFO - Sync 1 DAGs
[2024-12-30T11:23:46.475+0000] {logging_mixin.py:190} INFO - [2024-12-30T11:23:46.475+0000] {dag.py:3262} INFO - Creating ORM DAG for tutorial_objectstorage
[2024-12-30T11:23:46.476+0000] {logging_mixin.py:190} INFO - [2024-12-30T11:23:46.476+0000] {dag.py:4180} INFO - Setting next_dagrun for tutorial_objectstorage to None, run_after=None
[2024-12-30T11:23:46.487+0000] {processor.py:208} INFO - Processing /home/airflow/.local/lib/python3.12/site-packages/airflow/example_dags/tutorial_objectstorage.py took 0.140 seconds
[2024-12-30T11:24:17.826+0000] {processor.py:186} INFO - Started process (PID=141) to work on /home/airflow/.local/lib/python3.12/site-packages/airflow/example_dags/tutorial_objectstorage.py
[2024-12-30T11:24:17.829+0000] {processor.py:914} INFO - Processing file /home/airflow/.local/lib/python3.12/site-packages/airflow/example_dags/tutorial_objectstorage.py for tasks to queue
[2024-12-30T11:24:17.831+0000] {logging_mixin.py:190} INFO - [2024-12-30T11:24:17.831+0000] {dagbag.py:588} INFO - Filling up the DagBag from /home/airflow/.local/lib/python3.12/site-packages/airflow/example_dags/tutorial_objectstorage.py
[2024-12-30T11:24:17.841+0000] {processor.py:925} INFO - DAG(s) 'tutorial_objectstorage' retrieved from /home/airflow/.local/lib/python3.12/site-packages/airflow/example_dags/tutorial_objectstorage.py
[2024-12-30T11:24:17.859+0000] {logging_mixin.py:190} INFO - [2024-12-30T11:24:17.859+0000] {dag.py:3239} INFO - Sync 1 DAGs
[2024-12-30T11:24:17.868+0000] {logging_mixin.py:190} INFO - [2024-12-30T11:24:17.868+0000] {dag.py:4180} INFO - Setting next_dagrun for tutorial_objectstorage to None, run_after=None
[2024-12-30T11:24:17.881+0000] {processor.py:208} INFO - Processing /home/airflow/.local/lib/python3.12/site-packages/airflow/example_dags/tutorial_objectstorage.py took 0.059 seconds
