[2024-12-30T11:23:45.484+0000] {processor.py:186} INFO - Started process (PID=69) to work on /home/airflow/.local/lib/python3.12/site-packages/airflow/example_dags/tutorial_taskflow_api_virtualenv.py
[2024-12-30T11:23:45.485+0000] {processor.py:914} INFO - Processing file /home/airflow/.local/lib/python3.12/site-packages/airflow/example_dags/tutorial_taskflow_api_virtualenv.py for tasks to queue
[2024-12-30T11:23:45.487+0000] {logging_mixin.py:190} INFO - [2024-12-30T11:23:45.487+0000] {dagbag.py:588} INFO - Filling up the DagBag from /home/airflow/.local/lib/python3.12/site-packages/airflow/example_dags/tutorial_taskflow_api_virtualenv.py
[2024-12-30T11:23:45.498+0000] {processor.py:925} INFO - DAG(s) 'tutorial_taskflow_api_virtualenv' retrieved from /home/airflow/.local/lib/python3.12/site-packages/airflow/example_dags/tutorial_taskflow_api_virtualenv.py
[2024-12-30T11:23:45.578+0000] {logging_mixin.py:190} INFO - [2024-12-30T11:23:45.577+0000] {override.py:1911} INFO - Created Permission View: can delete on DAG:tutorial_taskflow_api_virtualenv
[2024-12-30T11:23:45.582+0000] {logging_mixin.py:190} INFO - [2024-12-30T11:23:45.582+0000] {override.py:1911} INFO - Created Permission View: can edit on DAG:tutorial_taskflow_api_virtualenv
[2024-12-30T11:23:45.585+0000] {logging_mixin.py:190} INFO - [2024-12-30T11:23:45.585+0000] {override.py:1911} INFO - Created Permission View: can read on DAG:tutorial_taskflow_api_virtualenv
[2024-12-30T11:23:45.588+0000] {logging_mixin.py:190} INFO - [2024-12-30T11:23:45.588+0000] {override.py:1911} INFO - Created Permission View: menu access on DAG Run:tutorial_taskflow_api_virtualenv
[2024-12-30T11:23:45.590+0000] {logging_mixin.py:190} INFO - [2024-12-30T11:23:45.590+0000] {override.py:1911} INFO - Created Permission View: can delete on DAG Run:tutorial_taskflow_api_virtualenv
[2024-12-30T11:23:45.593+0000] {logging_mixin.py:190} INFO - [2024-12-30T11:23:45.593+0000] {override.py:1911} INFO - Created Permission View: can create on DAG Run:tutorial_taskflow_api_virtualenv
[2024-12-30T11:23:45.596+0000] {logging_mixin.py:190} INFO - [2024-12-30T11:23:45.595+0000] {override.py:1911} INFO - Created Permission View: can read on DAG Run:tutorial_taskflow_api_virtualenv
[2024-12-30T11:23:45.596+0000] {logging_mixin.py:190} INFO - [2024-12-30T11:23:45.596+0000] {dag.py:3239} INFO - Sync 1 DAGs
[2024-12-30T11:23:45.602+0000] {logging_mixin.py:190} INFO - [2024-12-30T11:23:45.602+0000] {dag.py:3262} INFO - Creating ORM DAG for tutorial_taskflow_api_virtualenv
[2024-12-30T11:23:45.602+0000] {logging_mixin.py:190} INFO - [2024-12-30T11:23:45.602+0000] {dag.py:4180} INFO - Setting next_dagrun for tutorial_taskflow_api_virtualenv to None, run_after=None
[2024-12-30T11:23:45.616+0000] {processor.py:208} INFO - Processing /home/airflow/.local/lib/python3.12/site-packages/airflow/example_dags/tutorial_taskflow_api_virtualenv.py took 0.136 seconds
[2024-12-30T11:24:17.204+0000] {processor.py:186} INFO - Started process (PID=133) to work on /home/airflow/.local/lib/python3.12/site-packages/airflow/example_dags/tutorial_taskflow_api_virtualenv.py
[2024-12-30T11:24:17.206+0000] {processor.py:914} INFO - Processing file /home/airflow/.local/lib/python3.12/site-packages/airflow/example_dags/tutorial_taskflow_api_virtualenv.py for tasks to queue
[2024-12-30T11:24:17.210+0000] {logging_mixin.py:190} INFO - [2024-12-30T11:24:17.209+0000] {dagbag.py:588} INFO - Filling up the DagBag from /home/airflow/.local/lib/python3.12/site-packages/airflow/example_dags/tutorial_taskflow_api_virtualenv.py
[2024-12-30T11:24:17.242+0000] {processor.py:925} INFO - DAG(s) 'tutorial_taskflow_api_virtualenv' retrieved from /home/airflow/.local/lib/python3.12/site-packages/airflow/example_dags/tutorial_taskflow_api_virtualenv.py
[2024-12-30T11:24:17.265+0000] {logging_mixin.py:190} INFO - [2024-12-30T11:24:17.265+0000] {dag.py:3239} INFO - Sync 1 DAGs
[2024-12-30T11:24:17.274+0000] {logging_mixin.py:190} INFO - [2024-12-30T11:24:17.274+0000] {dag.py:4180} INFO - Setting next_dagrun for tutorial_taskflow_api_virtualenv to None, run_after=None
[2024-12-30T11:24:17.293+0000] {processor.py:208} INFO - Processing /home/airflow/.local/lib/python3.12/site-packages/airflow/example_dags/tutorial_taskflow_api_virtualenv.py took 0.093 seconds
