[2024-12-30T11:23:42.507+0000] {processor.py:186} INFO - Started process (PID=51) to work on /opt/airflow/dags/dag.py
[2024-12-30T11:23:42.511+0000] {processor.py:914} INFO - Processing file /opt/airflow/dags/dag.py for tasks to queue
[2024-12-30T11:23:42.518+0000] {logging_mixin.py:190} INFO - [2024-12-30T11:23:42.517+0000] {dagbag.py:588} INFO - Filling up the DagBag from /opt/airflow/dags/dag.py
[2024-12-30T11:23:42.568+0000] {processor.py:925} INFO - DAG(s) 'postgres_operator_dag' retrieved from /opt/airflow/dags/dag.py
[2024-12-30T11:23:42.796+0000] {logging_mixin.py:190} INFO - [2024-12-30T11:23:42.795+0000] {override.py:1911} INFO - Created Permission View: can delete on DAG:postgres_operator_dag
[2024-12-30T11:23:42.806+0000] {logging_mixin.py:190} INFO - [2024-12-30T11:23:42.805+0000] {override.py:1911} INFO - Created Permission View: can edit on DAG:postgres_operator_dag
[2024-12-30T11:23:42.813+0000] {logging_mixin.py:190} INFO - [2024-12-30T11:23:42.813+0000] {override.py:1911} INFO - Created Permission View: can read on DAG:postgres_operator_dag
[2024-12-30T11:23:42.819+0000] {logging_mixin.py:190} INFO - [2024-12-30T11:23:42.818+0000] {override.py:1911} INFO - Created Permission View: menu access on DAG Run:postgres_operator_dag
[2024-12-30T11:23:42.823+0000] {logging_mixin.py:190} INFO - [2024-12-30T11:23:42.823+0000] {override.py:1911} INFO - Created Permission View: can delete on DAG Run:postgres_operator_dag
[2024-12-30T11:23:42.827+0000] {logging_mixin.py:190} INFO - [2024-12-30T11:23:42.827+0000] {override.py:1911} INFO - Created Permission View: can create on DAG Run:postgres_operator_dag
[2024-12-30T11:23:42.831+0000] {logging_mixin.py:190} INFO - [2024-12-30T11:23:42.831+0000] {override.py:1911} INFO - Created Permission View: can read on DAG Run:postgres_operator_dag
[2024-12-30T11:23:42.832+0000] {logging_mixin.py:190} INFO - [2024-12-30T11:23:42.831+0000] {dag.py:3239} INFO - Sync 1 DAGs
[2024-12-30T11:23:42.844+0000] {logging_mixin.py:190} INFO - [2024-12-30T11:23:42.844+0000] {dag.py:3262} INFO - Creating ORM DAG for postgres_operator_dag
[2024-12-30T11:23:42.852+0000] {logging_mixin.py:190} INFO - [2024-12-30T11:23:42.851+0000] {dag.py:4180} INFO - Setting next_dagrun for postgres_operator_dag to 2023-01-01 00:00:00+00:00, run_after=2023-01-01 00:00:00+00:00
[2024-12-30T11:23:42.869+0000] {processor.py:208} INFO - Processing /opt/airflow/dags/dag.py took 0.371 seconds
[2024-12-30T11:24:13.422+0000] {processor.py:186} INFO - Started process (PID=115) to work on /opt/airflow/dags/dag.py
[2024-12-30T11:24:13.424+0000] {processor.py:914} INFO - Processing file /opt/airflow/dags/dag.py for tasks to queue
[2024-12-30T11:24:13.440+0000] {logging_mixin.py:190} INFO - [2024-12-30T11:24:13.440+0000] {dagbag.py:588} INFO - Filling up the DagBag from /opt/airflow/dags/dag.py
[2024-12-30T11:24:13.474+0000] {processor.py:925} INFO - DAG(s) 'postgres_operator_dag' retrieved from /opt/airflow/dags/dag.py
[2024-12-30T11:24:13.521+0000] {logging_mixin.py:190} INFO - [2024-12-30T11:24:13.520+0000] {dag.py:3239} INFO - Sync 1 DAGs
[2024-12-30T11:24:13.684+0000] {logging_mixin.py:190} INFO - [2024-12-30T11:24:13.682+0000] {dag.py:4180} INFO - Setting next_dagrun for postgres_operator_dag to 2023-01-01 00:00:00+00:00, run_after=2023-01-01 00:00:00+00:00
[2024-12-30T11:24:13.787+0000] {processor.py:208} INFO - Processing /opt/airflow/dags/dag.py took 0.381 seconds
[2024-12-30T11:25:28.199+0000] {processor.py:186} INFO - Started process (PID=46) to work on /opt/airflow/dags/dag.py
[2024-12-30T11:25:28.200+0000] {processor.py:914} INFO - Processing file /opt/airflow/dags/dag.py for tasks to queue
[2024-12-30T11:25:28.202+0000] {logging_mixin.py:190} INFO - [2024-12-30T11:25:28.202+0000] {dagbag.py:588} INFO - Filling up the DagBag from /opt/airflow/dags/dag.py
[2024-12-30T11:25:28.218+0000] {processor.py:925} INFO - DAG(s) 'postgres_operator_dag' retrieved from /opt/airflow/dags/dag.py
[2024-12-30T11:25:28.261+0000] {logging_mixin.py:190} INFO - [2024-12-30T11:25:28.261+0000] {dag.py:3239} INFO - Sync 1 DAGs
[2024-12-30T11:25:28.277+0000] {logging_mixin.py:190} INFO - [2024-12-30T11:25:28.277+0000] {dag.py:4180} INFO - Setting next_dagrun for postgres_operator_dag to 2023-01-01 00:00:00+00:00, run_after=2023-01-01 00:00:00+00:00
[2024-12-30T11:25:28.293+0000] {processor.py:208} INFO - Processing /opt/airflow/dags/dag.py took 0.098 seconds
[2024-12-30T11:25:58.556+0000] {processor.py:186} INFO - Started process (PID=53) to work on /opt/airflow/dags/dag.py
[2024-12-30T11:25:58.558+0000] {processor.py:914} INFO - Processing file /opt/airflow/dags/dag.py for tasks to queue
[2024-12-30T11:25:58.564+0000] {logging_mixin.py:190} INFO - [2024-12-30T11:25:58.563+0000] {dagbag.py:588} INFO - Filling up the DagBag from /opt/airflow/dags/dag.py
[2024-12-30T11:25:58.598+0000] {processor.py:925} INFO - DAG(s) 'postgres_operator_dag' retrieved from /opt/airflow/dags/dag.py
[2024-12-30T11:25:58.620+0000] {logging_mixin.py:190} INFO - [2024-12-30T11:25:58.620+0000] {dag.py:3239} INFO - Sync 1 DAGs
[2024-12-30T11:25:58.639+0000] {logging_mixin.py:190} INFO - [2024-12-30T11:25:58.639+0000] {dag.py:4180} INFO - Setting next_dagrun for postgres_operator_dag to 2023-01-01 00:00:00+00:00, run_after=2023-01-01 00:00:00+00:00
[2024-12-30T11:25:58.652+0000] {processor.py:208} INFO - Processing /opt/airflow/dags/dag.py took 0.108 seconds
[2024-12-30T11:26:28.904+0000] {processor.py:186} INFO - Started process (PID=60) to work on /opt/airflow/dags/dag.py
[2024-12-30T11:26:28.905+0000] {processor.py:914} INFO - Processing file /opt/airflow/dags/dag.py for tasks to queue
[2024-12-30T11:26:28.908+0000] {logging_mixin.py:190} INFO - [2024-12-30T11:26:28.908+0000] {dagbag.py:588} INFO - Filling up the DagBag from /opt/airflow/dags/dag.py
[2024-12-30T11:26:28.922+0000] {processor.py:925} INFO - DAG(s) 'postgres_operator_dag' retrieved from /opt/airflow/dags/dag.py
[2024-12-30T11:26:28.941+0000] {logging_mixin.py:190} INFO - [2024-12-30T11:26:28.941+0000] {dag.py:3239} INFO - Sync 1 DAGs
[2024-12-30T11:26:28.964+0000] {logging_mixin.py:190} INFO - [2024-12-30T11:26:28.964+0000] {dag.py:4180} INFO - Setting next_dagrun for postgres_operator_dag to 2023-01-01 00:00:00+00:00, run_after=2023-01-01 00:00:00+00:00
[2024-12-30T11:26:28.971+0000] {processor.py:208} INFO - Processing /opt/airflow/dags/dag.py took 0.074 seconds
[2024-12-30T11:26:59.221+0000] {processor.py:186} INFO - Started process (PID=67) to work on /opt/airflow/dags/dag.py
[2024-12-30T11:26:59.222+0000] {processor.py:914} INFO - Processing file /opt/airflow/dags/dag.py for tasks to queue
[2024-12-30T11:26:59.227+0000] {logging_mixin.py:190} INFO - [2024-12-30T11:26:59.226+0000] {dagbag.py:588} INFO - Filling up the DagBag from /opt/airflow/dags/dag.py
[2024-12-30T11:26:59.245+0000] {processor.py:925} INFO - DAG(s) 'postgres_operator_dag' retrieved from /opt/airflow/dags/dag.py
[2024-12-30T11:26:59.270+0000] {logging_mixin.py:190} INFO - [2024-12-30T11:26:59.270+0000] {dag.py:3239} INFO - Sync 1 DAGs
[2024-12-30T11:26:59.286+0000] {logging_mixin.py:190} INFO - [2024-12-30T11:26:59.286+0000] {dag.py:4180} INFO - Setting next_dagrun for postgres_operator_dag to 2023-01-01 00:00:00+00:00, run_after=2023-01-01 00:00:00+00:00
[2024-12-30T11:26:59.294+0000] {processor.py:208} INFO - Processing /opt/airflow/dags/dag.py took 0.084 seconds
[2024-12-30T11:27:29.550+0000] {processor.py:186} INFO - Started process (PID=74) to work on /opt/airflow/dags/dag.py
[2024-12-30T11:27:29.551+0000] {processor.py:914} INFO - Processing file /opt/airflow/dags/dag.py for tasks to queue
[2024-12-30T11:27:29.556+0000] {logging_mixin.py:190} INFO - [2024-12-30T11:27:29.555+0000] {dagbag.py:588} INFO - Filling up the DagBag from /opt/airflow/dags/dag.py
[2024-12-30T11:27:29.576+0000] {processor.py:925} INFO - DAG(s) 'postgres_operator_dag' retrieved from /opt/airflow/dags/dag.py
[2024-12-30T11:27:29.598+0000] {logging_mixin.py:190} INFO - [2024-12-30T11:27:29.598+0000] {dag.py:3239} INFO - Sync 1 DAGs
[2024-12-30T11:27:29.610+0000] {logging_mixin.py:190} INFO - [2024-12-30T11:27:29.610+0000] {dag.py:4180} INFO - Setting next_dagrun for postgres_operator_dag to 2023-01-01 00:00:00+00:00, run_after=2023-01-01 00:00:00+00:00
[2024-12-30T11:27:29.617+0000] {processor.py:208} INFO - Processing /opt/airflow/dags/dag.py took 0.080 seconds
[2024-12-30T11:27:59.962+0000] {processor.py:186} INFO - Started process (PID=81) to work on /opt/airflow/dags/dag.py
[2024-12-30T11:27:59.963+0000] {processor.py:914} INFO - Processing file /opt/airflow/dags/dag.py for tasks to queue
[2024-12-30T11:27:59.967+0000] {logging_mixin.py:190} INFO - [2024-12-30T11:27:59.967+0000] {dagbag.py:588} INFO - Filling up the DagBag from /opt/airflow/dags/dag.py
[2024-12-30T11:27:59.989+0000] {processor.py:925} INFO - DAG(s) 'postgres_operator_dag' retrieved from /opt/airflow/dags/dag.py
[2024-12-30T11:28:00.016+0000] {logging_mixin.py:190} INFO - [2024-12-30T11:28:00.016+0000] {dag.py:3239} INFO - Sync 1 DAGs
[2024-12-30T11:28:00.031+0000] {logging_mixin.py:190} INFO - [2024-12-30T11:28:00.031+0000] {dag.py:4180} INFO - Setting next_dagrun for postgres_operator_dag to 2023-01-01 00:00:00+00:00, run_after=2023-01-01 00:00:00+00:00
[2024-12-30T11:28:00.040+0000] {processor.py:208} INFO - Processing /opt/airflow/dags/dag.py took 0.088 seconds
[2024-12-30T11:28:30.297+0000] {processor.py:186} INFO - Started process (PID=88) to work on /opt/airflow/dags/dag.py
[2024-12-30T11:28:30.298+0000] {processor.py:914} INFO - Processing file /opt/airflow/dags/dag.py for tasks to queue
[2024-12-30T11:28:30.302+0000] {logging_mixin.py:190} INFO - [2024-12-30T11:28:30.302+0000] {dagbag.py:588} INFO - Filling up the DagBag from /opt/airflow/dags/dag.py
[2024-12-30T11:28:30.318+0000] {processor.py:925} INFO - DAG(s) 'postgres_operator_dag' retrieved from /opt/airflow/dags/dag.py
[2024-12-30T11:28:30.341+0000] {logging_mixin.py:190} INFO - [2024-12-30T11:28:30.341+0000] {dag.py:3239} INFO - Sync 1 DAGs
[2024-12-30T11:28:30.370+0000] {logging_mixin.py:190} INFO - [2024-12-30T11:28:30.370+0000] {dag.py:4180} INFO - Setting next_dagrun for postgres_operator_dag to 2023-01-01 00:00:00+00:00, run_after=2023-01-01 00:00:00+00:00
[2024-12-30T11:28:30.377+0000] {processor.py:208} INFO - Processing /opt/airflow/dags/dag.py took 0.090 seconds
[2024-12-30T11:53:40.389+0000] {processor.py:186} INFO - Started process (PID=45) to work on /opt/airflow/dags/dag.py
[2024-12-30T11:53:40.394+0000] {processor.py:914} INFO - Processing file /opt/airflow/dags/dag.py for tasks to queue
[2024-12-30T11:53:40.407+0000] {logging_mixin.py:190} INFO - [2024-12-30T11:53:40.404+0000] {dagbag.py:588} INFO - Filling up the DagBag from /opt/airflow/dags/dag.py
[2024-12-30T11:53:40.472+0000] {processor.py:925} INFO - DAG(s) 'postgres_operator_dag' retrieved from /opt/airflow/dags/dag.py
[2024-12-30T11:53:40.841+0000] {logging_mixin.py:190} INFO - [2024-12-30T11:53:40.839+0000] {dag.py:3239} INFO - Sync 1 DAGs
[2024-12-30T11:53:40.896+0000] {logging_mixin.py:190} INFO - [2024-12-30T11:53:40.895+0000] {dag.py:4180} INFO - Setting next_dagrun for postgres_operator_dag to 2023-01-01 00:00:00+00:00, run_after=2023-01-01 00:00:00+00:00
[2024-12-30T11:53:40.971+0000] {processor.py:208} INFO - Processing /opt/airflow/dags/dag.py took 0.595 seconds
[2024-12-30T11:54:11.379+0000] {processor.py:186} INFO - Started process (PID=52) to work on /opt/airflow/dags/dag.py
[2024-12-30T11:54:11.380+0000] {processor.py:914} INFO - Processing file /opt/airflow/dags/dag.py for tasks to queue
[2024-12-30T11:54:11.385+0000] {logging_mixin.py:190} INFO - [2024-12-30T11:54:11.383+0000] {dagbag.py:588} INFO - Filling up the DagBag from /opt/airflow/dags/dag.py
[2024-12-30T11:54:11.412+0000] {processor.py:925} INFO - DAG(s) 'postgres_operator_dag' retrieved from /opt/airflow/dags/dag.py
[2024-12-30T11:54:11.442+0000] {logging_mixin.py:190} INFO - [2024-12-30T11:54:11.442+0000] {dag.py:3239} INFO - Sync 1 DAGs
[2024-12-30T11:54:11.461+0000] {logging_mixin.py:190} INFO - [2024-12-30T11:54:11.460+0000] {dag.py:4180} INFO - Setting next_dagrun for postgres_operator_dag to 2023-01-01 00:00:00+00:00, run_after=2023-01-01 00:00:00+00:00
[2024-12-30T11:54:11.477+0000] {processor.py:208} INFO - Processing /opt/airflow/dags/dag.py took 0.106 seconds
[2024-12-30T11:54:41.680+0000] {processor.py:186} INFO - Started process (PID=59) to work on /opt/airflow/dags/dag.py
[2024-12-30T11:54:41.682+0000] {processor.py:914} INFO - Processing file /opt/airflow/dags/dag.py for tasks to queue
[2024-12-30T11:54:41.684+0000] {logging_mixin.py:190} INFO - [2024-12-30T11:54:41.684+0000] {dagbag.py:588} INFO - Filling up the DagBag from /opt/airflow/dags/dag.py
[2024-12-30T11:54:41.700+0000] {processor.py:925} INFO - DAG(s) 'postgres_operator_dag' retrieved from /opt/airflow/dags/dag.py
[2024-12-30T11:54:41.720+0000] {logging_mixin.py:190} INFO - [2024-12-30T11:54:41.720+0000] {dag.py:3239} INFO - Sync 1 DAGs
[2024-12-30T11:54:41.730+0000] {logging_mixin.py:190} INFO - [2024-12-30T11:54:41.730+0000] {dag.py:4180} INFO - Setting next_dagrun for postgres_operator_dag to 2023-01-01 00:00:00+00:00, run_after=2023-01-01 00:00:00+00:00
[2024-12-30T11:54:41.737+0000] {processor.py:208} INFO - Processing /opt/airflow/dags/dag.py took 0.064 seconds
[2024-12-30T11:55:12.074+0000] {processor.py:186} INFO - Started process (PID=66) to work on /opt/airflow/dags/dag.py
[2024-12-30T11:55:12.076+0000] {processor.py:914} INFO - Processing file /opt/airflow/dags/dag.py for tasks to queue
[2024-12-30T11:55:12.079+0000] {logging_mixin.py:190} INFO - [2024-12-30T11:55:12.079+0000] {dagbag.py:588} INFO - Filling up the DagBag from /opt/airflow/dags/dag.py
[2024-12-30T11:55:12.101+0000] {processor.py:925} INFO - DAG(s) 'postgres_operator_dag' retrieved from /opt/airflow/dags/dag.py
[2024-12-30T11:55:12.135+0000] {logging_mixin.py:190} INFO - [2024-12-30T11:55:12.135+0000] {dag.py:3239} INFO - Sync 1 DAGs
[2024-12-30T11:55:12.165+0000] {logging_mixin.py:190} INFO - [2024-12-30T11:55:12.165+0000] {dag.py:4180} INFO - Setting next_dagrun for postgres_operator_dag to 2023-01-01 00:00:00+00:00, run_after=2023-01-01 00:00:00+00:00
[2024-12-30T11:55:12.175+0000] {processor.py:208} INFO - Processing /opt/airflow/dags/dag.py took 0.106 seconds
[2024-12-30T11:55:42.368+0000] {processor.py:186} INFO - Started process (PID=73) to work on /opt/airflow/dags/dag.py
[2024-12-30T11:55:42.370+0000] {processor.py:914} INFO - Processing file /opt/airflow/dags/dag.py for tasks to queue
[2024-12-30T11:55:42.373+0000] {logging_mixin.py:190} INFO - [2024-12-30T11:55:42.373+0000] {dagbag.py:588} INFO - Filling up the DagBag from /opt/airflow/dags/dag.py
[2024-12-30T11:55:42.387+0000] {processor.py:925} INFO - DAG(s) 'postgres_operator_dag' retrieved from /opt/airflow/dags/dag.py
[2024-12-30T11:55:42.411+0000] {logging_mixin.py:190} INFO - [2024-12-30T11:55:42.411+0000] {dag.py:3239} INFO - Sync 1 DAGs
[2024-12-30T11:55:42.427+0000] {logging_mixin.py:190} INFO - [2024-12-30T11:55:42.427+0000] {dag.py:4180} INFO - Setting next_dagrun for postgres_operator_dag to 2023-01-01 00:00:00+00:00, run_after=2023-01-01 00:00:00+00:00
[2024-12-30T11:55:42.435+0000] {processor.py:208} INFO - Processing /opt/airflow/dags/dag.py took 0.074 seconds
[2024-12-30T11:55:55.571+0000] {processor.py:186} INFO - Started process (PID=80) to work on /opt/airflow/dags/dag.py
[2024-12-30T11:55:55.574+0000] {processor.py:914} INFO - Processing file /opt/airflow/dags/dag.py for tasks to queue
[2024-12-30T11:55:55.578+0000] {logging_mixin.py:190} INFO - [2024-12-30T11:55:55.578+0000] {dagbag.py:588} INFO - Filling up the DagBag from /opt/airflow/dags/dag.py
[2024-12-30T11:55:55.599+0000] {processor.py:925} INFO - DAG(s) 'postgres_operator_dag' retrieved from /opt/airflow/dags/dag.py
[2024-12-30T11:55:55.625+0000] {logging_mixin.py:190} INFO - [2024-12-30T11:55:55.625+0000] {dag.py:3239} INFO - Sync 1 DAGs
[2024-12-30T11:55:55.646+0000] {logging_mixin.py:190} INFO - [2024-12-30T11:55:55.646+0000] {dag.py:4180} INFO - Setting next_dagrun for postgres_operator_dag to 2023-01-01 00:00:00+00:00, run_after=2023-01-01 00:00:00+00:00
[2024-12-30T11:55:55.657+0000] {processor.py:208} INFO - Processing /opt/airflow/dags/dag.py took 0.098 seconds
[2024-12-30T11:56:25.912+0000] {processor.py:186} INFO - Started process (PID=87) to work on /opt/airflow/dags/dag.py
[2024-12-30T11:56:25.913+0000] {processor.py:914} INFO - Processing file /opt/airflow/dags/dag.py for tasks to queue
[2024-12-30T11:56:25.917+0000] {logging_mixin.py:190} INFO - [2024-12-30T11:56:25.917+0000] {dagbag.py:588} INFO - Filling up the DagBag from /opt/airflow/dags/dag.py
[2024-12-30T11:56:25.929+0000] {processor.py:925} INFO - DAG(s) 'postgres_operator_dag' retrieved from /opt/airflow/dags/dag.py
[2024-12-30T11:56:25.955+0000] {logging_mixin.py:190} INFO - [2024-12-30T11:56:25.955+0000] {dag.py:3239} INFO - Sync 1 DAGs
[2024-12-30T11:56:25.968+0000] {logging_mixin.py:190} INFO - [2024-12-30T11:56:25.968+0000] {dag.py:4180} INFO - Setting next_dagrun for postgres_operator_dag to 2023-01-01 00:00:00+00:00, run_after=2023-01-01 00:00:00+00:00
[2024-12-30T11:56:25.975+0000] {processor.py:208} INFO - Processing /opt/airflow/dags/dag.py took 0.070 seconds
[2024-12-30T11:56:56.325+0000] {processor.py:186} INFO - Started process (PID=94) to work on /opt/airflow/dags/dag.py
[2024-12-30T11:56:56.327+0000] {processor.py:914} INFO - Processing file /opt/airflow/dags/dag.py for tasks to queue
[2024-12-30T11:56:56.330+0000] {logging_mixin.py:190} INFO - [2024-12-30T11:56:56.330+0000] {dagbag.py:588} INFO - Filling up the DagBag from /opt/airflow/dags/dag.py
[2024-12-30T11:56:56.345+0000] {processor.py:925} INFO - DAG(s) 'postgres_operator_dag' retrieved from /opt/airflow/dags/dag.py
[2024-12-30T11:56:56.364+0000] {logging_mixin.py:190} INFO - [2024-12-30T11:56:56.364+0000] {dag.py:3239} INFO - Sync 1 DAGs
[2024-12-30T11:56:56.377+0000] {logging_mixin.py:190} INFO - [2024-12-30T11:56:56.377+0000] {dag.py:4180} INFO - Setting next_dagrun for postgres_operator_dag to 2023-01-01 00:00:00+00:00, run_after=2023-01-01 00:00:00+00:00
[2024-12-30T11:56:56.384+0000] {processor.py:208} INFO - Processing /opt/airflow/dags/dag.py took 0.065 seconds
[2024-12-30T11:57:26.662+0000] {processor.py:186} INFO - Started process (PID=101) to work on /opt/airflow/dags/dag.py
[2024-12-30T11:57:26.663+0000] {processor.py:914} INFO - Processing file /opt/airflow/dags/dag.py for tasks to queue
[2024-12-30T11:57:26.666+0000] {logging_mixin.py:190} INFO - [2024-12-30T11:57:26.666+0000] {dagbag.py:588} INFO - Filling up the DagBag from /opt/airflow/dags/dag.py
[2024-12-30T11:57:26.682+0000] {processor.py:925} INFO - DAG(s) 'postgres_operator_dag' retrieved from /opt/airflow/dags/dag.py
[2024-12-30T11:57:26.708+0000] {logging_mixin.py:190} INFO - [2024-12-30T11:57:26.708+0000] {dag.py:3239} INFO - Sync 1 DAGs
[2024-12-30T11:57:26.723+0000] {logging_mixin.py:190} INFO - [2024-12-30T11:57:26.723+0000] {dag.py:4180} INFO - Setting next_dagrun for postgres_operator_dag to 2023-01-01 00:00:00+00:00, run_after=2023-01-01 00:00:00+00:00
[2024-12-30T11:57:26.733+0000] {processor.py:208} INFO - Processing /opt/airflow/dags/dag.py took 0.084 seconds
[2024-12-30T11:57:56.935+0000] {processor.py:186} INFO - Started process (PID=108) to work on /opt/airflow/dags/dag.py
[2024-12-30T11:57:56.937+0000] {processor.py:914} INFO - Processing file /opt/airflow/dags/dag.py for tasks to queue
[2024-12-30T11:57:56.940+0000] {logging_mixin.py:190} INFO - [2024-12-30T11:57:56.940+0000] {dagbag.py:588} INFO - Filling up the DagBag from /opt/airflow/dags/dag.py
[2024-12-30T11:57:56.958+0000] {processor.py:925} INFO - DAG(s) 'postgres_operator_dag' retrieved from /opt/airflow/dags/dag.py
[2024-12-30T11:57:56.982+0000] {logging_mixin.py:190} INFO - [2024-12-30T11:57:56.982+0000] {dag.py:3239} INFO - Sync 1 DAGs
[2024-12-30T11:57:57.221+0000] {logging_mixin.py:190} INFO - [2024-12-30T11:57:57.221+0000] {dag.py:4180} INFO - Setting next_dagrun for postgres_operator_dag to 2023-01-01 00:00:00+00:00, run_after=2023-01-01 00:00:00+00:00
[2024-12-30T11:57:57.228+0000] {processor.py:208} INFO - Processing /opt/airflow/dags/dag.py took 0.303 seconds
[2024-12-30T11:58:27.488+0000] {processor.py:186} INFO - Started process (PID=115) to work on /opt/airflow/dags/dag.py
[2024-12-30T11:58:27.490+0000] {processor.py:914} INFO - Processing file /opt/airflow/dags/dag.py for tasks to queue
[2024-12-30T11:58:27.499+0000] {logging_mixin.py:190} INFO - [2024-12-30T11:58:27.497+0000] {dagbag.py:588} INFO - Filling up the DagBag from /opt/airflow/dags/dag.py
[2024-12-30T11:58:27.521+0000] {processor.py:925} INFO - DAG(s) 'postgres_operator_dag' retrieved from /opt/airflow/dags/dag.py
[2024-12-30T11:58:27.552+0000] {logging_mixin.py:190} INFO - [2024-12-30T11:58:27.552+0000] {dag.py:3239} INFO - Sync 1 DAGs
[2024-12-30T11:58:27.770+0000] {logging_mixin.py:190} INFO - [2024-12-30T11:58:27.770+0000] {dag.py:4180} INFO - Setting next_dagrun for postgres_operator_dag to 2023-01-01 00:00:00+00:00, run_after=2023-01-01 00:00:00+00:00
[2024-12-30T11:58:27.800+0000] {processor.py:208} INFO - Processing /opt/airflow/dags/dag.py took 0.320 seconds
[2024-12-30T11:58:58.787+0000] {processor.py:186} INFO - Started process (PID=123) to work on /opt/airflow/dags/dag.py
[2024-12-30T11:58:58.788+0000] {processor.py:914} INFO - Processing file /opt/airflow/dags/dag.py for tasks to queue
[2024-12-30T11:58:58.792+0000] {logging_mixin.py:190} INFO - [2024-12-30T11:58:58.791+0000] {dagbag.py:588} INFO - Filling up the DagBag from /opt/airflow/dags/dag.py
[2024-12-30T11:58:58.808+0000] {processor.py:925} INFO - DAG(s) 'postgres_operator_dag' retrieved from /opt/airflow/dags/dag.py
[2024-12-30T11:58:58.969+0000] {logging_mixin.py:190} INFO - [2024-12-30T11:58:58.969+0000] {dag.py:3239} INFO - Sync 1 DAGs
[2024-12-30T11:58:58.979+0000] {logging_mixin.py:190} INFO - [2024-12-30T11:58:58.979+0000] {dag.py:4180} INFO - Setting next_dagrun for postgres_operator_dag to 2023-01-01 00:00:00+00:00, run_after=2023-01-01 00:00:00+00:00
[2024-12-30T11:58:58.986+0000] {processor.py:208} INFO - Processing /opt/airflow/dags/dag.py took 0.207 seconds
[2024-12-30T11:59:29.127+0000] {processor.py:186} INFO - Started process (PID=131) to work on /opt/airflow/dags/dag.py
[2024-12-30T11:59:29.129+0000] {processor.py:914} INFO - Processing file /opt/airflow/dags/dag.py for tasks to queue
[2024-12-30T11:59:29.136+0000] {logging_mixin.py:190} INFO - [2024-12-30T11:59:29.135+0000] {dagbag.py:588} INFO - Filling up the DagBag from /opt/airflow/dags/dag.py
[2024-12-30T11:59:29.158+0000] {processor.py:925} INFO - DAG(s) 'postgres_operator_dag' retrieved from /opt/airflow/dags/dag.py
[2024-12-30T11:59:29.193+0000] {logging_mixin.py:190} INFO - [2024-12-30T11:59:29.193+0000] {dag.py:3239} INFO - Sync 1 DAGs
[2024-12-30T11:59:29.211+0000] {logging_mixin.py:190} INFO - [2024-12-30T11:59:29.211+0000] {dag.py:4180} INFO - Setting next_dagrun for postgres_operator_dag to 2023-01-01 00:00:00+00:00, run_after=2023-01-01 00:00:00+00:00
[2024-12-30T11:59:29.224+0000] {processor.py:208} INFO - Processing /opt/airflow/dags/dag.py took 0.106 seconds
[2024-12-30T11:59:59.512+0000] {processor.py:186} INFO - Started process (PID=139) to work on /opt/airflow/dags/dag.py
[2024-12-30T11:59:59.515+0000] {processor.py:914} INFO - Processing file /opt/airflow/dags/dag.py for tasks to queue
[2024-12-30T11:59:59.519+0000] {logging_mixin.py:190} INFO - [2024-12-30T11:59:59.518+0000] {dagbag.py:588} INFO - Filling up the DagBag from /opt/airflow/dags/dag.py
[2024-12-30T11:59:59.536+0000] {processor.py:925} INFO - DAG(s) 'postgres_operator_dag' retrieved from /opt/airflow/dags/dag.py
[2024-12-30T11:59:59.557+0000] {logging_mixin.py:190} INFO - [2024-12-30T11:59:59.557+0000] {dag.py:3239} INFO - Sync 1 DAGs
[2024-12-30T11:59:59.570+0000] {logging_mixin.py:190} INFO - [2024-12-30T11:59:59.570+0000] {dag.py:4180} INFO - Setting next_dagrun for postgres_operator_dag to 2023-01-01 00:00:00+00:00, run_after=2023-01-01 00:00:00+00:00
[2024-12-30T11:59:59.577+0000] {processor.py:208} INFO - Processing /opt/airflow/dags/dag.py took 0.075 seconds
[2024-12-30T12:00:29.819+0000] {processor.py:186} INFO - Started process (PID=147) to work on /opt/airflow/dags/dag.py
[2024-12-30T12:00:29.822+0000] {processor.py:914} INFO - Processing file /opt/airflow/dags/dag.py for tasks to queue
[2024-12-30T12:00:29.828+0000] {logging_mixin.py:190} INFO - [2024-12-30T12:00:29.827+0000] {dagbag.py:588} INFO - Filling up the DagBag from /opt/airflow/dags/dag.py
[2024-12-30T12:00:29.845+0000] {processor.py:925} INFO - DAG(s) 'postgres_operator_dag' retrieved from /opt/airflow/dags/dag.py
[2024-12-30T12:00:29.868+0000] {logging_mixin.py:190} INFO - [2024-12-30T12:00:29.868+0000] {dag.py:3239} INFO - Sync 1 DAGs
[2024-12-30T12:00:29.880+0000] {logging_mixin.py:190} INFO - [2024-12-30T12:00:29.880+0000] {dag.py:4180} INFO - Setting next_dagrun for postgres_operator_dag to 2023-01-01 00:00:00+00:00, run_after=2023-01-01 00:00:00+00:00
[2024-12-30T12:00:30.017+0000] {processor.py:208} INFO - Processing /opt/airflow/dags/dag.py took 0.210 seconds
[2024-12-30T12:01:00.136+0000] {processor.py:186} INFO - Started process (PID=155) to work on /opt/airflow/dags/dag.py
[2024-12-30T12:01:00.139+0000] {processor.py:914} INFO - Processing file /opt/airflow/dags/dag.py for tasks to queue
[2024-12-30T12:01:00.143+0000] {logging_mixin.py:190} INFO - [2024-12-30T12:01:00.142+0000] {dagbag.py:588} INFO - Filling up the DagBag from /opt/airflow/dags/dag.py
[2024-12-30T12:01:00.158+0000] {processor.py:925} INFO - DAG(s) 'postgres_operator_dag' retrieved from /opt/airflow/dags/dag.py
[2024-12-30T12:01:00.181+0000] {logging_mixin.py:190} INFO - [2024-12-30T12:01:00.181+0000] {dag.py:3239} INFO - Sync 1 DAGs
[2024-12-30T12:01:00.410+0000] {logging_mixin.py:190} INFO - [2024-12-30T12:01:00.410+0000] {dag.py:4180} INFO - Setting next_dagrun for postgres_operator_dag to 2023-01-01 00:00:00+00:00, run_after=2023-01-01 00:00:00+00:00
[2024-12-30T12:01:00.419+0000] {processor.py:208} INFO - Processing /opt/airflow/dags/dag.py took 0.290 seconds
[2024-12-30T12:01:30.461+0000] {processor.py:186} INFO - Started process (PID=163) to work on /opt/airflow/dags/dag.py
[2024-12-30T12:01:30.462+0000] {processor.py:914} INFO - Processing file /opt/airflow/dags/dag.py for tasks to queue
[2024-12-30T12:01:30.466+0000] {logging_mixin.py:190} INFO - [2024-12-30T12:01:30.465+0000] {dagbag.py:588} INFO - Filling up the DagBag from /opt/airflow/dags/dag.py
[2024-12-30T12:01:30.480+0000] {processor.py:925} INFO - DAG(s) 'postgres_operator_dag' retrieved from /opt/airflow/dags/dag.py
[2024-12-30T12:01:30.693+0000] {logging_mixin.py:190} INFO - [2024-12-30T12:01:30.693+0000] {dag.py:3239} INFO - Sync 1 DAGs
[2024-12-30T12:01:30.702+0000] {logging_mixin.py:190} INFO - [2024-12-30T12:01:30.702+0000] {dag.py:4180} INFO - Setting next_dagrun for postgres_operator_dag to 2023-01-01 00:00:00+00:00, run_after=2023-01-01 00:00:00+00:00
[2024-12-30T12:01:30.711+0000] {processor.py:208} INFO - Processing /opt/airflow/dags/dag.py took 0.256 seconds
[2024-12-30T12:02:00.794+0000] {processor.py:186} INFO - Started process (PID=171) to work on /opt/airflow/dags/dag.py
[2024-12-30T12:02:00.796+0000] {processor.py:914} INFO - Processing file /opt/airflow/dags/dag.py for tasks to queue
[2024-12-30T12:02:00.801+0000] {logging_mixin.py:190} INFO - [2024-12-30T12:02:00.800+0000] {dagbag.py:588} INFO - Filling up the DagBag from /opt/airflow/dags/dag.py
[2024-12-30T12:02:00.973+0000] {processor.py:925} INFO - DAG(s) 'postgres_operator_dag' retrieved from /opt/airflow/dags/dag.py
[2024-12-30T12:02:00.986+0000] {logging_mixin.py:190} INFO - [2024-12-30T12:02:00.986+0000] {dag.py:3239} INFO - Sync 1 DAGs
[2024-12-30T12:02:00.994+0000] {logging_mixin.py:190} INFO - [2024-12-30T12:02:00.994+0000] {dag.py:4180} INFO - Setting next_dagrun for postgres_operator_dag to 2023-01-01 00:00:00+00:00, run_after=2023-01-01 00:00:00+00:00
[2024-12-30T12:02:01.000+0000] {processor.py:208} INFO - Processing /opt/airflow/dags/dag.py took 0.216 seconds
[2024-12-30T12:02:31.354+0000] {processor.py:186} INFO - Started process (PID=179) to work on /opt/airflow/dags/dag.py
[2024-12-30T12:02:31.356+0000] {processor.py:914} INFO - Processing file /opt/airflow/dags/dag.py for tasks to queue
[2024-12-30T12:02:31.360+0000] {logging_mixin.py:190} INFO - [2024-12-30T12:02:31.360+0000] {dagbag.py:588} INFO - Filling up the DagBag from /opt/airflow/dags/dag.py
[2024-12-30T12:02:31.376+0000] {processor.py:925} INFO - DAG(s) 'postgres_operator_dag' retrieved from /opt/airflow/dags/dag.py
[2024-12-30T12:02:31.411+0000] {logging_mixin.py:190} INFO - [2024-12-30T12:02:31.410+0000] {dag.py:3239} INFO - Sync 1 DAGs
[2024-12-30T12:02:31.431+0000] {logging_mixin.py:190} INFO - [2024-12-30T12:02:31.431+0000] {dag.py:4180} INFO - Setting next_dagrun for postgres_operator_dag to 2023-01-01 00:00:00+00:00, run_after=2023-01-01 00:00:00+00:00
[2024-12-30T12:02:31.440+0000] {processor.py:208} INFO - Processing /opt/airflow/dags/dag.py took 0.092 seconds
[2024-12-30T12:03:01.654+0000] {processor.py:186} INFO - Started process (PID=187) to work on /opt/airflow/dags/dag.py
[2024-12-30T12:03:01.655+0000] {processor.py:914} INFO - Processing file /opt/airflow/dags/dag.py for tasks to queue
[2024-12-30T12:03:01.659+0000] {logging_mixin.py:190} INFO - [2024-12-30T12:03:01.658+0000] {dagbag.py:588} INFO - Filling up the DagBag from /opt/airflow/dags/dag.py
[2024-12-30T12:03:01.672+0000] {processor.py:925} INFO - DAG(s) 'postgres_operator_dag' retrieved from /opt/airflow/dags/dag.py
[2024-12-30T12:03:01.696+0000] {logging_mixin.py:190} INFO - [2024-12-30T12:03:01.696+0000] {dag.py:3239} INFO - Sync 1 DAGs
[2024-12-30T12:03:01.712+0000] {logging_mixin.py:190} INFO - [2024-12-30T12:03:01.712+0000] {dag.py:4180} INFO - Setting next_dagrun for postgres_operator_dag to 2023-01-01 00:00:00+00:00, run_after=2023-01-01 00:00:00+00:00
[2024-12-30T12:03:01.724+0000] {processor.py:208} INFO - Processing /opt/airflow/dags/dag.py took 0.079 seconds
[2024-12-30T12:03:32.057+0000] {processor.py:186} INFO - Started process (PID=195) to work on /opt/airflow/dags/dag.py
[2024-12-30T12:03:32.060+0000] {processor.py:914} INFO - Processing file /opt/airflow/dags/dag.py for tasks to queue
[2024-12-30T12:03:32.065+0000] {logging_mixin.py:190} INFO - [2024-12-30T12:03:32.065+0000] {dagbag.py:588} INFO - Filling up the DagBag from /opt/airflow/dags/dag.py
[2024-12-30T12:03:32.082+0000] {processor.py:925} INFO - DAG(s) 'postgres_operator_dag' retrieved from /opt/airflow/dags/dag.py
[2024-12-30T12:03:32.105+0000] {logging_mixin.py:190} INFO - [2024-12-30T12:03:32.105+0000] {dag.py:3239} INFO - Sync 1 DAGs
[2024-12-30T12:03:32.120+0000] {logging_mixin.py:190} INFO - [2024-12-30T12:03:32.120+0000] {dag.py:4180} INFO - Setting next_dagrun for postgres_operator_dag to 2023-01-01 00:00:00+00:00, run_after=2023-01-01 00:00:00+00:00
[2024-12-30T12:03:32.127+0000] {processor.py:208} INFO - Processing /opt/airflow/dags/dag.py took 0.078 seconds
[2024-12-30T12:04:02.391+0000] {processor.py:186} INFO - Started process (PID=203) to work on /opt/airflow/dags/dag.py
[2024-12-30T12:04:02.395+0000] {processor.py:914} INFO - Processing file /opt/airflow/dags/dag.py for tasks to queue
[2024-12-30T12:04:02.398+0000] {logging_mixin.py:190} INFO - [2024-12-30T12:04:02.398+0000] {dagbag.py:588} INFO - Filling up the DagBag from /opt/airflow/dags/dag.py
[2024-12-30T12:04:02.414+0000] {processor.py:925} INFO - DAG(s) 'postgres_operator_dag' retrieved from /opt/airflow/dags/dag.py
[2024-12-30T12:04:02.436+0000] {logging_mixin.py:190} INFO - [2024-12-30T12:04:02.436+0000] {dag.py:3239} INFO - Sync 1 DAGs
[2024-12-30T12:04:02.449+0000] {logging_mixin.py:190} INFO - [2024-12-30T12:04:02.449+0000] {dag.py:4180} INFO - Setting next_dagrun for postgres_operator_dag to 2023-01-01 00:00:00+00:00, run_after=2023-01-01 00:00:00+00:00
[2024-12-30T12:04:02.456+0000] {processor.py:208} INFO - Processing /opt/airflow/dags/dag.py took 0.071 seconds
[2024-12-30T12:04:32.730+0000] {processor.py:186} INFO - Started process (PID=211) to work on /opt/airflow/dags/dag.py
[2024-12-30T12:04:32.733+0000] {processor.py:914} INFO - Processing file /opt/airflow/dags/dag.py for tasks to queue
[2024-12-30T12:04:32.738+0000] {logging_mixin.py:190} INFO - [2024-12-30T12:04:32.738+0000] {dagbag.py:588} INFO - Filling up the DagBag from /opt/airflow/dags/dag.py
[2024-12-30T12:04:32.755+0000] {processor.py:925} INFO - DAG(s) 'postgres_operator_dag' retrieved from /opt/airflow/dags/dag.py
[2024-12-30T12:04:32.776+0000] {logging_mixin.py:190} INFO - [2024-12-30T12:04:32.776+0000] {dag.py:3239} INFO - Sync 1 DAGs
[2024-12-30T12:04:32.788+0000] {logging_mixin.py:190} INFO - [2024-12-30T12:04:32.788+0000] {dag.py:4180} INFO - Setting next_dagrun for postgres_operator_dag to 2023-01-01 00:00:00+00:00, run_after=2023-01-01 00:00:00+00:00
[2024-12-30T12:04:32.795+0000] {processor.py:208} INFO - Processing /opt/airflow/dags/dag.py took 0.075 seconds
[2024-12-30T12:05:03.020+0000] {processor.py:186} INFO - Started process (PID=219) to work on /opt/airflow/dags/dag.py
[2024-12-30T12:05:03.021+0000] {processor.py:914} INFO - Processing file /opt/airflow/dags/dag.py for tasks to queue
[2024-12-30T12:05:03.025+0000] {logging_mixin.py:190} INFO - [2024-12-30T12:05:03.024+0000] {dagbag.py:588} INFO - Filling up the DagBag from /opt/airflow/dags/dag.py
[2024-12-30T12:05:03.038+0000] {processor.py:925} INFO - DAG(s) 'postgres_operator_dag' retrieved from /opt/airflow/dags/dag.py
[2024-12-30T12:05:03.058+0000] {logging_mixin.py:190} INFO - [2024-12-30T12:05:03.058+0000] {dag.py:3239} INFO - Sync 1 DAGs
[2024-12-30T12:05:03.070+0000] {logging_mixin.py:190} INFO - [2024-12-30T12:05:03.070+0000] {dag.py:4180} INFO - Setting next_dagrun for postgres_operator_dag to 2023-01-01 00:00:00+00:00, run_after=2023-01-01 00:00:00+00:00
[2024-12-30T12:05:03.077+0000] {processor.py:208} INFO - Processing /opt/airflow/dags/dag.py took 0.067 seconds
