[2024-12-30T11:58:40.613+0000] {processor.py:186} INFO - Started process (PID=116) to work on /opt/airflow/dags/example.py
[2024-12-30T11:58:40.613+0000] {processor.py:914} INFO - Processing file /opt/airflow/dags/example.py for tasks to queue
[2024-12-30T11:58:40.616+0000] {logging_mixin.py:190} INFO - [2024-12-30T11:58:40.616+0000] {dagbag.py:588} INFO - Filling up the DagBag from /opt/airflow/dags/example.py
[2024-12-30T11:58:40.620+0000] {processor.py:927} WARNING - No viable dags retrieved from /opt/airflow/dags/example.py
[2024-12-30T11:58:40.632+0000] {processor.py:208} INFO - Processing /opt/airflow/dags/example.py took 0.025 seconds
[2024-12-30T11:59:10.921+0000] {processor.py:186} INFO - Started process (PID=124) to work on /opt/airflow/dags/example.py
[2024-12-30T11:59:10.923+0000] {processor.py:914} INFO - Processing file /opt/airflow/dags/example.py for tasks to queue
[2024-12-30T11:59:10.927+0000] {logging_mixin.py:190} INFO - [2024-12-30T11:59:10.926+0000] {dagbag.py:588} INFO - Filling up the DagBag from /opt/airflow/dags/example.py
[2024-12-30T11:59:10.931+0000] {processor.py:927} WARNING - No viable dags retrieved from /opt/airflow/dags/example.py
[2024-12-30T11:59:10.952+0000] {processor.py:208} INFO - Processing /opt/airflow/dags/example.py took 0.046 seconds
[2024-12-30T11:59:41.272+0000] {processor.py:186} INFO - Started process (PID=132) to work on /opt/airflow/dags/example.py
[2024-12-30T11:59:41.274+0000] {processor.py:914} INFO - Processing file /opt/airflow/dags/example.py for tasks to queue
[2024-12-30T11:59:41.277+0000] {logging_mixin.py:190} INFO - [2024-12-30T11:59:41.277+0000] {dagbag.py:588} INFO - Filling up the DagBag from /opt/airflow/dags/example.py
[2024-12-30T11:59:41.281+0000] {processor.py:927} WARNING - No viable dags retrieved from /opt/airflow/dags/example.py
[2024-12-30T11:59:41.297+0000] {processor.py:208} INFO - Processing /opt/airflow/dags/example.py took 0.034 seconds
[2024-12-30T12:00:11.624+0000] {processor.py:186} INFO - Started process (PID=140) to work on /opt/airflow/dags/example.py
[2024-12-30T12:00:11.626+0000] {processor.py:914} INFO - Processing file /opt/airflow/dags/example.py for tasks to queue
[2024-12-30T12:00:11.629+0000] {logging_mixin.py:190} INFO - [2024-12-30T12:00:11.629+0000] {dagbag.py:588} INFO - Filling up the DagBag from /opt/airflow/dags/example.py
[2024-12-30T12:00:11.633+0000] {processor.py:927} WARNING - No viable dags retrieved from /opt/airflow/dags/example.py
[2024-12-30T12:00:11.645+0000] {processor.py:208} INFO - Processing /opt/airflow/dags/example.py took 0.029 seconds
[2024-12-30T12:00:41.939+0000] {processor.py:186} INFO - Started process (PID=148) to work on /opt/airflow/dags/example.py
[2024-12-30T12:00:41.942+0000] {processor.py:914} INFO - Processing file /opt/airflow/dags/example.py for tasks to queue
[2024-12-30T12:00:41.945+0000] {logging_mixin.py:190} INFO - [2024-12-30T12:00:41.945+0000] {dagbag.py:588} INFO - Filling up the DagBag from /opt/airflow/dags/example.py
[2024-12-30T12:00:41.950+0000] {processor.py:927} WARNING - No viable dags retrieved from /opt/airflow/dags/example.py
[2024-12-30T12:00:41.964+0000] {processor.py:208} INFO - Processing /opt/airflow/dags/example.py took 0.034 seconds
[2024-12-30T12:01:12.263+0000] {processor.py:186} INFO - Started process (PID=156) to work on /opt/airflow/dags/example.py
[2024-12-30T12:01:12.265+0000] {processor.py:914} INFO - Processing file /opt/airflow/dags/example.py for tasks to queue
[2024-12-30T12:01:12.268+0000] {logging_mixin.py:190} INFO - [2024-12-30T12:01:12.267+0000] {dagbag.py:588} INFO - Filling up the DagBag from /opt/airflow/dags/example.py
[2024-12-30T12:01:12.271+0000] {processor.py:927} WARNING - No viable dags retrieved from /opt/airflow/dags/example.py
[2024-12-30T12:01:12.285+0000] {processor.py:208} INFO - Processing /opt/airflow/dags/example.py took 0.028 seconds
[2024-12-30T12:01:42.600+0000] {processor.py:186} INFO - Started process (PID=164) to work on /opt/airflow/dags/example.py
[2024-12-30T12:01:42.602+0000] {processor.py:914} INFO - Processing file /opt/airflow/dags/example.py for tasks to queue
[2024-12-30T12:01:42.607+0000] {logging_mixin.py:190} INFO - [2024-12-30T12:01:42.606+0000] {dagbag.py:588} INFO - Filling up the DagBag from /opt/airflow/dags/example.py
[2024-12-30T12:01:42.611+0000] {processor.py:927} WARNING - No viable dags retrieved from /opt/airflow/dags/example.py
[2024-12-30T12:01:42.623+0000] {processor.py:208} INFO - Processing /opt/airflow/dags/example.py took 0.036 seconds
[2024-12-30T12:02:13.065+0000] {processor.py:186} INFO - Started process (PID=172) to work on /opt/airflow/dags/example.py
[2024-12-30T12:02:13.067+0000] {processor.py:914} INFO - Processing file /opt/airflow/dags/example.py for tasks to queue
[2024-12-30T12:02:13.068+0000] {logging_mixin.py:190} INFO - [2024-12-30T12:02:13.068+0000] {dagbag.py:588} INFO - Filling up the DagBag from /opt/airflow/dags/example.py
[2024-12-30T12:02:13.070+0000] {processor.py:927} WARNING - No viable dags retrieved from /opt/airflow/dags/example.py
[2024-12-30T12:02:13.083+0000] {processor.py:208} INFO - Processing /opt/airflow/dags/example.py took 0.021 seconds
[2024-12-30T12:02:43.484+0000] {processor.py:186} INFO - Started process (PID=180) to work on /opt/airflow/dags/example.py
[2024-12-30T12:02:43.486+0000] {processor.py:914} INFO - Processing file /opt/airflow/dags/example.py for tasks to queue
[2024-12-30T12:02:43.490+0000] {logging_mixin.py:190} INFO - [2024-12-30T12:02:43.489+0000] {dagbag.py:588} INFO - Filling up the DagBag from /opt/airflow/dags/example.py
[2024-12-30T12:02:43.494+0000] {processor.py:927} WARNING - No viable dags retrieved from /opt/airflow/dags/example.py
[2024-12-30T12:02:43.508+0000] {processor.py:208} INFO - Processing /opt/airflow/dags/example.py took 0.033 seconds
[2024-12-30T12:03:13.831+0000] {processor.py:186} INFO - Started process (PID=188) to work on /opt/airflow/dags/example.py
[2024-12-30T12:03:13.834+0000] {processor.py:914} INFO - Processing file /opt/airflow/dags/example.py for tasks to queue
[2024-12-30T12:03:13.842+0000] {logging_mixin.py:190} INFO - [2024-12-30T12:03:13.841+0000] {dagbag.py:588} INFO - Filling up the DagBag from /opt/airflow/dags/example.py
[2024-12-30T12:03:13.857+0000] {processor.py:927} WARNING - No viable dags retrieved from /opt/airflow/dags/example.py
[2024-12-30T12:03:13.878+0000] {processor.py:208} INFO - Processing /opt/airflow/dags/example.py took 0.065 seconds
[2024-12-30T12:03:44.197+0000] {processor.py:186} INFO - Started process (PID=196) to work on /opt/airflow/dags/example.py
[2024-12-30T12:03:44.198+0000] {processor.py:914} INFO - Processing file /opt/airflow/dags/example.py for tasks to queue
[2024-12-30T12:03:44.200+0000] {logging_mixin.py:190} INFO - [2024-12-30T12:03:44.200+0000] {dagbag.py:588} INFO - Filling up the DagBag from /opt/airflow/dags/example.py
[2024-12-30T12:03:44.205+0000] {processor.py:927} WARNING - No viable dags retrieved from /opt/airflow/dags/example.py
[2024-12-30T12:03:44.214+0000] {processor.py:208} INFO - Processing /opt/airflow/dags/example.py took 0.022 seconds
[2024-12-30T12:04:14.518+0000] {processor.py:186} INFO - Started process (PID=204) to work on /opt/airflow/dags/example.py
[2024-12-30T12:04:14.519+0000] {processor.py:914} INFO - Processing file /opt/airflow/dags/example.py for tasks to queue
[2024-12-30T12:04:14.524+0000] {logging_mixin.py:190} INFO - [2024-12-30T12:04:14.523+0000] {dagbag.py:588} INFO - Filling up the DagBag from /opt/airflow/dags/example.py
[2024-12-30T12:04:14.527+0000] {processor.py:927} WARNING - No viable dags retrieved from /opt/airflow/dags/example.py
[2024-12-30T12:04:14.540+0000] {processor.py:208} INFO - Processing /opt/airflow/dags/example.py took 0.031 seconds
[2024-12-30T12:04:44.847+0000] {processor.py:186} INFO - Started process (PID=218) to work on /opt/airflow/dags/example.py
[2024-12-30T12:04:44.848+0000] {processor.py:914} INFO - Processing file /opt/airflow/dags/example.py for tasks to queue
[2024-12-30T12:04:44.851+0000] {logging_mixin.py:190} INFO - [2024-12-30T12:04:44.851+0000] {dagbag.py:588} INFO - Filling up the DagBag from /opt/airflow/dags/example.py
[2024-12-30T12:04:44.854+0000] {processor.py:927} WARNING - No viable dags retrieved from /opt/airflow/dags/example.py
[2024-12-30T12:04:44.865+0000] {processor.py:208} INFO - Processing /opt/airflow/dags/example.py took 0.024 seconds
